TN:
SF:/Users/markjonathas/Desktop/audits/guardian/pinto fuzzing/Pinto-fuzzing/contracts/C.sol
DA:1,0
DA:15,0
DA:20,0
DA:22,0
DA:25,0
DA:28,0
DA:29,0
DA:34,1
DA:35,0
DA:38,0
DA:39,0
DA:42,0
DA:47,0
DA:49,0
DA:52,0
DA:56,0
DA:58,0
DA:60,0
DA:62,0
DA:63,0
DA:70,0
DA:71,0
end_of_record

SF:/Users/markjonathas/Desktop/audits/guardian/pinto fuzzing/Pinto-fuzzing/contracts/beanstalk/Diamond.sol
DA:18,72
DA:23,31
DA:24,9
DA:25,8
DA:26,23
DA:27,23
DA:34,1
DA:35,3
DA:37,3
DA:39,40
DA:40,10
DA:42,4
DA:43,7
DA:44,4
DA:45,1
DA:46,6
DA:47,3
DA:50,3
end_of_record

SF:/Users/markjonathas/Desktop/audits/guardian/pinto fuzzing/Pinto-fuzzing/contracts/beanstalk/Invariable.sol
DA:32,0
DA:33,42
DA:34,0
DA:35,0
DA:36,0
DA:37,0
DA:38,0
DA:39,0
DA:40,0
DA:41,0
DA:50,0
DA:51,42
DA:52,28
DA:53,8
DA:54,0
DA:56,0
DA:58,0
DA:59,0
DA:62,0
DA:63,0
DA:64,0
DA:74,0
DA:75,21
DA:76,14
DA:77,4
DA:78,0
DA:80,0
DA:82,0
DA:83,0
DA:86,0
DA:87,0
DA:88,0
DA:98,0
DA:99,21
DA:100,4
DA:101,0
DA:102,0
DA:103,0
DA:105,0
DA:106,0
DA:107,0
DA:109,0
DA:110,0
DA:120,0
DA:121,42
DA:123,158
DA:125,0
DA:126,0
DA:127,0
DA:136,0
DA:137,0
DA:138,0
DA:140,0
DA:141,0
DA:142,0
DA:150,2
DA:151,7
DA:152,4
DA:153,0
DA:154,0
DA:156,0
DA:157,0
DA:160,0
DA:161,0
DA:168,0
DA:170,0
DA:171,0
DA:172,0
DA:173,0
DA:181,0
DA:183,0
DA:184,0
DA:185,0
DA:186,0
DA:188,0
DA:189,0
DA:190,0
DA:191,0
DA:192,0
DA:193,0
DA:194,0
DA:195,0
DA:196,0
DA:198,0
DA:201,0
DA:202,0
DA:204,0
end_of_record

SF:/Users/markjonathas/Desktop/audits/guardian/pinto fuzzing/Pinto-fuzzing/contracts/beanstalk/ReentrancyGuard.sol
DA:28,0
DA:29,0
DA:31,0
DA:32,0
DA:33,0
DA:41,0
DA:42,0
DA:44,0
DA:45,0
DA:46,0
DA:47,0
DA:48,0
end_of_record

SF:/Users/markjonathas/Desktop/audits/guardian/pinto fuzzing/Pinto-fuzzing/contracts/beanstalk/facets/diamond/DiamondCutFacet.sol
DA:15,41
DA:22,26
DA:27,4
DA:28,74
end_of_record

SF:/Users/markjonathas/Desktop/audits/guardian/pinto fuzzing/Pinto-fuzzing/contracts/beanstalk/facets/diamond/DiamondLoupeFacet.sol
DA:15,17
DA:27,0
DA:28,0
DA:29,0
DA:30,0
DA:31,0
DA:32,0
DA:33,0
DA:34,0
DA:35,0
DA:43,0
DA:45,0
DA:46,0
DA:47,0
DA:52,0
DA:53,0
DA:54,0
DA:61,0
DA:63,0
DA:64,0
DA:65,0
DA:69,0
DA:70,0
DA:71,0
end_of_record

SF:/Users/markjonathas/Desktop/audits/guardian/pinto fuzzing/Pinto-fuzzing/contracts/beanstalk/facets/diamond/OwnershipFacet.sol
DA:8,17
DA:11,0
DA:12,0
DA:13,0
DA:16,0
DA:17,0
DA:18,0
DA:19,0
DA:22,0
DA:23,0
DA:26,0
DA:27,0
end_of_record

SF:/Users/markjonathas/Desktop/audits/guardian/pinto fuzzing/Pinto-fuzzing/contracts/beanstalk/facets/diamond/PauseFacet.sol
DA:14,17
DA:26,0
DA:27,0
DA:28,0
DA:29,0
DA:30,0
DA:31,0
DA:34,0
DA:35,0
DA:36,0
DA:37,0
DA:38,0
DA:39,0
DA:40,0
DA:41,0
end_of_record

SF:/Users/markjonathas/Desktop/audits/guardian/pinto fuzzing/Pinto-fuzzing/contracts/beanstalk/facets/farm/DepotFacet.sol
DA:20,17
DA:26,0
DA:28,0
DA:29,0
DA:38,0
DA:40,0
DA:41,0
DA:49,0
DA:52,0
DA:53,0
DA:54,0
DA:63,0
DA:66,0
DA:67,0
DA:68,0
DA:76,0
DA:77,0
DA:79,0
DA:80,0
end_of_record

SF:/Users/markjonathas/Desktop/audits/guardian/pinto fuzzing/Pinto-fuzzing/contracts/beanstalk/facets/farm/FarmFacet.sol
DA:21,17
DA:27,0
DA:29,0
DA:30,0
DA:31,0
DA:32,0
DA:34,0
DA:43,0
DA:45,0
DA:46,0
DA:47,0
DA:48,0
DA:50,0
end_of_record

SF:/Users/markjonathas/Desktop/audits/guardian/pinto fuzzing/Pinto-fuzzing/contracts/beanstalk/facets/farm/TokenFacet.sol
DA:23,17
DA:45,0
DA:51,0
DA:52,0
DA:59,0
DA:65,0
DA:66,0
DA:67,0
DA:68,0
DA:69,0
DA:70,0
DA:71,0
DA:72,0
DA:75,0
DA:76,0
DA:86,0
DA:91,0
DA:97,0
DA:101,0
DA:102,0
DA:103,0
DA:104,0
DA:105,0
DA:106,0
DA:108,0
DA:114,0
DA:118,0
DA:119,0
DA:120,0
DA:121,0
DA:122,0
DA:123,0
DA:124,0
DA:125,0
DA:127,0
DA:133,0
DA:137,0
DA:138,0
DA:149,0
DA:155,0
DA:156,0
DA:165,0
DA:171,0
DA:172,0
DA:180,0
DA:184,0
DA:185,0
DA:191,0
DA:195,0
DA:203,0
DA:206,0
DA:207,0
DA:213,0
DA:216,0
DA:217,0
DA:218,0
DA:219,0
DA:228,0
DA:231,0
DA:232,0
DA:238,0
DA:241,0
DA:242,0
DA:243,0
DA:244,0
DA:252,0
DA:253,0
DA:260,0
DA:263,0
DA:264,0
DA:265,0
DA:266,0
DA:274,0
DA:275,0
DA:276,0
DA:277,0
DA:284,0
DA:287,0
DA:288,0
DA:289,0
DA:290,0
end_of_record

SF:/Users/markjonathas/Desktop/audits/guardian/pinto fuzzing/Pinto-fuzzing/contracts/beanstalk/facets/farm/TokenSupportFacet.sol
DA:19,17
DA:30,0
DA:35,0
DA:48,0
DA:54,0
DA:61,0
DA:67,0
end_of_record

SF:/Users/markjonathas/Desktop/audits/guardian/pinto fuzzing/Pinto-fuzzing/contracts/beanstalk/facets/farm/TractorFacet.sol
DA:22,17
DA:49,0
DA:50,0
DA:51,0
DA:52,0
DA:53,0
DA:54,0
DA:60,0
DA:61,0
DA:62,0
DA:63,0
DA:64,0
DA:65,0
DA:69,0
DA:70,0
DA:71,0
DA:72,0
DA:73,0
DA:74,0
DA:77,0
DA:78,0
DA:80,0
DA:81,0
DA:82,0
DA:83,0
DA:84,0
DA:85,0
DA:86,0
DA:94,0
DA:97,0
DA:98,0
DA:105,0
DA:106,0
DA:112,0
DA:114,0
DA:115,0
DA:116,0
DA:117,0
DA:120,0
DA:126,0
DA:128,0
DA:129,0
DA:130,0
DA:131,0
DA:137,0
DA:145,0
DA:146,0
DA:147,0
DA:148,0
DA:149,0
DA:152,0
DA:155,0
DA:159,0
DA:160,0
DA:165,0
DA:166,0
DA:167,0
DA:168,0
DA:170,0
DA:171,0
DA:172,0
DA:173,0
DA:177,0
DA:178,0
DA:179,0
DA:180,0
DA:184,0
DA:187,0
DA:206,0
DA:211,0
DA:212,0
DA:213,0
DA:214,0
DA:215,0
DA:216,0
DA:217,0
DA:226,0
DA:227,0
DA:235,0
DA:236,0
DA:237,0
DA:238,0
DA:239,0
DA:247,0
DA:251,0
DA:252,0
DA:253,0
DA:254,0
DA:255,0
DA:256,0
DA:258,0
DA:259,0
DA:260,0
DA:261,0
DA:268,0
DA:269,0
DA:276,0
DA:278,0
DA:279,0
DA:286,0
DA:287,0
DA:294,0
DA:295,0
DA:298,0
DA:299,0
end_of_record

SF:/Users/markjonathas/Desktop/audits/guardian/pinto fuzzing/Pinto-fuzzing/contracts/beanstalk/facets/field/FieldFacet.sol
DA:28,82
DA:80,0
DA:89,0
DA:91,0
DA:93,0
DA:105,0
DA:115,0
DA:117,0
DA:119,0
DA:138,0
DA:147,0
DA:149,0
DA:151,0
DA:152,0
DA:159,0
DA:162,0
DA:163,0
DA:166,0
DA:167,0
DA:168,0
DA:170,0
DA:171,0
DA:178,0
DA:182,0
DA:184,0
DA:185,0
DA:190,0
DA:192,0
DA:194,0
DA:195,0
DA:198,0
DA:199,0
DA:203,0
DA:204,0
DA:205,0
DA:206,0
DA:207,0
DA:208,0
DA:217,12
DA:218,0
DA:219,0
DA:220,0
DA:221,0
DA:228,25
DA:232,0
DA:233,0
DA:234,0
DA:237,0
DA:238,0
DA:239,0
DA:240,0
DA:242,0
DA:251,0
DA:252,0
DA:259,0
DA:260,0
DA:268,0
DA:269,0
DA:276,0
DA:277,0
DA:287,0
DA:288,0
DA:294,0
DA:295,0
DA:296,0
DA:303,0
DA:304,0
DA:310,0
DA:311,0
DA:317,0
DA:318,0
DA:325,0
DA:326,0
DA:334,0
DA:335,0
DA:338,0
DA:339,0
DA:342,0
DA:343,0
DA:354,0
DA:356,0
DA:357,0
DA:361,0
DA:362,0
DA:363,0
DA:364,0
DA:365,0
DA:369,0
DA:370,0
DA:379,0
DA:380,0
DA:387,0
DA:388,0
DA:396,0
DA:397,0
DA:403,0
DA:406,0
DA:407,0
DA:413,0
DA:416,0
DA:417,0
DA:418,0
DA:419,0
DA:420,0
DA:421,0
DA:422,0
DA:429,0
DA:430,0
DA:431,0
DA:432,0
end_of_record

SF:/Users/markjonathas/Desktop/audits/guardian/pinto fuzzing/Pinto-fuzzing/contracts/beanstalk/facets/market/MarketplaceFacet.sol
DA:17,17
DA:22,0
DA:25,0
DA:26,0
DA:30,0
DA:34,0
DA:35,0
DA:36,0
DA:37,0
DA:38,0
DA:39,0
DA:40,0
DA:41,0
DA:43,0
DA:47,0
DA:51,0
DA:54,0
DA:55,0
DA:63,0
DA:67,0
DA:68,0
DA:69,0
DA:70,0
DA:71,0
DA:72,0
DA:73,0
DA:75,0
DA:79,0
DA:85,0
DA:86,0
DA:90,0
DA:93,0
DA:94,0
DA:95,0
DA:100,0
DA:101,0
DA:104,0
DA:105,0
DA:115,0
DA:122,0
DA:123,0
DA:124,0
DA:127,0
DA:128,0
DA:129,0
DA:130,0
DA:132,0
DA:135,0
DA:136,0
DA:138,0
DA:144,0
DA:151,0
DA:152,0
DA:153,0
DA:156,0
DA:157,0
DA:160,0
DA:163,0
DA:164,0
DA:165,0
DA:167,0
DA:175,0
DA:182,0
DA:183,0
DA:184,0
DA:185,0
DA:186,0
DA:188,0
DA:189,0
DA:196,0
DA:202,0
DA:203,0
DA:204,0
DA:205,0
DA:206,0
DA:212,0
DA:217,0
DA:218,0
DA:219,0
end_of_record

SF:/Users/markjonathas/Desktop/audits/guardian/pinto fuzzing/Pinto-fuzzing/contracts/beanstalk/facets/market/abstract/Listing.sol
DA:50,0
DA:51,0
DA:52,0
DA:55,0
DA:56,0
DA:57,0
DA:60,0
DA:61,0
DA:62,0
DA:65,0
DA:66,0
DA:70,0
DA:71,0
DA:73,0
DA:75,0
DA:76,0
DA:77,0
DA:78,0
DA:79,0
DA:80,0
DA:81,0
DA:82,0
DA:83,0
DA:84,0
DA:92,0
DA:96,0
DA:97,0
DA:98,0
DA:101,0
DA:102,0
DA:104,0
DA:105,0
DA:106,0
DA:109,0
DA:110,0
DA:114,0
DA:115,0
DA:116,0
DA:121,0
DA:122,0
DA:125,0
DA:126,0
DA:131,0
DA:133,0
DA:134,0
DA:135,0
DA:136,0
DA:137,0
DA:138,0
DA:139,0
DA:140,0
DA:141,0
DA:142,0
DA:143,0
DA:144,0
DA:145,0
DA:150,0
DA:151,0
DA:152,0
DA:153,0
DA:154,0
DA:155,0
DA:156,0
DA:157,0
DA:160,0
DA:161,0
DA:162,0
DA:163,0
DA:164,0
DA:165,0
DA:166,0
DA:174,0
DA:175,0
DA:176,0
DA:177,0
DA:178,0
DA:179,0
DA:180,0
DA:181,0
DA:182,0
DA:183,0
DA:184,0
DA:185,0
DA:186,0
end_of_record

SF:/Users/markjonathas/Desktop/audits/guardian/pinto fuzzing/Pinto-fuzzing/contracts/beanstalk/facets/market/abstract/Order.sol
DA:47,0
DA:50,0
DA:51,0
DA:52,0
DA:53,0
DA:54,0
DA:58,0
DA:60,0
DA:61,0
DA:62,0
DA:64,0
DA:65,0
DA:66,0
DA:67,0
DA:68,0
DA:69,0
DA:70,0
DA:71,0
DA:80,0
DA:87,0
DA:88,0
DA:89,0
DA:92,0
DA:93,0
DA:96,0
DA:97,0
DA:98,0
DA:102,0
DA:104,0
DA:105,0
DA:106,0
DA:107,0
DA:109,0
DA:111,0
DA:112,0
DA:115,0
DA:117,0
DA:118,0
DA:121,0
DA:122,0
DA:123,0
DA:124,0
DA:125,0
DA:126,0
DA:127,0
DA:128,0
DA:129,0
DA:136,0
DA:137,0
DA:138,0
DA:139,0
DA:140,0
DA:141,0
DA:142,0
DA:149,0
DA:150,0
DA:151,0
DA:152,0
DA:153,0
DA:154,0
DA:155,0
DA:156,0
DA:157,0
end_of_record

SF:/Users/markjonathas/Desktop/audits/guardian/pinto fuzzing/Pinto-fuzzing/contracts/beanstalk/facets/market/abstract/PodTransfer.sol
DA:31,0
DA:35,0
DA:36,0
DA:43,0
DA:51,0
DA:52,0
DA:53,0
DA:54,0
DA:55,0
DA:58,0
DA:59,0
DA:60,0
DA:61,0
DA:62,0
DA:63,0
DA:66,0
DA:72,0
DA:73,0
DA:75,0
DA:76,0
DA:78,0
DA:79,0
DA:82,0
DA:83,0
DA:84,0
DA:85,0
DA:86,0
DA:87,0
DA:88,0
DA:92,0
DA:97,0
DA:98,0
DA:99,0
DA:100,0
DA:102,0
DA:105,0
DA:111,0
end_of_record

SF:/Users/markjonathas/Desktop/audits/guardian/pinto fuzzing/Pinto-fuzzing/contracts/beanstalk/facets/metadata/MetadataFacet.sol
DA:21,17
DA:34,0
DA:35,0
DA:36,0
DA:42,0
DA:43,0
DA:46,0
DA:48,0
DA:50,0
DA:52,0
DA:54,0
DA:56,0
DA:58,0
DA:60,0
DA:62,0
DA:64,0
DA:66,0
DA:67,0
DA:71,0
DA:72,0
DA:80,0
DA:81,0
DA:84,0
DA:85,0
end_of_record

SF:/Users/markjonathas/Desktop/audits/guardian/pinto fuzzing/Pinto-fuzzing/contracts/beanstalk/facets/metadata/abstract/MetadataImage.sol
DA:31,0
DA:32,0
DA:34,0
DA:36,0
DA:41,0
DA:43,0
DA:46,0
DA:49,0
DA:50,0
DA:52,0
DA:53,0
DA:55,0
DA:59,0
DA:61,0
DA:63,0
DA:65,0
DA:67,0
DA:73,0
DA:77,0
DA:78,0
DA:79,0
DA:80,0
DA:81,0
DA:83,0
DA:86,0
DA:87,0
end_of_record

SF:/Users/markjonathas/Desktop/audits/guardian/pinto fuzzing/Pinto-fuzzing/contracts/beanstalk/facets/silo/ApprovalFacet.sol
DA:20,17
DA:36,0
DA:41,0
DA:42,0
DA:43,0
DA:53,0
DA:57,0
DA:58,0
DA:59,0
DA:60,0
DA:61,0
DA:62,0
DA:64,0
DA:74,0
DA:78,0
DA:79,0
DA:80,0
DA:81,0
DA:82,0
DA:83,0
DA:84,0
DA:85,0
DA:87,0
DA:96,0
DA:100,0
DA:101,0
DA:105,0
DA:109,0
DA:110,0
DA:113,0
DA:114,0
end_of_record

SF:/Users/markjonathas/Desktop/audits/guardian/pinto fuzzing/Pinto-fuzzing/contracts/beanstalk/facets/silo/BDVFacet.sol
DA:14,17
DA:20,0
DA:21,0
DA:30,0
DA:31,0
end_of_record

SF:/Users/markjonathas/Desktop/audits/guardian/pinto fuzzing/Pinto-fuzzing/contracts/beanstalk/facets/silo/ClaimFacet.sol
DA:25,17
DA:67,0
DA:75,0
DA:77,0
DA:79,0
DA:80,0
DA:83,0
DA:91,0
DA:92,0
DA:93,0
DA:94,0
DA:95,0
DA:96,0
DA:97,0
DA:108,0
DA:112,0
DA:113,0
DA:114,0
DA:115,0
DA:116,0
DA:117,0
DA:118,0
DA:121,0
DA:123,0
DA:133,0
DA:137,0
DA:141,0
DA:145,0
DA:146,0
DA:151,0
DA:153,0
DA:154,0
DA:155,0
DA:156,0
DA:161,0
DA:165,0
DA:166,0
DA:167,0
DA:173,0
DA:175,0
DA:176,0
DA:177,0
DA:178,0
DA:179,0
DA:199,0
DA:206,0
DA:208,0
DA:220,0
DA:224,0
DA:225,0
DA:228,0
DA:235,0
DA:236,0
DA:237,0
DA:241,0
DA:244,0
DA:245,0
DA:246,0
DA:247,0
DA:248,0
DA:249,0
DA:250,0
DA:259,0
DA:260,0
DA:261,0
DA:266,0
DA:267,0
DA:269,0
end_of_record

SF:/Users/markjonathas/Desktop/audits/guardian/pinto fuzzing/Pinto-fuzzing/contracts/beanstalk/facets/silo/ConvertFacet.sol
DA:24,17
DA:54,0
DA:64,0
DA:65,0
DA:67,0
DA:68,0
DA:71,0
DA:75,0
DA:76,0
DA:79,0
DA:80,0
DA:81,0
DA:86,0
DA:88,0
DA:91,0
DA:94,0
DA:95,0
DA:96,0
DA:97,0
DA:98,0
DA:99,0
DA:100,0
DA:104,0
DA:105,0
DA:106,0
DA:107,0
DA:108,0
DA:109,0
DA:113,0
DA:116,0
DA:121,0
DA:122,0
DA:123,0
DA:124,0
DA:125,0
DA:129,0
DA:130,0
DA:131,0
DA:132,0
DA:133,0
DA:134,0
DA:136,0
DA:139,0
DA:140,0
DA:141,0
DA:142,0
DA:143,0
DA:144,0
DA:145,0
DA:148,0
DA:149,0
DA:151,0
end_of_record

SF:/Users/markjonathas/Desktop/audits/guardian/pinto fuzzing/Pinto-fuzzing/contracts/beanstalk/facets/silo/ConvertGettersFacet.sol
DA:16,17
DA:22,0
DA:25,0
DA:26,0
DA:32,0
DA:36,0
DA:37,0
DA:40,0
DA:41,0
DA:47,0
DA:48,0
DA:54,0
DA:58,0
DA:59,0
DA:67,0
DA:68,0
DA:78,0
DA:82,0
DA:83,0
DA:90,0
DA:91,0
DA:92,0
DA:93,0
DA:95,0
DA:97,0
DA:98,0
DA:99,0
DA:100,0
DA:108,0
DA:109,0
DA:110,0
DA:111,0
DA:112,0
DA:120,0
DA:130,0
DA:131,0
DA:132,0
DA:133,0
DA:136,0
DA:137,0
DA:138,0
DA:139,0
DA:140,0
DA:141,0
DA:142,0
DA:153,0
DA:157,0
DA:158,0
end_of_record

SF:/Users/markjonathas/Desktop/audits/guardian/pinto fuzzing/Pinto-fuzzing/contracts/beanstalk/facets/silo/PipelineConvertFacet.sol
DA:28,17
DA:58,0
DA:69,0
DA:70,0
DA:72,0
DA:73,0
DA:76,0
DA:77,0
DA:82,0
DA:83,0
DA:86,0
DA:87,0
DA:91,0
DA:92,0
DA:93,0
DA:94,0
DA:95,0
DA:96,0
DA:97,0
DA:98,0
DA:101,0
DA:102,0
DA:103,0
DA:104,0
DA:105,0
DA:106,0
DA:107,0
DA:110,0
DA:111,0
DA:112,0
DA:113,0
DA:114,0
DA:115,0
DA:117,0
DA:120,0
DA:121,0
DA:122,0
DA:123,0
DA:124,0
DA:125,0
DA:126,0
DA:129,0
end_of_record

SF:/Users/markjonathas/Desktop/audits/guardian/pinto fuzzing/Pinto-fuzzing/contracts/beanstalk/facets/silo/SiloFacet.sol
DA:28,64
DA:49,18
DA:60,0
DA:61,3
DA:63,0
DA:64,0
DA:89,18
DA:94,1
DA:95,0
DA:96,0
DA:113,0
DA:118,0
DA:119,0
DA:120,0
DA:140,0
DA:146,0
DA:147,0
DA:166,18
DA:179,1
DA:180,0
DA:181,0
DA:182,0
DA:183,0
DA:184,0
DA:186,0
DA:190,0
DA:191,0
DA:194,0
DA:196,0
DA:197,0
DA:211,0
DA:217,0
DA:218,0
DA:220,0
DA:221,0
DA:223,0
DA:237,0
DA:243,0
DA:244,0
DA:245,0
DA:248,0
DA:250,0
DA:251,0
DA:252,0
DA:253,0
DA:254,0
DA:268,0
DA:272,0
DA:274,0
DA:277,0
DA:278,0
DA:281,0
DA:282,0
DA:284,0
DA:288,0
DA:289,0
DA:292,0
DA:293,0
DA:294,0
DA:295,0
DA:296,0
DA:299,0
DA:303,0
end_of_record

SF:/Users/markjonathas/Desktop/audits/guardian/pinto fuzzing/Pinto-fuzzing/contracts/beanstalk/facets/silo/SiloGettersFacet.sol
DA:24,81
DA:63,0
DA:64,0
DA:75,0
DA:79,0
DA:80,0
DA:87,0
DA:88,0
DA:95,0
DA:96,0
DA:97,0
DA:98,0
DA:99,0
DA:107,0
DA:108,0
DA:115,0
DA:116,0
DA:117,0
DA:118,0
DA:119,0
DA:126,0
DA:127,0
DA:133,0
DA:134,0
DA:147,0
DA:148,0
DA:158,0
DA:159,0
DA:165,0
DA:168,0
DA:169,0
DA:170,0
DA:171,0
DA:172,0
DA:174,0
DA:180,0
DA:181,0
DA:187,0
DA:189,0
DA:190,0
DA:196,0
DA:197,0
DA:203,0
DA:206,0
DA:207,0
DA:208,0
DA:209,0
DA:218,0
DA:219,0
DA:227,0
DA:228,0
DA:234,0
DA:236,0
DA:237,0
DA:238,0
DA:239,0
DA:246,0
DA:247,0
DA:253,0
DA:254,0
DA:260,0
DA:261,0
DA:262,0
DA:263,0
DA:275,0
DA:278,0
DA:280,0
DA:281,0
DA:282,0
DA:289,0
DA:290,0
DA:291,0
DA:292,0
DA:298,0
DA:299,0
DA:300,0
DA:301,0
DA:307,0
DA:308,0
DA:309,0
DA:310,0
DA:317,0
DA:318,0
DA:319,0
DA:320,0
DA:327,0
DA:329,0
DA:330,0
DA:331,0
DA:332,0
DA:333,0
DA:340,0
DA:341,0
DA:350,0
DA:351,0
DA:365,0
DA:366,0
DA:367,0
DA:368,0
DA:369,0
DA:371,0
DA:379,0
DA:380,0
DA:390,0
DA:392,0
DA:395,0
DA:396,0
DA:398,0
DA:399,0
DA:400,0
DA:419,0
DA:420,0
DA:421,0
DA:422,0
DA:423,0
DA:425,0
DA:435,0
DA:436,0
DA:437,0
DA:438,0
DA:439,0
DA:440,0
DA:447,0
DA:450,0
DA:451,0
DA:452,0
DA:453,0
DA:464,0
DA:468,0
DA:469,0
DA:476,0
DA:477,0
DA:479,0
DA:480,0
DA:481,0
DA:483,0
DA:484,0
DA:485,0
DA:494,0
DA:495,0
DA:498,0
DA:499,0
DA:500,0
DA:501,0
DA:509,0
DA:511,0
DA:512,0
DA:513,0
DA:514,0
DA:521,0
DA:524,0
DA:525,0
DA:531,0
DA:534,0
DA:535,0
DA:543,0
DA:546,0
DA:547,0
DA:553,0
DA:556,0
DA:557,0
DA:558,0
DA:559,0
DA:569,0
DA:570,0
DA:577,0
DA:578,0
DA:585,0
DA:586,0
DA:593,0
DA:595,0
DA:596,0
DA:597,0
DA:598,0
DA:599,0
DA:600,0
DA:601,0
DA:602,0
DA:603,0
DA:604,0
DA:608,0
DA:609,0
DA:625,0
DA:626,0
DA:632,0
DA:633,0
DA:634,0
DA:635,0
DA:636,0
DA:640,0
DA:644,0
DA:645,0
DA:646,0
DA:647,0
DA:648,0
DA:657,0
DA:658,0
DA:659,0
DA:662,0
DA:663,0
DA:669,0
DA:671,0
DA:672,0
DA:673,0
DA:674,0
DA:678,0
DA:680,0
DA:681,0
DA:682,0
DA:683,0
DA:700,0
DA:702,0
DA:703,0
DA:704,0
DA:705,0
DA:706,0
DA:714,0
DA:717,0
DA:718,0
DA:719,0
DA:720,0
DA:727,0
DA:730,0
DA:731,0
DA:732,0
DA:733,0
DA:734,0
DA:735,0
DA:736,0
DA:737,0
DA:744,0
DA:747,0
DA:748,0
DA:751,0
DA:755,0
DA:756,0
DA:759,0
DA:760,0
DA:763,18
DA:765,2
DA:766,4
end_of_record

SF:/Users/markjonathas/Desktop/audits/guardian/pinto fuzzing/Pinto-fuzzing/contracts/beanstalk/facets/silo/WhitelistFacet.sol
DA:21,59
DA:31,0
DA:34,0
DA:35,0
DA:67,0
DA:79,0
DA:80,0
DA:81,0
DA:82,0
DA:83,0
DA:84,0
DA:85,0
DA:86,0
DA:87,0
DA:88,0
DA:89,0
DA:90,0
DA:100,0
DA:104,0
DA:105,0
DA:114,0
DA:120,0
DA:121,0
DA:122,0
DA:123,0
DA:124,0
DA:125,0
DA:132,23
DA:136,4
DA:137,6
DA:143,0
DA:147,0
DA:148,0
DA:154,0
DA:158,0
DA:159,0
DA:162,0
DA:165,0
DA:166,0
DA:167,0
DA:170,0
DA:172,0
DA:173,0
DA:176,0
DA:178,0
DA:179,0
DA:182,0
DA:184,0
DA:185,0
end_of_record

SF:/Users/markjonathas/Desktop/audits/guardian/pinto fuzzing/Pinto-fuzzing/contracts/beanstalk/facets/silo/abstract/TokenSilo.sol
DA:46,0
DA:47,0
DA:64,0
DA:68,0
DA:69,0
DA:70,0
DA:71,0
DA:72,0
DA:73,0
DA:74,0
DA:76,0
DA:92,0
DA:94,0
DA:95,0
DA:96,0
DA:97,0
DA:98,0
DA:99,0
DA:100,0
DA:101,0
DA:102,0
DA:103,0
DA:104,0
DA:106,0
DA:108,0
DA:109,0
DA:110,0
DA:111,0
DA:112,0
DA:113,0
DA:118,0
DA:120,0
DA:121,0
DA:136,0
DA:141,0
DA:142,0
DA:144,0
DA:145,0
DA:146,0
DA:147,0
DA:148,0
DA:152,0
DA:153,0
DA:157,0
DA:158,0
DA:159,0
DA:160,0
DA:161,0
DA:162,0
DA:163,0
DA:164,0
DA:169,0
DA:170,0
DA:171,0
DA:172,0
DA:173,0
DA:174,0
DA:175,0
DA:176,0
DA:180,0
DA:181,0
DA:186,0
DA:192,0
DA:200,0
DA:202,0
DA:209,0
DA:218,0
DA:219,0
DA:231,0
DA:237,0
DA:238,0
DA:239,0
DA:241,0
DA:243,0
DA:245,0
DA:247,0
DA:248,0
DA:249,0
DA:250,0
DA:251,0
DA:253,0
DA:254,0
DA:255,0
DA:256,0
DA:257,0
DA:258,0
DA:259,0
DA:262,0
DA:263,0
DA:265,0
DA:266,0
DA:267,0
DA:277,0
DA:278,0
DA:279,0
DA:280,0
DA:281,0
DA:282,0
DA:285,0
DA:295,0
DA:301,0
DA:302,0
DA:304,0
DA:305,0
DA:306,0
DA:309,0
DA:312,0
DA:313,0
DA:314,0
DA:315,0
DA:316,0
DA:317,0
DA:318,0
DA:320,0
DA:321,0
DA:322,0
DA:323,0
DA:324,0
DA:325,0
DA:326,0
DA:328,0
DA:329,0
DA:330,0
DA:331,0
DA:336,0
DA:337,0
DA:338,0
DA:339,0
DA:341,0
DA:342,0
DA:343,0
DA:345,0
DA:346,0
DA:349,0
DA:350,0
DA:354,0
DA:362,0
DA:363,0
DA:364,0
DA:365,0
DA:366,0
DA:367,0
DA:370,0
DA:372,0
end_of_record

SF:/Users/markjonathas/Desktop/audits/guardian/pinto fuzzing/Pinto-fuzzing/contracts/beanstalk/facets/silo/abstract/WhitelistedTokens.sol
DA:19,0
DA:20,0
DA:26,0
DA:27,0
DA:33,0
DA:34,0
DA:40,0
DA:41,0
DA:47,0
DA:50,0
DA:52,0
DA:58,0
DA:60,0
DA:61,0
end_of_record

SF:/Users/markjonathas/Desktop/audits/guardian/pinto fuzzing/Pinto-fuzzing/contracts/beanstalk/facets/sun/GaugeFacet.sol
DA:47,17
DA:48,0
DA:53,0
DA:57,0
DA:58,0
DA:59,0
DA:62,0
DA:63,0
DA:67,0
DA:68,0
DA:71,0
DA:72,0
DA:73,0
DA:74,0
DA:75,0
DA:76,0
DA:79,0
DA:81,0
DA:82,0
DA:83,0
DA:84,0
DA:85,0
DA:86,0
DA:87,0
DA:90,0
DA:93,0
DA:94,0
DA:99,0
DA:100,0
DA:101,0
DA:102,0
DA:103,0
DA:104,0
DA:105,0
DA:106,0
DA:109,0
DA:124,0
DA:128,0
DA:129,0
DA:130,0
DA:131,0
DA:135,0
DA:136,0
DA:139,0
DA:140,0
DA:141,0
DA:142,0
DA:143,0
DA:144,0
DA:145,0
DA:150,0
DA:151,0
DA:155,0
DA:156,0
DA:158,0
DA:159,0
DA:161,0
DA:162,0
DA:182,0
DA:183,0
DA:186,0
DA:187,0
DA:190,0
DA:191,0
end_of_record

SF:/Users/markjonathas/Desktop/audits/guardian/pinto fuzzing/Pinto-fuzzing/contracts/beanstalk/facets/sun/GaugeGettersFacet.sol
DA:21,17
DA:32,0
DA:33,0
DA:41,0
DA:42,0
DA:48,0
DA:49,0
DA:57,0
DA:58,0
DA:65,0
DA:66,0
DA:73,0
DA:74,0
DA:81,0
DA:82,0
DA:83,0
DA:85,0
DA:93,0
DA:94,0
DA:95,0
DA:96,0
DA:98,0
DA:99,0
DA:101,0
DA:108,0
DA:109,0
DA:110,0
DA:111,0
DA:112,0
DA:113,0
DA:115,0
DA:121,0
DA:122,0
DA:123,0
DA:129,0
DA:130,0
DA:131,0
DA:132,0
DA:133,0
DA:135,0
DA:136,0
DA:137,0
DA:144,0
DA:145,0
DA:146,0
DA:147,0
DA:148,0
DA:149,0
DA:152,0
DA:153,0
DA:154,0
DA:158,0
DA:164,0
DA:165,0
DA:166,0
DA:167,0
DA:168,0
DA:175,0
DA:176,0
DA:177,0
DA:178,0
DA:184,0
DA:185,0
DA:186,0
DA:187,0
DA:193,0
DA:194,0
DA:201,0
DA:204,0
DA:205,0
DA:206,0
DA:207,0
DA:208,0
DA:209,0
DA:212,0
DA:213,0
DA:214,0
DA:215,0
DA:216,0
DA:224,0
DA:225,0
DA:228,0
DA:229,0
DA:230,0
DA:231,0
DA:233,0
DA:235,0
DA:240,0
DA:241,0
DA:242,0
DA:243,0
DA:246,0
DA:247,0
DA:248,0
DA:249,0
DA:250,0
DA:251,0
DA:254,0
DA:255,0
DA:257,0
DA:258,0
end_of_record

SF:/Users/markjonathas/Desktop/audits/guardian/pinto fuzzing/Pinto-fuzzing/contracts/beanstalk/facets/sun/LiquidityWeightFacet.sol
DA:17,17
DA:18,0
DA:20,0
DA:21,0
DA:24,0
end_of_record

SF:/Users/markjonathas/Desktop/audits/guardian/pinto fuzzing/Pinto-fuzzing/contracts/beanstalk/facets/sun/OracleFacet.sol
DA:17,17
DA:22,0
DA:23,0
DA:32,0
DA:33,0
DA:40,0
DA:41,0
DA:49,0
DA:50,0
DA:58,0
DA:61,0
DA:62,0
DA:63,0
DA:64,0
DA:65,0
DA:66,0
DA:76,0
DA:79,0
DA:80,0
DA:87,0
DA:90,0
DA:91,0
DA:99,0
DA:100,0
end_of_record

SF:/Users/markjonathas/Desktop/audits/guardian/pinto fuzzing/Pinto-fuzzing/contracts/beanstalk/facets/sun/SeasonFacet.sol
DA:24,44
DA:40,0
DA:41,0
DA:51,0
DA:54,0
DA:55,0
DA:58,0
DA:59,0
DA:60,0
DA:61,0
DA:62,0
DA:63,0
DA:64,0
DA:65,0
DA:66,0
DA:67,0
DA:69,0
DA:79,0
DA:80,0
DA:81,0
DA:82,0
DA:83,0
DA:84,0
DA:85,0
DA:93,0
DA:94,0
DA:95,0
DA:96,0
DA:104,0
DA:105,0
DA:106,0
DA:107,0
DA:108,0
DA:115,0
DA:116,0
DA:117,0
DA:118,0
DA:127,0
DA:128,0
DA:129,0
DA:133,0
DA:134,0
DA:135,0
DA:136,0
DA:139,0
DA:141,0
DA:143,0
DA:144,0
end_of_record

SF:/Users/markjonathas/Desktop/audits/guardian/pinto fuzzing/Pinto-fuzzing/contracts/beanstalk/facets/sun/SeasonGettersFacet.sol
DA:26,17
DA:37,0
DA:38,0
DA:44,0
DA:45,0
DA:51,0
DA:52,0
DA:58,0
DA:59,0
DA:65,0
DA:66,0
DA:72,0
DA:73,0
DA:79,0
DA:80,0
DA:86,0
DA:87,0
DA:97,0
DA:98,0
DA:99,0
DA:100,0
DA:101,0
DA:104,0
DA:111,0
DA:112,0
DA:113,0
DA:114,0
DA:115,0
DA:124,0
DA:125,0
DA:126,0
DA:133,0
DA:134,0
DA:135,0
DA:142,0
DA:143,0
DA:144,0
DA:145,0
DA:147,0
DA:154,0
DA:156,0
DA:157,0
DA:158,0
DA:165,0
DA:166,0
DA:173,0
DA:174,0
DA:180,0
DA:181,0
DA:182,0
DA:189,0
DA:190,0
DA:196,0
DA:197,0
DA:198,0
DA:199,0
DA:206,0
DA:207,0
DA:208,0
DA:209,0
DA:210,0
DA:218,0
DA:219,0
DA:220,0
DA:221,0
DA:226,0
DA:227,0
DA:230,0
DA:231,0
DA:234,0
DA:236,0
DA:237,0
DA:238,0
DA:241,0
DA:242,0
DA:246,0
DA:247,0
DA:251,0
DA:253,0
DA:254,0
DA:258,0
DA:260,0
DA:261,0
DA:265,0
DA:266,0
DA:269,0
DA:270,0
DA:273,0
DA:274,0
DA:277,0
DA:278,0
DA:281,0
DA:282,0
DA:285,0
DA:286,0
DA:289,0
DA:290,0
DA:293,0
DA:294,0
DA:297,0
DA:298,0
DA:301,0
DA:302,0
DA:305,0
DA:306,0
DA:309,0
DA:310,0
DA:313,0
DA:314,0
DA:317,0
DA:318,0
DA:321,0
DA:322,0
DA:325,0
DA:326,0
DA:329,0
DA:333,0
DA:334,0
DA:335,0
DA:336,0
DA:339,0
end_of_record

SF:/Users/markjonathas/Desktop/audits/guardian/pinto fuzzing/Pinto-fuzzing/contracts/beanstalk/facets/sun/abstract/Distribution.sol
DA:30,0
DA:31,0
DA:38,30
DA:39,4
DA:40,12
DA:41,22
DA:42,71
DA:44,19
end_of_record

SF:/Users/markjonathas/Desktop/audits/guardian/pinto fuzzing/Pinto-fuzzing/contracts/beanstalk/facets/sun/abstract/GaugeDefault.sol
DA:13,0
DA:14,0
DA:15,0
DA:18,0
DA:19,0
DA:24,0
DA:25,0
DA:26,0
DA:27,0
DA:39,0
DA:44,0
DA:45,0
DA:47,0
DA:48,0
DA:50,0
DA:51,0
DA:52,0
DA:53,0
DA:57,0
DA:58,0
DA:61,0
DA:63,0
DA:64,0
DA:65,0
DA:66,0
DA:67,0
DA:71,0
DA:72,0
DA:75,0
DA:80,0
DA:89,0
DA:93,0
DA:94,0
DA:95,0
DA:96,0
DA:97,0
DA:98,0
DA:100,0
DA:101,0
DA:102,0
DA:103,0
DA:105,0
DA:108,0
DA:109,0
DA:111,0
DA:112,0
DA:113,0
DA:114,0
DA:116,0
DA:121,0
DA:122,0
DA:123,0
DA:126,0
DA:127,0
DA:128,0
DA:131,0
DA:132,0
DA:133,0
DA:134,0
DA:137,0
DA:138,0
DA:141,0
DA:142,0
DA:145,0
DA:146,0
end_of_record

SF:/Users/markjonathas/Desktop/audits/guardian/pinto fuzzing/Pinto-fuzzing/contracts/beanstalk/facets/sun/abstract/Oracle.sol
DA:21,0
DA:22,0
DA:23,0
DA:24,0
DA:26,0
DA:27,0
end_of_record

SF:/Users/markjonathas/Desktop/audits/guardian/pinto fuzzing/Pinto-fuzzing/contracts/beanstalk/facets/sun/abstract/Sun.sol
DA:36,0
DA:70,0
DA:71,0
DA:73,0
DA:74,0
DA:76,0
DA:77,0
DA:78,0
DA:79,0
DA:80,0
DA:81,0
DA:82,0
DA:83,0
DA:84,0
DA:86,0
DA:87,0
DA:88,0
DA:90,0
DA:91,0
DA:93,0
DA:96,0
DA:97,0
DA:99,0
DA:111,0
DA:112,0
DA:113,0
DA:116,0
DA:131,0
DA:132,0
DA:134,0
DA:135,0
DA:137,0
DA:138,0
DA:141,0
DA:143,0
DA:144,0
DA:149,0
DA:158,0
DA:161,0
DA:163,0
DA:165,0
DA:166,0
DA:167,0
DA:171,0
DA:172,0
DA:173,0
DA:177,0
DA:179,0
DA:180,0
DA:184,0
DA:185,0
DA:186,0
DA:187,0
DA:191,0
DA:192,0
DA:195,0
DA:196,0
DA:197,0
DA:198,0
DA:206,0
DA:207,0
DA:208,0
end_of_record

SF:/Users/markjonathas/Desktop/audits/guardian/pinto fuzzing/Pinto-fuzzing/contracts/beanstalk/facets/sun/abstract/Weather.sol
DA:25,0
DA:76,0
DA:78,0
DA:79,0
DA:81,0
DA:82,0
DA:84,0
DA:88,0
DA:89,0
DA:90,0
DA:101,0
DA:105,0
DA:106,0
DA:109,0
DA:110,0
DA:111,0
DA:113,0
DA:114,0
DA:116,0
DA:117,0
DA:119,0
DA:123,0
DA:126,0
DA:130,0
DA:131,0
DA:138,0
DA:139,0
DA:140,0
DA:141,0
DA:147,0
DA:148,0
DA:150,0
DA:153,0
DA:156,0
DA:163,0
DA:164,0
DA:165,0
DA:166,0
DA:167,0
DA:168,0
DA:170,0
DA:171,0
DA:175,0
DA:178,0
DA:179,0
DA:180,0
DA:183,0
DA:185,0
DA:186,0
DA:191,0
end_of_record

SF:/Users/markjonathas/Desktop/audits/guardian/pinto fuzzing/Pinto-fuzzing/contracts/beanstalk/init/InitalizeDiamond.sol
DA:27,0
DA:31,1
DA:32,1
DA:33,1
DA:34,1
DA:35,3
DA:36,1
DA:37,2
DA:40,1
DA:41,1
DA:42,1
DA:45,1
DA:46,1
DA:49,1
DA:50,1
DA:51,1
DA:54,1
DA:57,1
DA:59,1
DA:62,1
DA:64,1
DA:67,1
DA:70,1
DA:71,1
DA:72,1
DA:73,1
DA:76,1
DA:79,1
DA:82,1
DA:87,1
DA:88,1
DA:89,1
DA:90,1
DA:91,1
DA:95,1
DA:97,1
DA:99,1
DA:101,1
DA:104,1
DA:107,1
DA:117,9
DA:118,4
DA:119,5
DA:120,4
DA:121,4
DA:122,4
DA:123,4
DA:125,50
DA:126,26
DA:127,26
DA:131,73
DA:132,34
DA:133,1
DA:134,3
DA:135,3
DA:136,32
DA:138,34
DA:139,1
DA:140,3
DA:141,3
DA:142,32
DA:145,54
DA:146,93
DA:147,3
DA:150,17
DA:151,1
DA:152,1
DA:153,1
DA:154,1
DA:155,1
DA:156,1
DA:157,1
DA:160,95
DA:161,3
DA:164,17
DA:165,1
DA:166,1
DA:167,1
DA:170,1
DA:171,1
DA:174,6
DA:178,27
DA:179,44
DA:180,44
DA:183,26
DA:189,3
DA:190,7
DA:192,41
DA:193,41
DA:196,3
DA:197,25
DA:203,2
DA:204,27
DA:205,27
DA:206,27
DA:208,11
DA:214,2
DA:216,27
DA:219,11
DA:222,12
DA:227,25
DA:228,29
DA:229,0
DA:233,4
DA:235,4
DA:241,2
DA:242,4
DA:245,4
DA:250,27
DA:253,27
DA:256,19
DA:257,17
DA:258,1
DA:259,17
DA:261,16
DA:262,17
DA:270,4
DA:274,21
DA:276,500
DA:278,4
DA:279,38
DA:280,3
DA:286,4
DA:287,15
DA:288,1
DA:289,1
DA:290,1
DA:291,1
DA:296,2
DA:297,11
DA:298,11
DA:299,11
DA:300,11
DA:301,11
DA:302,11
DA:303,11
DA:304,11
DA:305,11
DA:306,11
DA:307,11
DA:308,11
DA:309,11
DA:310,11
DA:314,11
DA:318,11
DA:319,11
DA:320,26
DA:324,11
DA:325,11
DA:328,11
DA:329,11
DA:332,2
DA:333,4
DA:334,21
DA:337,4
DA:338,4
DA:340,31
DA:341,22
DA:342,1
DA:343,3
DA:344,25
DA:351,6
DA:353,31
DA:354,23
DA:355,1
DA:356,3
DA:357,23
DA:359,6
end_of_record

SF:/Users/markjonathas/Desktop/audits/guardian/pinto fuzzing/Pinto-fuzzing/contracts/beanstalk/init/newInitDiamond.sol
DA:16,0
DA:18,0
DA:19,0
DA:22,0
DA:24,0
DA:25,0
DA:27,0
end_of_record

SF:/Users/markjonathas/Desktop/audits/guardian/pinto fuzzing/Pinto-fuzzing/contracts/beanstalk/storage/Account.sol
end_of_record

SF:/Users/markjonathas/Desktop/audits/guardian/pinto fuzzing/Pinto-fuzzing/contracts/beanstalk/storage/AppStorage.sol
end_of_record

SF:/Users/markjonathas/Desktop/audits/guardian/pinto fuzzing/Pinto-fuzzing/contracts/beanstalk/storage/System.sol
end_of_record

SF:/Users/markjonathas/Desktop/audits/guardian/pinto fuzzing/Pinto-fuzzing/contracts/ecosystem/Drafter.sol
DA:7,17
DA:8,0
DA:12,0
DA:13,0
DA:16,0
DA:18,0
DA:19,0
DA:22,0
DA:26,0
DA:27,0
DA:30,0
DA:32,0
DA:33,0
DA:36,0
DA:39,0
DA:40,0
DA:43,0
DA:45,0
DA:46,0
end_of_record

SF:/Users/markjonathas/Desktop/audits/guardian/pinto fuzzing/Pinto-fuzzing/contracts/ecosystem/GaugePriceThreshold.sol
DA:25,72
DA:38,34
DA:44,11
DA:45,11
DA:46,7
DA:47,7
DA:60,0
DA:65,0
DA:66,0
DA:67,0
DA:68,0
DA:69,0
DA:71,0
DA:72,0
DA:73,0
DA:74,0
DA:75,0
DA:76,0
DA:81,0
DA:85,0
DA:86,0
DA:89,0
DA:90,0
DA:93,0
DA:94,0
DA:97,0
DA:98,0
end_of_record

SF:/Users/markjonathas/Desktop/audits/guardian/pinto fuzzing/Pinto-fuzzing/contracts/ecosystem/OperatorWhitelist.sol
DA:19,13
DA:21,0
DA:28,32
DA:34,0
DA:35,0
DA:36,0
DA:38,0
DA:39,0
DA:41,0
DA:48,0
DA:49,0
DA:51,0
DA:54,0
DA:55,0
DA:56,0
DA:57,0
DA:58,0
DA:62,0
DA:70,0
DA:71,0
DA:78,0
DA:79,0
end_of_record

SF:/Users/markjonathas/Desktop/audits/guardian/pinto fuzzing/Pinto-fuzzing/contracts/ecosystem/PerFunctionPausable.sol
DA:13,0
DA:17,2
DA:24,0
DA:25,0
DA:26,0
DA:34,0
DA:35,0
DA:36,0
DA:43,0
end_of_record

SF:/Users/markjonathas/Desktop/audits/guardian/pinto fuzzing/Pinto-fuzzing/contracts/ecosystem/PriceManipulation.sol
DA:19,49
DA:20,0
DA:21,0
DA:22,0
DA:25,0
DA:27,0
DA:28,0
DA:30,0
DA:32,31
DA:33,11
DA:46,0
DA:50,0
DA:51,0
DA:52,0
DA:54,0
DA:55,0
DA:58,0
DA:61,0
DA:63,0
DA:64,0
DA:65,0
DA:66,0
DA:67,0
DA:68,0
DA:70,0
DA:73,0
DA:74,0
DA:75,0
DA:77,0
DA:78,0
DA:79,0
DA:80,0
DA:81,0
DA:82,0
DA:84,0
DA:87,0
DA:88,0
DA:90,0
DA:91,0
DA:93,0
DA:94,0
DA:96,0
DA:104,0
DA:105,0
DA:107,0
DA:109,0
DA:110,0
DA:112,0
DA:113,0
DA:116,0
DA:117,0
DA:118,0
DA:119,0
DA:121,0
DA:122,0
DA:124,0
DA:126,0
DA:128,0
DA:129,0
DA:132,0
DA:133,0
DA:134,0
DA:135,0
DA:136,0
DA:137,0
DA:139,0
DA:140,0
DA:143,0
DA:144,0
DA:145,0
DA:147,0
DA:148,0
DA:149,0
DA:150,0
DA:152,0
DA:153,0
DA:154,0
DA:156,0
DA:157,0
DA:158,0
DA:159,0
DA:162,0
DA:164,0
DA:165,0
DA:166,0
DA:176,0
DA:177,0
DA:178,0
DA:179,0
end_of_record

SF:/Users/markjonathas/Desktop/audits/guardian/pinto fuzzing/Pinto-fuzzing/contracts/ecosystem/ShipmentPlanner.sol
DA:37,13
DA:38,0
DA:40,0
DA:41,0
DA:42,0
DA:43,0
DA:44,0
DA:46,0
DA:51,32
DA:52,21
DA:53,21
DA:61,0
DA:63,0
DA:64,0
DA:65,0
DA:66,0
DA:67,0
DA:75,0
DA:76,0
DA:85,0
DA:86,0
DA:87,0
DA:88,0
DA:89,0
DA:90,0
DA:97,0
DA:99,0
DA:100,0
DA:101,0
DA:103,0
DA:104,0
DA:105,0
DA:108,0
DA:109,0
DA:110,0
DA:112,0
DA:117,0
DA:118,0
DA:119,0
DA:120,0
DA:121,0
DA:122,0
DA:123,0
DA:124,0
DA:126,0
DA:127,0
DA:131,0
DA:133,0
DA:141,0
DA:143,0
DA:144,0
DA:145,0
DA:147,0
DA:148,0
DA:149,0
DA:152,0
DA:153,0
DA:156,0
DA:157,0
DA:159,0
DA:160,0
DA:161,0
DA:163,0
DA:164,0
DA:168,0
DA:170,0
DA:176,0
DA:177,0
DA:178,0
DA:181,0
DA:182,0
DA:185,0
DA:186,0
DA:190,0
DA:191,0
DA:195,0
DA:197,0
DA:198,0
DA:199,0
DA:201,0
DA:202,0
DA:203,0
DA:204,0
DA:206,0
DA:207,0
DA:210,0
DA:211,0
end_of_record

SF:/Users/markjonathas/Desktop/audits/guardian/pinto fuzzing/Pinto-fuzzing/contracts/ecosystem/SowBlueprintv0.sol
DA:16,95
DA:114,0
DA:117,0
DA:132,33
DA:136,1
DA:137,11
DA:140,11
DA:147,0
DA:149,0
DA:151,0
DA:154,0
DA:156,0
DA:159,0
DA:160,0
DA:161,0
DA:162,0
DA:163,0
DA:164,0
DA:165,0
DA:166,0
DA:167,0
DA:170,0
DA:171,0
DA:176,0
DA:177,0
DA:179,0
DA:183,0
DA:184,0
DA:185,0
DA:189,0
DA:190,0
DA:191,0
DA:192,0
DA:193,0
DA:194,0
DA:195,0
DA:196,0
DA:201,0
DA:202,0
DA:204,0
DA:205,0
DA:206,0
DA:207,0
DA:211,0
DA:212,0
DA:213,0
DA:214,0
DA:215,0
DA:216,0
DA:222,0
DA:223,0
DA:224,0
DA:225,0
DA:226,0
DA:227,0
DA:228,0
DA:232,0
DA:233,0
DA:234,0
DA:235,0
DA:236,0
DA:240,0
DA:247,0
DA:248,0
DA:249,0
DA:254,0
DA:255,0
DA:260,0
DA:261,0
DA:262,0
DA:267,0
DA:268,0
DA:273,0
DA:274,0
DA:282,0
DA:284,0
DA:285,0
DA:286,0
DA:287,0
DA:292,0
DA:295,0
DA:303,0
DA:304,0
DA:312,0
DA:313,0
DA:321,0
DA:322,0
DA:330,0
DA:331,0
DA:342,0
DA:347,0
DA:349,0
DA:350,0
DA:354,0
DA:355,0
DA:359,0
DA:360,0
DA:363,0
DA:369,0
DA:371,0
DA:372,0
DA:373,0
DA:374,0
DA:377,0
DA:378,0
DA:379,0
DA:395,0
DA:403,0
DA:404,0
DA:405,0
DA:406,0
DA:407,0
DA:408,0
DA:409,0
DA:412,0
DA:414,0
DA:415,0
DA:418,0
DA:419,0
DA:423,0
DA:424,0
DA:425,0
DA:426,0
DA:427,0
DA:431,0
DA:432,0
DA:433,0
DA:437,0
DA:438,0
DA:439,0
DA:440,0
DA:441,0
DA:442,0
DA:446,0
DA:447,0
DA:448,0
DA:449,0
DA:450,0
DA:453,0
DA:454,0
DA:455,0
DA:456,0
DA:457,0
DA:459,0
DA:470,0
DA:474,0
DA:475,0
DA:476,0
DA:477,0
DA:479,0
DA:480,0
DA:481,0
DA:482,0
DA:483,0
DA:484,0
DA:486,0
DA:495,0
DA:496,0
DA:499,0
DA:504,0
DA:505,0
end_of_record

SF:/Users/markjonathas/Desktop/audits/guardian/pinto fuzzing/Pinto-fuzzing/contracts/ecosystem/TractorHelpers.sol
DA:22,191
DA:24,0
DA:25,0
DA:63,34
DA:68,1
DA:69,11
DA:70,11
DA:71,11
DA:86,0
DA:92,0
DA:93,0
DA:94,0
DA:96,0
DA:97,0
DA:98,0
DA:99,0
DA:102,0
DA:103,0
DA:105,0
DA:106,0
DA:108,0
DA:112,0
DA:113,0
DA:114,0
DA:115,0
DA:116,0
DA:117,0
DA:120,0
DA:121,0
DA:123,0
DA:126,0
DA:127,0
DA:128,0
DA:129,0
DA:133,0
DA:134,0
DA:135,0
DA:136,0
DA:137,0
DA:138,0
DA:139,0
DA:140,0
DA:141,0
DA:142,0
DA:143,0
DA:147,0
DA:150,0
DA:153,0
DA:154,0
DA:155,0
DA:156,0
DA:157,0
DA:158,0
DA:159,0
DA:161,0
DA:162,0
DA:163,0
DA:167,0
DA:168,0
DA:169,0
DA:170,0
DA:171,0
DA:172,0
DA:173,0
DA:174,0
DA:175,0
DA:176,0
DA:180,0
DA:182,0
DA:185,0
DA:187,0
DA:188,0
DA:189,0
DA:193,0
DA:196,0
DA:199,0
DA:200,0
DA:201,0
DA:202,0
DA:203,0
DA:204,0
DA:208,0
DA:211,0
DA:212,0
DA:213,0
DA:214,0
DA:215,0
DA:218,0
DA:219,0
DA:220,0
DA:221,0
DA:222,0
DA:225,0
DA:239,0
DA:244,0
DA:245,0
DA:246,0
DA:247,0
DA:248,0
DA:249,0
DA:250,0
DA:251,0
DA:252,0
DA:270,0
DA:278,0
DA:280,0
DA:281,0
DA:284,0
DA:285,0
DA:288,0
DA:289,0
DA:292,0
DA:294,0
DA:295,0
DA:297,0
DA:298,0
DA:299,0
DA:300,0
DA:301,0
DA:308,0
DA:309,0
DA:310,0
DA:311,0
DA:313,0
DA:314,0
DA:315,0
DA:316,0
DA:317,0
DA:321,0
DA:322,0
DA:323,0
DA:327,0
DA:328,0
DA:329,0
DA:330,0
DA:331,0
DA:332,0
DA:336,0
DA:337,0
DA:338,0
DA:339,0
DA:340,0
DA:341,0
DA:342,0
DA:346,0
DA:348,0
DA:349,0
DA:350,0
DA:351,0
DA:352,0
DA:355,0
DA:357,0
DA:361,0
DA:367,0
DA:368,0
DA:376,0
DA:379,0
DA:382,0
DA:383,0
DA:386,0
DA:387,0
DA:391,0
DA:401,0
DA:404,0
DA:406,0
DA:407,0
DA:409,0
DA:410,0
DA:412,0
DA:413,0
DA:414,0
DA:415,0
DA:416,0
DA:420,0
DA:428,0
DA:431,0
DA:433,0
DA:434,0
DA:436,0
DA:437,0
DA:439,0
DA:440,0
DA:441,0
DA:442,0
DA:443,0
DA:447,0
DA:455,0
DA:457,0
DA:458,0
DA:461,0
DA:462,0
DA:463,0
DA:467,0
DA:468,0
DA:469,0
DA:470,0
DA:475,0
DA:478,0
DA:479,0
DA:480,0
DA:481,0
DA:482,0
DA:486,0
DA:501,0
DA:510,0
DA:512,0
DA:513,0
DA:516,0
DA:517,0
DA:520,0
DA:521,0
DA:522,0
DA:525,0
DA:526,0
DA:529,0
DA:530,0
DA:533,0
DA:536,0
DA:537,0
DA:538,0
DA:539,0
DA:540,0
DA:542,0
DA:543,0
DA:544,0
DA:547,0
DA:548,0
DA:551,0
DA:556,0
DA:559,0
DA:560,0
DA:561,0
DA:564,0
DA:565,0
DA:566,0
DA:567,0
DA:568,0
DA:570,0
DA:575,0
DA:576,0
DA:579,0
DA:593,0
DA:601,0
DA:603,0
DA:604,0
DA:614,0
DA:615,0
DA:624,0
DA:627,0
DA:629,0
DA:632,0
DA:635,0
DA:638,0
DA:639,0
DA:640,0
DA:645,0
DA:648,0
DA:649,0
DA:650,0
DA:654,0
DA:662,0
DA:665,0
DA:668,0
DA:669,0
DA:672,0
DA:673,0
DA:674,0
DA:675,0
DA:679,0
DA:682,0
DA:683,0
DA:686,0
DA:687,0
DA:688,0
DA:690,0
DA:691,0
DA:692,0
DA:694,0
DA:699,0
DA:701,0
DA:709,0
DA:712,0
DA:715,0
DA:716,0
DA:719,0
DA:720,0
DA:721,0
DA:722,0
DA:726,0
DA:729,0
DA:730,0
DA:733,0
DA:736,0
DA:737,0
DA:738,0
DA:740,0
DA:741,0
DA:742,0
DA:747,0
DA:749,0
DA:760,0
DA:763,0
DA:764,0
DA:765,0
DA:768,0
DA:769,0
DA:772,0
DA:773,0
DA:774,0
DA:775,0
DA:776,0
DA:780,0
DA:781,0
DA:782,0
DA:784,0
DA:785,0
DA:786,0
DA:789,0
DA:790,0
DA:791,0
DA:804,0
DA:807,0
DA:809,0
DA:810,0
DA:811,0
DA:812,0
DA:816,0
DA:817,0
DA:821,0
DA:822,0
DA:823,0
DA:824,0
DA:825,0
DA:829,0
DA:838,0
DA:840,0
DA:841,0
DA:843,0
DA:844,0
DA:845,0
DA:846,0
DA:849,0
DA:858,0
DA:861,0
DA:862,0
DA:863,0
DA:864,0
DA:867,0
DA:868,0
DA:869,0
DA:872,0
DA:882,0
DA:885,0
DA:886,0
DA:889,0
DA:892,0
DA:893,0
DA:900,0
DA:909,0
DA:911,0
DA:912,0
DA:914,0
DA:915,0
DA:916,0
DA:917,0
DA:918,0
DA:919,0
DA:923,0
DA:931,0
DA:933,0
DA:934,0
DA:943,0
DA:945,0
DA:947,0
DA:954,0
DA:955,0
DA:956,0
DA:957,0
DA:958,0
DA:960,0
end_of_record

SF:/Users/markjonathas/Desktop/audits/guardian/pinto fuzzing/Pinto-fuzzing/contracts/ecosystem/junction/Junction.sol
DA:10,17
DA:11,0
DA:12,0
end_of_record

SF:/Users/markjonathas/Desktop/audits/guardian/pinto fuzzing/Pinto-fuzzing/contracts/ecosystem/junction/LogicJunction.sol
DA:11,17
DA:12,0
DA:13,0
DA:16,0
DA:17,0
DA:20,0
DA:21,0
DA:24,0
DA:25,0
DA:28,0
DA:29,0
DA:32,0
DA:33,0
DA:36,0
DA:39,0
DA:40,0
end_of_record

SF:/Users/markjonathas/Desktop/audits/guardian/pinto fuzzing/Pinto-fuzzing/contracts/ecosystem/junction/MathJunction.sol
DA:11,17
DA:12,0
DA:13,0
DA:16,0
DA:17,0
DA:20,0
DA:21,0
DA:24,0
DA:25,0
DA:28,0
DA:29,0
DA:32,0
DA:33,0
end_of_record

SF:/Users/markjonathas/Desktop/audits/guardian/pinto fuzzing/Pinto-fuzzing/contracts/ecosystem/oracles/LSDChainlinkOracle.sol
DA:13,46
DA:14,0
DA:15,2
DA:21,0
DA:27,0
DA:28,0
DA:29,0
DA:30,0
DA:33,0
DA:34,0
DA:46,41
DA:50,1
DA:51,8
DA:52,1
DA:53,1
DA:54,1
DA:55,1
DA:56,15
DA:59,1
DA:60,8
DA:61,0
DA:65,7
DA:66,1
DA:67,1
DA:68,1
DA:69,1
DA:73,7
DA:74,1
DA:75,1
DA:76,8
DA:77,1
DA:78,1
DA:81,6
DA:83,0
DA:86,30
end_of_record

SF:/Users/markjonathas/Desktop/audits/guardian/pinto fuzzing/Pinto-fuzzing/contracts/ecosystem/price/BeanstalkPrice.sol
DA:7,74
DA:10,32
DA:23,0
DA:24,0
DA:25,0
DA:32,0
DA:33,0
DA:34,0
DA:41,0
DA:44,0
DA:45,0
DA:46,0
DA:47,0
DA:49,0
DA:50,0
DA:51,0
DA:52,0
DA:54,0
DA:61,0
DA:62,0
DA:69,0
DA:72,0
DA:73,0
DA:80,0
DA:81,0
end_of_record

SF:/Users/markjonathas/Desktop/audits/guardian/pinto fuzzing/Pinto-fuzzing/contracts/ecosystem/price/P.sol
DA:4,0
end_of_record

SF:/Users/markjonathas/Desktop/audits/guardian/pinto fuzzing/Pinto-fuzzing/contracts/ecosystem/price/WellPrice.sol
DA:23,64
DA:29,1
DA:30,11
DA:33,0
DA:34,0
DA:61,0
DA:62,0
DA:69,0
DA:72,0
DA:73,0
DA:74,0
DA:75,0
DA:76,0
DA:77,0
DA:78,0
DA:79,0
DA:81,0
DA:82,0
DA:83,0
DA:85,0
DA:86,0
DA:87,0
DA:90,0
DA:92,0
DA:93,0
DA:94,0
DA:95,0
DA:99,0
DA:100,0
DA:101,0
DA:102,0
DA:103,0
DA:104,0
DA:110,0
DA:111,0
DA:115,0
DA:118,0
DA:119,0
DA:121,0
DA:122,0
DA:123,0
DA:125,0
DA:126,0
DA:140,0
DA:141,0
DA:142,0
DA:143,0
DA:144,0
DA:145,0
DA:148,0
DA:156,0
DA:157,0
DA:158,0
DA:159,0
DA:160,0
DA:162,0
DA:171,0
DA:174,0
DA:175,0
DA:176,0
DA:177,0
DA:178,0
DA:179,0
DA:180,0
DA:183,0
DA:185,0
DA:187,0
DA:188,0
DA:189,0
DA:190,0
DA:191,0
DA:204,0
DA:205,0
DA:206,0
DA:207,0
DA:208,0
DA:209,0
DA:212,0
DA:220,0
DA:221,0
DA:222,0
DA:223,0
DA:224,0
DA:226,0
DA:235,0
DA:238,0
DA:239,0
DA:240,0
DA:241,0
DA:242,0
DA:243,0
DA:244,0
DA:246,0
DA:248,0
DA:249,0
DA:250,0
DA:251,0
DA:252,0
DA:253,0
DA:260,0
DA:262,0
DA:263,0
DA:265,0
DA:266,0
DA:268,0
DA:269,0
DA:271,0
DA:272,0
DA:273,0
end_of_record

SF:/Users/markjonathas/Desktop/audits/guardian/pinto fuzzing/Pinto-fuzzing/contracts/interfaces/IBean.sol
end_of_record

SF:/Users/markjonathas/Desktop/audits/guardian/pinto fuzzing/Pinto-fuzzing/contracts/interfaces/IBeanstalk.sol
end_of_record

SF:/Users/markjonathas/Desktop/audits/guardian/pinto fuzzing/Pinto-fuzzing/contracts/interfaces/IBudget.sol
end_of_record

SF:/Users/markjonathas/Desktop/audits/guardian/pinto fuzzing/Pinto-fuzzing/contracts/interfaces/IChainlinkAggregator.sol
end_of_record

SF:/Users/markjonathas/Desktop/audits/guardian/pinto fuzzing/Pinto-fuzzing/contracts/interfaces/IDiamondCut.sol
end_of_record

SF:/Users/markjonathas/Desktop/audits/guardian/pinto fuzzing/Pinto-fuzzing/contracts/interfaces/IDiamondLoupe.sol
end_of_record

SF:/Users/markjonathas/Desktop/audits/guardian/pinto fuzzing/Pinto-fuzzing/contracts/interfaces/IERC1155Receiver.sol
end_of_record

SF:/Users/markjonathas/Desktop/audits/guardian/pinto fuzzing/Pinto-fuzzing/contracts/interfaces/IMockFBeanstalk.sol
end_of_record

SF:/Users/markjonathas/Desktop/audits/guardian/pinto fuzzing/Pinto-fuzzing/contracts/interfaces/IMorphoOracle.sol
end_of_record

SF:/Users/markjonathas/Desktop/audits/guardian/pinto fuzzing/Pinto-fuzzing/contracts/interfaces/IPayback.sol
end_of_record

SF:/Users/markjonathas/Desktop/audits/guardian/pinto fuzzing/Pinto-fuzzing/contracts/interfaces/IPipeline.sol
end_of_record

SF:/Users/markjonathas/Desktop/audits/guardian/pinto fuzzing/Pinto-fuzzing/contracts/interfaces/IProxyAdmin.sol
end_of_record

SF:/Users/markjonathas/Desktop/audits/guardian/pinto fuzzing/Pinto-fuzzing/contracts/interfaces/IShipmentPlanner.sol
end_of_record

SF:/Users/markjonathas/Desktop/audits/guardian/pinto fuzzing/Pinto-fuzzing/contracts/interfaces/ISiloedPinto.sol
end_of_record

SF:/Users/markjonathas/Desktop/audits/guardian/pinto fuzzing/Pinto-fuzzing/contracts/interfaces/IUSDC.sol
end_of_record

SF:/Users/markjonathas/Desktop/audits/guardian/pinto fuzzing/Pinto-fuzzing/contracts/interfaces/IWETH.sol
end_of_record

SF:/Users/markjonathas/Desktop/audits/guardian/pinto fuzzing/Pinto-fuzzing/contracts/interfaces/basin/IAquifer.sol
end_of_record

SF:/Users/markjonathas/Desktop/audits/guardian/pinto fuzzing/Pinto-fuzzing/contracts/interfaces/basin/IBeanstalkWellFunction.sol
end_of_record

SF:/Users/markjonathas/Desktop/audits/guardian/pinto fuzzing/Pinto-fuzzing/contracts/interfaces/basin/IMultiFlowPump.sol
end_of_record

SF:/Users/markjonathas/Desktop/audits/guardian/pinto fuzzing/Pinto-fuzzing/contracts/interfaces/basin/IWell.sol
end_of_record

SF:/Users/markjonathas/Desktop/audits/guardian/pinto fuzzing/Pinto-fuzzing/contracts/interfaces/basin/IWellFunction.sol
end_of_record

SF:/Users/markjonathas/Desktop/audits/guardian/pinto fuzzing/Pinto-fuzzing/contracts/interfaces/basin/pumps/ICappedReservesPump.sol
end_of_record

SF:/Users/markjonathas/Desktop/audits/guardian/pinto fuzzing/Pinto-fuzzing/contracts/interfaces/basin/pumps/ICumulativePump.sol
end_of_record

SF:/Users/markjonathas/Desktop/audits/guardian/pinto fuzzing/Pinto-fuzzing/contracts/interfaces/basin/pumps/IInstantaneousPump.sol
end_of_record

SF:/Users/markjonathas/Desktop/audits/guardian/pinto fuzzing/Pinto-fuzzing/contracts/interfaces/basin/pumps/IMultiFlowPumpWellFunction.sol
end_of_record

SF:/Users/markjonathas/Desktop/audits/guardian/pinto fuzzing/Pinto-fuzzing/contracts/libraries/Convert/LibConvert.sol
DA:34,0
DA:92,0
DA:93,0
DA:95,0
DA:96,0
DA:97,0
DA:98,0
DA:99,0
DA:100,0
DA:101,0
DA:102,0
DA:103,0
DA:104,0
DA:105,0
DA:107,0
DA:108,0
DA:109,0
DA:110,0
DA:111,0
DA:112,0
DA:113,0
DA:114,0
DA:115,0
DA:117,0
DA:121,0
DA:122,0
DA:125,0
DA:128,0
DA:131,0
DA:133,0
DA:136,0
DA:140,0
DA:141,0
DA:145,0
DA:148,0
DA:149,0
DA:153,0
DA:154,0
DA:157,0
DA:163,0
DA:169,0
DA:170,0
DA:171,0
DA:172,0
DA:173,0
DA:175,0
DA:180,0
DA:181,0
DA:182,0
DA:183,0
DA:184,0
DA:185,0
DA:189,0
DA:190,0
DA:191,0
DA:193,0
DA:194,0
DA:195,0
DA:196,0
DA:197,0
DA:198,0
DA:204,0
DA:214,0
DA:215,0
DA:216,0
DA:217,0
DA:220,0
DA:222,0
DA:223,0
DA:225,0
DA:226,0
DA:227,0
DA:230,0
DA:231,0
DA:232,0
DA:233,0
DA:234,0
DA:235,0
DA:236,0
DA:240,0
DA:241,0
DA:242,0
DA:245,0
DA:246,0
DA:247,0
DA:248,0
DA:249,0
DA:262,0
DA:269,0
DA:270,0
DA:272,0
DA:275,0
DA:276,0
DA:277,0
DA:278,0
DA:279,0
DA:281,0
DA:282,0
DA:283,0
DA:287,0
DA:288,0
DA:293,0
DA:294,0
DA:295,0
DA:296,0
DA:297,0
DA:298,0
DA:299,0
DA:303,0
DA:304,0
DA:305,0
DA:306,0
DA:307,0
DA:308,0
DA:309,0
DA:314,0
DA:320,0
DA:321,0
DA:322,0
DA:323,0
DA:324,0
DA:327,0
DA:333,0
DA:335,0
DA:336,0
DA:337,0
DA:338,0
DA:339,0
DA:340,0
DA:347,0
DA:350,0
DA:353,0
DA:354,0
DA:356,0
DA:357,0
DA:359,0
DA:360,0
DA:369,0
DA:371,0
DA:372,0
DA:373,0
DA:374,0
DA:375,0
DA:376,0
DA:383,0
DA:386,0
DA:388,0
DA:389,0
DA:392,0
DA:393,0
DA:394,0
DA:397,0
DA:399,0
DA:402,0
DA:406,0
DA:414,0
DA:418,0
DA:419,0
DA:420,0
DA:421,0
DA:422,0
DA:426,0
DA:427,0
DA:429,0
DA:441,0
DA:447,0
DA:448,0
DA:449,0
DA:451,0
DA:452,0
DA:453,0
DA:456,0
DA:457,0
DA:458,0
DA:459,0
DA:462,0
DA:465,0
DA:467,0
DA:470,0
DA:471,0
DA:472,0
DA:475,0
DA:476,0
DA:479,0
DA:480,0
DA:481,0
DA:482,0
DA:483,0
DA:486,0
DA:487,0
DA:488,0
DA:489,0
DA:491,0
DA:493,0
DA:494,0
DA:496,0
DA:497,0
DA:499,0
DA:500,0
DA:503,0
DA:504,0
DA:505,0
DA:506,0
DA:507,0
DA:508,0
DA:509,0
DA:512,0
DA:515,0
DA:516,0
DA:519,0
DA:520,0
DA:521,0
DA:524,0
DA:527,0
DA:534,0
DA:535,0
DA:537,0
DA:540,0
DA:546,0
DA:547,0
DA:548,0
DA:549,0
DA:550,0
DA:553,0
DA:555,0
DA:557,0
DA:558,0
DA:559,0
DA:560,0
DA:562,0
DA:564,0
DA:565,0
DA:566,0
DA:567,0
DA:568,0
DA:569,0
DA:570,0
DA:581,0
DA:585,0
DA:586,0
DA:589,0
DA:590,0
DA:591,0
DA:595,0
DA:596,0
DA:600,0
DA:601,0
DA:604,0
DA:605,0
DA:606,0
DA:607,0
DA:608,0
DA:610,0
DA:612,0
DA:614,0
DA:617,0
DA:618,0
DA:621,0
DA:622,0
DA:623,0
DA:625,0
DA:628,0
DA:629,0
DA:630,0
DA:632,0
DA:633,0
DA:634,0
DA:635,0
DA:636,0
DA:637,0
DA:638,0
DA:641,0
DA:642,0
DA:644,0
DA:647,0
DA:648,0
DA:654,0
DA:655,0
DA:661,0
DA:662,0
end_of_record

SF:/Users/markjonathas/Desktop/audits/guardian/pinto fuzzing/Pinto-fuzzing/contracts/libraries/Convert/LibConvertData.sol
DA:8,0
DA:18,0
DA:19,0
DA:30,0
DA:32,0
DA:33,0
DA:34,0
DA:40,0
DA:42,0
DA:43,0
DA:49,0
DA:51,0
DA:52,0
DA:53,0
end_of_record

SF:/Users/markjonathas/Desktop/audits/guardian/pinto fuzzing/Pinto-fuzzing/contracts/libraries/Convert/LibLambdaConvert.sol
DA:10,0
DA:17,0
DA:22,0
DA:24,0
DA:25,0
DA:26,0
DA:35,0
DA:41,0
DA:42,0
DA:43,0
DA:44,0
DA:45,0
DA:46,0
DA:49,0
DA:50,0
DA:51,0
end_of_record

SF:/Users/markjonathas/Desktop/audits/guardian/pinto fuzzing/Pinto-fuzzing/contracts/libraries/Convert/LibPipelineConvert.sol
DA:20,0
DA:36,0
DA:43,0
DA:44,0
DA:45,0
DA:46,0
DA:50,0
DA:52,0
DA:53,0
DA:57,0
DA:59,0
DA:63,0
DA:64,0
DA:65,0
DA:66,0
DA:67,0
DA:68,0
DA:69,0
DA:73,0
DA:74,0
DA:78,0
DA:84,0
DA:91,0
DA:92,0
DA:95,0
DA:96,0
DA:97,0
DA:98,0
DA:99,0
DA:100,0
DA:104,0
DA:105,0
DA:106,0
DA:107,0
DA:108,0
DA:109,0
DA:113,0
DA:114,0
DA:115,0
DA:116,0
DA:117,0
DA:118,0
DA:119,0
DA:127,0
DA:128,0
DA:129,0
DA:131,0
DA:132,0
DA:133,0
DA:134,0
DA:137,0
DA:140,0
DA:141,0
DA:142,0
DA:143,0
DA:144,0
DA:150,0
DA:152,0
DA:153,0
DA:154,0
DA:155,0
DA:156,0
DA:157,0
DA:158,0
DA:159,0
DA:161,0
DA:162,0
DA:163,0
DA:164,0
DA:166,0
DA:167,0
DA:168,0
DA:171,0
DA:179,0
DA:185,0
DA:186,0
DA:187,0
DA:188,0
DA:189,0
DA:191,0
DA:193,0
DA:194,0
DA:195,0
DA:196,0
DA:197,0
DA:198,0
DA:199,0
DA:202,0
end_of_record

SF:/Users/markjonathas/Desktop/audits/guardian/pinto fuzzing/Pinto-fuzzing/contracts/libraries/Convert/LibWellConvert.sol
DA:21,0
DA:29,0
DA:30,0
DA:37,0
DA:38,0
DA:39,0
DA:40,0
DA:41,0
DA:42,0
DA:43,0
DA:45,0
DA:47,0
DA:48,0
DA:50,0
DA:51,0
DA:58,0
DA:59,0
DA:60,0
DA:61,0
DA:62,0
DA:63,0
DA:66,0
DA:68,0
DA:69,0
DA:71,0
DA:73,0
DA:74,0
DA:75,0
DA:78,0
DA:79,0
DA:80,0
DA:81,0
DA:82,0
DA:83,0
DA:92,0
DA:95,0
DA:96,0
DA:97,0
DA:104,0
DA:105,0
DA:106,0
DA:107,0
DA:108,0
DA:120,0
DA:122,0
DA:123,0
DA:124,0
DA:126,0
DA:128,0
DA:129,0
DA:131,0
DA:137,0
DA:141,0
DA:142,0
DA:143,0
DA:144,0
DA:145,0
DA:146,0
DA:147,0
DA:148,0
DA:149,0
DA:150,0
DA:151,0
DA:164,0
DA:166,0
DA:167,0
DA:168,0
DA:170,0
DA:172,0
DA:173,0
DA:175,0
DA:181,0
DA:185,0
DA:186,0
DA:187,0
DA:188,0
DA:189,0
DA:190,0
DA:191,0
end_of_record

SF:/Users/markjonathas/Desktop/audits/guardian/pinto fuzzing/Pinto-fuzzing/contracts/libraries/Decimal.sol
DA:14,0
DA:19,0
DA:29,0
DA:30,0
DA:33,0
DA:34,0
DA:37,0
DA:38,0
DA:41,0
DA:42,0
DA:91,0
DA:92,0
DA:106,0
DA:107,0
DA:122,0
DA:123,0
DA:126,0
DA:127,0
DA:138,0
DA:139,0
DA:144,0
DA:148,0
DA:149,0
DA:152,0
DA:153,0
DA:154,0
DA:156,0
end_of_record

SF:/Users/markjonathas/Desktop/audits/guardian/pinto fuzzing/Pinto-fuzzing/contracts/libraries/LibAppStorage.sol
DA:12,0
DA:13,4
end_of_record

SF:/Users/markjonathas/Desktop/audits/guardian/pinto fuzzing/Pinto-fuzzing/contracts/libraries/LibBytes.sol
DA:14,0
DA:60,0
DA:61,0
DA:62,0
DA:63,0
DA:66,0
DA:69,0
DA:72,0
DA:73,0
DA:74,0
DA:75,0
DA:78,0
DA:81,0
DA:90,0
DA:91,0
DA:92,0
DA:93,0
DA:94,0
DA:96,0
DA:124,0
DA:131,0
DA:137,0
DA:138,0
DA:141,0
DA:142,0
DA:152,0
DA:156,0
DA:157,0
DA:158,0
DA:160,0
DA:163,0
DA:164,0
DA:168,0
DA:180,0
DA:184,0
DA:186,0
DA:190,0
DA:191,0
DA:192,0
DA:194,0
DA:195,0
DA:196,0
DA:197,0
DA:201,0
DA:202,0
DA:206,0
DA:214,0
DA:215,0
DA:216,0
DA:222,0
DA:223,0
DA:224,0
DA:233,0
DA:237,0
DA:238,0
DA:247,0
DA:248,0
DA:256,0
DA:257,0
DA:265,0
DA:266,0
DA:274,0
DA:275,0
end_of_record

SF:/Users/markjonathas/Desktop/audits/guardian/pinto fuzzing/Pinto-fuzzing/contracts/libraries/LibBytes64.sol
DA:10,0
DA:20,0
DA:25,0
DA:28,0
DA:36,0
DA:38,0
DA:40,0
DA:43,0
DA:46,0
DA:47,0
DA:48,0
DA:49,0
DA:51,0
DA:52,0
DA:62,0
DA:63,0
DA:65,0
DA:66,0
DA:68,0
DA:69,0
DA:71,0
DA:72,0
DA:77,0
DA:78,0
DA:79,0
DA:80,0
DA:82,0
DA:83,0
DA:87,0
end_of_record

SF:/Users/markjonathas/Desktop/audits/guardian/pinto fuzzing/Pinto-fuzzing/contracts/libraries/LibCases.sol
DA:55,0
DA:76,24
DA:77,12
DA:78,6
DA:79,36
DA:80,6
DA:81,66
DA:82,102
DA:84,24
DA:85,18
DA:86,12
DA:87,6
DA:88,12
DA:90,6
DA:91,6
DA:92,6
DA:94,12
DA:95,24
DA:96,36
DA:98,6
DA:99,6
DA:100,6
DA:110,0
DA:111,0
DA:112,0
DA:124,0
DA:125,0
DA:127,0
DA:129,0
DA:132,3
DA:133,7
DA:134,598
end_of_record

SF:/Users/markjonathas/Desktop/audits/guardian/pinto fuzzing/Pinto-fuzzing/contracts/libraries/LibClipboard.sol
DA:15,0
DA:25,0
DA:28,0
DA:29,0
DA:31,0
DA:32,0
DA:33,0
DA:34,0
DA:35,0
DA:36,0
DA:37,0
DA:40,0
DA:41,0
DA:42,0
DA:46,0
DA:47,0
DA:50,0
DA:53,0
DA:58,0
DA:59,0
DA:60,0
DA:61,0
DA:62,0
DA:63,0
DA:64,0
DA:65,0
DA:68,0
DA:69,0
DA:70,0
DA:101,0
DA:105,0
DA:106,0
DA:107,0
DA:108,0
DA:109,0
DA:110,0
end_of_record

SF:/Users/markjonathas/Desktop/audits/guardian/pinto fuzzing/Pinto-fuzzing/contracts/libraries/LibDiamond.sol
DA:17,0
DA:18,2
DA:45,4
DA:46,3
DA:47,1
DA:48,3
DA:54,5
DA:55,11
DA:56,16
DA:57,23
DA:58,16
DA:61,0
DA:62,0
DA:65,2
DA:66,3
DA:67,34
DA:72,2
DA:73,25
DA:76,6
DA:77,54
DA:78,50
DA:79,30
DA:80,46
DA:81,1
DA:82,1
DA:83,1
DA:85,49
DA:86,30
DA:87,30
DA:88,30
DA:89,30
DA:90,30
DA:91,46
DA:92,1
DA:93,1
DA:94,1
DA:96,22
DA:100,5
DA:105,21
DA:106,21
DA:107,22
DA:108,8
DA:109,18
DA:110,18
DA:112,0
DA:113,0
DA:114,0
DA:115,0
DA:117,0
DA:118,0
DA:119,0
DA:120,0
DA:123,0
DA:126,21
DA:127,10
DA:130,6
DA:131,7
DA:132,11
DA:133,10
DA:134,3
DA:135,26
DA:138,8
DA:139,10
DA:141,22
DA:142,18
DA:143,37
DA:144,3
DA:145,7
DA:148,12
DA:149,10
DA:153,0
DA:154,0
DA:155,0
DA:156,0
DA:157,0
DA:158,0
DA:161,0
DA:162,0
DA:164,0
DA:165,0
DA:166,0
DA:167,0
DA:168,0
DA:171,0
DA:172,0
DA:173,0
DA:177,0
DA:178,0
DA:179,0
DA:181,0
DA:182,0
DA:185,0
DA:186,0
DA:187,0
DA:188,0
DA:192,4
DA:193,26
DA:194,33
DA:195,52
DA:198,6
DA:204,44
DA:205,81
DA:206,44
DA:209,0
DA:213,0
DA:214,0
DA:215,0
DA:219,0
DA:221,0
DA:222,0
DA:224,0
DA:225,0
DA:227,0
DA:229,0
DA:230,0
DA:231,0
DA:233,0
DA:234,0
DA:235,0
DA:236,0
DA:237,0
DA:241,0
DA:242,0
DA:245,0
DA:247,0
DA:248,0
DA:249,0
DA:251,0
DA:252,0
DA:253,0
DA:254,0
DA:255,0
DA:256,0
DA:258,0
DA:259,0
DA:263,4
DA:264,12
DA:265,3
DA:266,4
DA:269,2
DA:270,3
DA:271,4
DA:274,10
DA:275,22
DA:277,44
DA:278,4
DA:279,0
DA:281,0
DA:283,0
DA:289,5
DA:290,1
DA:292,4
DA:294,9
end_of_record

SF:/Users/markjonathas/Desktop/audits/guardian/pinto fuzzing/Pinto-fuzzing/contracts/libraries/LibDibbler.sol
DA:24,0
DA:32,0
DA:35,0
DA:40,0
DA:44,0
DA:46,0
DA:47,0
DA:61,0
DA:66,0
DA:68,0
DA:70,0
DA:71,0
DA:74,0
DA:75,0
DA:79,0
DA:86,0
DA:91,0
DA:92,0
DA:93,0
DA:94,0
DA:95,0
DA:121,0
DA:126,0
DA:127,0
DA:128,0
DA:130,0
DA:131,0
DA:132,0
DA:133,0
DA:137,0
DA:138,0
DA:141,0
DA:142,0
DA:145,0
DA:148,0
DA:149,0
DA:151,0
DA:154,0
DA:156,0
DA:157,0
DA:158,0
DA:159,0
DA:160,0
DA:161,0
DA:163,0
DA:164,0
DA:165,0
DA:189,0
DA:190,0
DA:193,0
DA:195,0
DA:198,0
DA:207,0
DA:210,0
DA:211,0
DA:212,0
DA:213,0
DA:214,0
DA:219,0
DA:220,0
DA:225,0
DA:226,0
DA:227,0
DA:228,0
DA:244,0
DA:245,0
DA:246,0
DA:248,0
DA:251,0
DA:254,0
DA:255,0
DA:259,0
DA:260,0
DA:261,0
DA:262,0
DA:263,0
DA:265,0
DA:268,0
DA:271,0
DA:272,0
DA:275,0
DA:279,0
DA:280,0
DA:281,0
DA:284,0
DA:288,0
DA:292,0
DA:293,0
DA:294,0
DA:295,0
DA:298,0
DA:302,0
DA:305,0
DA:306,0
DA:307,0
DA:310,0
DA:314,0
DA:319,0
DA:320,0
DA:321,0
DA:322,0
DA:323,0
DA:326,0
DA:330,0
DA:333,0
DA:334,0
DA:335,0
DA:338,0
DA:342,0
DA:346,0
DA:347,0
DA:348,0
DA:349,0
DA:352,0
DA:356,0
DA:359,0
DA:360,0
DA:361,0
DA:364,0
DA:368,0
DA:381,0
DA:382,0
DA:384,0
DA:385,0
DA:393,0
DA:394,0
DA:396,0
DA:412,0
DA:415,0
DA:416,0
DA:423,0
DA:427,0
DA:428,0
DA:429,0
DA:430,0
DA:431,0
DA:451,0
DA:455,0
DA:456,0
DA:457,0
DA:458,0
DA:459,0
DA:460,0
DA:467,0
DA:468,0
DA:471,0
DA:472,0
DA:473,0
DA:474,0
DA:475,0
DA:479,0
DA:480,0
DA:481,0
DA:482,0
DA:490,0
DA:494,0
DA:495,0
DA:496,0
DA:497,0
DA:498,0
DA:499,0
DA:500,0
DA:501,0
DA:507,0
DA:511,0
DA:512,0
DA:513,0
end_of_record

SF:/Users/markjonathas/Desktop/audits/guardian/pinto fuzzing/Pinto-fuzzing/contracts/libraries/LibEvaluate.sol
DA:30,0
DA:33,0
DA:34,0
DA:38,0
DA:45,0
DA:46,0
DA:47,0
DA:48,0
DA:49,0
DA:74,0
DA:75,0
DA:76,0
DA:77,0
DA:78,0
DA:79,0
DA:80,0
DA:81,0
DA:90,0
DA:91,0
DA:92,0
DA:93,0
DA:95,0
DA:98,0
DA:107,0
DA:109,0
DA:110,0
DA:112,0
DA:113,0
DA:115,0
DA:116,0
DA:127,0
DA:129,0
DA:130,0
DA:132,0
DA:133,0
DA:135,0
DA:136,0
DA:138,0
DA:139,0
DA:148,0
DA:153,0
DA:154,0
DA:155,0
DA:157,0
DA:158,0
DA:161,0
DA:166,0
DA:167,0
DA:168,0
DA:169,0
DA:170,0
DA:171,0
DA:173,0
DA:174,0
DA:177,0
DA:178,0
DA:185,0
DA:186,0
DA:194,0
DA:197,0
DA:198,0
DA:199,0
DA:200,0
DA:201,0
DA:204,0
DA:214,0
DA:219,0
DA:220,0
DA:222,0
DA:224,0
DA:225,0
DA:226,0
DA:227,0
DA:228,0
DA:229,0
DA:231,0
DA:233,0
DA:235,0
DA:236,0
DA:237,0
DA:241,0
DA:242,0
DA:246,0
DA:253,0
DA:254,0
DA:255,0
DA:258,0
DA:266,0
DA:269,0
DA:276,0
DA:278,0
DA:279,0
DA:281,0
DA:282,0
DA:283,0
DA:284,0
DA:285,0
DA:286,0
DA:287,0
DA:288,0
DA:291,0
DA:294,0
DA:295,0
DA:296,0
DA:300,0
DA:302,0
DA:303,0
DA:304,0
DA:305,0
DA:306,0
DA:307,0
DA:308,0
DA:316,0
DA:319,0
DA:320,0
DA:321,0
DA:322,0
DA:323,0
DA:324,0
DA:325,0
DA:326,0
DA:338,0
DA:339,0
DA:340,0
DA:343,0
DA:344,0
DA:346,0
DA:347,0
DA:350,0
DA:351,0
DA:352,0
end_of_record

SF:/Users/markjonathas/Desktop/audits/guardian/pinto fuzzing/Pinto-fuzzing/contracts/libraries/LibFarm.sol
DA:25,0
DA:31,0
DA:34,0
DA:35,0
DA:38,0
DA:39,0
DA:40,0
DA:41,0
DA:42,0
DA:43,0
DA:44,0
DA:46,0
DA:54,0
DA:55,0
DA:56,0
DA:58,0
DA:60,0
DA:61,0
DA:62,0
DA:72,0
DA:75,0
DA:76,0
DA:79,0
DA:82,0
DA:83,0
DA:84,0
end_of_record

SF:/Users/markjonathas/Desktop/audits/guardian/pinto fuzzing/Pinto-fuzzing/contracts/libraries/LibFunction.sol
DA:14,0
DA:20,0
DA:21,0
DA:24,0
DA:26,0
DA:28,0
DA:38,0
DA:39,0
DA:40,0
DA:41,0
end_of_record

SF:/Users/markjonathas/Desktop/audits/guardian/pinto fuzzing/Pinto-fuzzing/contracts/libraries/LibGauge.sol
DA:21,0
DA:26,0
DA:27,0
DA:28,0
DA:29,0
DA:32,0
DA:36,0
DA:64,0
DA:65,0
DA:66,0
DA:67,0
DA:68,0
DA:69,0
DA:70,0
DA:74,0
DA:76,0
DA:83,0
DA:86,0
DA:87,0
DA:88,0
DA:89,0
DA:91,0
DA:92,0
DA:93,0
DA:94,0
DA:96,0
DA:99,0
DA:100,0
DA:101,0
DA:103,0
DA:105,0
DA:107,0
DA:109,0
DA:110,0
DA:111,0
DA:112,0
DA:113,0
DA:115,0
DA:116,0
DA:117,0
DA:118,0
DA:119,0
DA:124,0
DA:125,0
DA:127,0
DA:128,0
DA:129,0
DA:131,0
DA:133,0
DA:134,0
DA:135,0
DA:136,0
DA:137,0
DA:138,0
DA:144,0
DA:147,0
DA:148,0
DA:149,0
DA:152,0
DA:154,0
DA:155,0
DA:157,0
DA:159,0
DA:160,0
DA:161,0
DA:162,0
DA:165,0
DA:166,0
DA:172,0
DA:173,0
DA:175,0
DA:176,0
DA:186,0
DA:190,0
DA:192,0
DA:193,0
DA:194,0
DA:197,0
DA:198,0
DA:199,0
DA:202,0
DA:203,0
DA:204,0
DA:205,0
DA:206,0
DA:207,0
DA:208,0
DA:209,0
DA:210,0
DA:214,0
DA:215,0
DA:216,0
DA:225,0
DA:230,0
DA:231,0
DA:232,0
DA:233,0
DA:236,0
DA:240,0
DA:241,0
DA:246,0
DA:248,0
DA:249,0
DA:253,0
DA:256,0
DA:257,0
DA:261,0
DA:264,0
DA:268,0
DA:269,0
DA:271,0
DA:272,0
DA:273,0
DA:274,0
DA:275,0
DA:287,0
DA:291,0
DA:292,0
DA:293,0
DA:297,0
DA:298,0
DA:300,0
DA:318,0
DA:319,0
DA:323,0
DA:324,0
DA:325,0
DA:332,0
DA:333,0
DA:334,0
DA:336,0
DA:341,0
DA:342,0
DA:344,0
DA:345,0
DA:355,0
DA:356,0
DA:357,0
DA:358,0
DA:359,0
DA:367,0
DA:368,0
DA:369,0
DA:370,0
DA:371,0
DA:387,0
DA:389,0
DA:390,0
DA:391,0
DA:392,0
DA:393,0
DA:395,0
DA:396,0
DA:397,0
DA:398,0
DA:399,0
end_of_record

SF:/Users/markjonathas/Desktop/audits/guardian/pinto fuzzing/Pinto-fuzzing/contracts/libraries/LibGaugeHelpers.sol
DA:11,0
DA:45,0
DA:46,0
DA:47,0
DA:48,0
DA:56,0
DA:57,0
DA:58,0
DA:59,0
DA:60,0
DA:61,0
DA:62,0
DA:65,0
DA:72,0
DA:75,0
DA:77,0
DA:78,0
DA:82,0
DA:83,0
DA:86,0
DA:87,0
DA:89,0
DA:90,0
DA:93,0
DA:96,5
DA:97,7
DA:99,29
DA:100,59
DA:101,0
DA:104,69
DA:105,122
DA:107,19
DA:140,0
DA:141,0
DA:142,0
DA:152,0
DA:158,0
DA:159,0
DA:160,0
DA:161,0
DA:163,0
DA:166,0
DA:167,0
DA:169,0
DA:173,0
DA:181,0
DA:188,0
DA:191,0
DA:192,0
DA:196,0
DA:197,0
DA:198,0
DA:200,0
DA:202,0
DA:203,0
DA:204,0
DA:206,0
DA:211,0
DA:215,0
DA:216,0
DA:220,0
end_of_record

SF:/Users/markjonathas/Desktop/audits/guardian/pinto fuzzing/Pinto-fuzzing/contracts/libraries/LibIncentive.sol
DA:14,0
DA:25,0
DA:28,0
DA:35,0
DA:36,0
DA:39,0
DA:40,0
DA:46,0
DA:55,0
DA:58,0
DA:60,0
DA:61,0
DA:68,0
DA:69,0
DA:70,0
DA:72,0
DA:73,0
DA:75,0
DA:76,0
DA:78,0
DA:79,0
DA:81,0
DA:82,0
DA:84,0
DA:85,0
DA:87,0
DA:88,0
DA:90,0
DA:91,0
DA:93,0
DA:94,0
DA:96,0
DA:97,0
DA:99,0
DA:100,0
DA:102,0
DA:103,0
DA:105,0
DA:106,0
DA:108,0
DA:109,0
DA:111,0
DA:112,0
DA:114,0
DA:115,0
DA:117,0
DA:118,0
DA:119,0
DA:121,0
DA:122,0
DA:124,0
DA:125,0
DA:127,0
DA:128,0
DA:130,0
DA:131,0
DA:133,0
DA:134,0
DA:136,0
DA:137,0
DA:139,0
DA:140,0
DA:142,0
DA:143,0
DA:145,0
DA:146,0
DA:148,0
DA:149,0
DA:151,0
DA:152,0
DA:154,0
DA:155,0
DA:157,0
DA:158,0
DA:160,0
DA:161,0
DA:163,0
DA:164,0
DA:165,0
DA:167,0
DA:168,0
DA:170,0
DA:171,0
DA:173,0
DA:174,0
DA:176,0
DA:177,0
DA:179,0
DA:180,0
DA:182,0
DA:183,0
DA:185,0
DA:186,0
DA:188,0
DA:189,0
DA:191,0
DA:192,0
DA:194,0
DA:195,0
DA:197,0
DA:198,0
DA:200,0
DA:201,0
DA:203,0
DA:204,0
DA:206,0
DA:207,0
DA:209,0
DA:210,0
DA:211,0
DA:213,0
DA:214,0
DA:216,0
DA:217,0
DA:219,0
DA:220,0
DA:222,0
DA:223,0
DA:225,0
DA:226,0
DA:228,0
DA:229,0
DA:231,0
DA:232,0
DA:234,0
DA:235,0
DA:237,0
DA:238,0
DA:240,0
DA:241,0
DA:243,0
DA:244,0
DA:246,0
DA:247,0
DA:249,0
DA:250,0
DA:252,0
DA:253,0
DA:255,0
DA:256,0
DA:257,0
DA:259,0
DA:260,0
DA:262,0
DA:263,0
DA:265,0
DA:266,0
DA:268,0
DA:269,0
DA:271,0
DA:272,0
DA:274,0
DA:275,0
DA:277,0
DA:278,0
DA:280,0
DA:281,0
DA:283,0
DA:284,0
DA:286,0
DA:287,0
DA:289,0
DA:290,0
DA:292,0
DA:293,0
DA:295,0
DA:296,0
DA:298,0
DA:299,0
DA:301,0
DA:302,0
DA:303,0
DA:305,0
DA:306,0
DA:308,0
DA:309,0
DA:311,0
DA:312,0
DA:314,0
DA:315,0
DA:317,0
DA:318,0
DA:320,0
DA:321,0
DA:323,0
DA:324,0
DA:326,0
DA:327,0
DA:329,0
DA:330,0
DA:332,0
DA:333,0
DA:335,0
DA:336,0
DA:338,0
DA:339,0
DA:341,0
DA:342,0
DA:344,0
DA:345,0
DA:347,0
DA:348,0
DA:349,0
DA:351,0
DA:352,0
DA:354,0
DA:355,0
DA:357,0
DA:358,0
DA:360,0
DA:361,0
DA:363,0
DA:364,0
DA:366,0
DA:367,0
DA:369,0
DA:370,0
DA:372,0
DA:373,0
DA:375,0
DA:376,0
DA:378,0
DA:379,0
DA:381,0
DA:382,0
DA:384,0
DA:385,0
DA:387,0
DA:388,0
DA:390,0
DA:391,0
DA:393,0
DA:394,0
DA:395,0
DA:397,0
DA:398,0
DA:400,0
DA:401,0
DA:403,0
DA:404,0
DA:406,0
DA:407,0
DA:409,0
DA:410,0
DA:412,0
DA:413,0
DA:415,0
DA:416,0
DA:418,0
DA:419,0
DA:421,0
DA:422,0
DA:424,0
DA:425,0
DA:427,0
DA:428,0
DA:430,0
DA:431,0
DA:433,0
DA:434,0
DA:436,0
DA:437,0
DA:438,0
DA:440,0
DA:441,0
DA:443,0
DA:444,0
DA:446,0
DA:447,0
DA:449,0
DA:450,0
DA:452,0
DA:453,0
DA:455,0
DA:456,0
DA:458,0
DA:459,0
DA:461,0
DA:462,0
DA:464,0
DA:465,0
DA:467,0
DA:468,0
DA:470,0
DA:471,0
DA:473,0
DA:474,0
DA:476,0
DA:477,0
DA:479,0
DA:480,0
DA:482,0
DA:483,0
DA:485,0
DA:486,0
DA:487,0
DA:489,0
DA:490,0
DA:492,0
DA:493,0
DA:495,0
DA:496,0
DA:498,0
DA:499,0
DA:501,0
DA:502,0
DA:504,0
DA:505,0
DA:507,0
DA:508,0
DA:510,0
DA:511,0
DA:513,0
DA:514,0
DA:516,0
DA:517,0
DA:519,0
DA:520,0
DA:522,0
DA:523,0
DA:525,0
DA:526,0
DA:528,0
DA:529,0
DA:532,0
DA:536,0
DA:537,0
end_of_record

SF:/Users/markjonathas/Desktop/audits/guardian/pinto fuzzing/Pinto-fuzzing/contracts/libraries/LibMarket.sol
DA:13,0
DA:16,0
DA:17,0
DA:18,0
DA:19,0
DA:23,0
DA:25,0
end_of_record

SF:/Users/markjonathas/Desktop/audits/guardian/pinto fuzzing/Pinto-fuzzing/contracts/libraries/LibReceiving.sol
DA:23,0
DA:40,0
DA:45,0
DA:46,0
DA:47,0
DA:48,0
DA:49,0
DA:50,0
DA:51,0
DA:52,0
DA:62,0
DA:63,0
DA:68,0
DA:72,0
DA:75,0
DA:76,0
DA:79,0
DA:88,0
DA:89,0
DA:91,0
DA:92,0
DA:93,0
DA:96,0
DA:99,0
DA:100,0
DA:102,0
DA:103,0
DA:104,0
DA:105,0
DA:106,0
DA:107,0
DA:111,0
DA:114,0
DA:115,0
DA:117,0
DA:118,0
DA:119,0
DA:120,0
DA:121,0
DA:122,0
DA:126,0
end_of_record

SF:/Users/markjonathas/Desktop/audits/guardian/pinto fuzzing/Pinto-fuzzing/contracts/libraries/LibShipping.sol
DA:15,0
DA:27,0
DA:28,0
DA:30,0
DA:31,0
DA:32,0
DA:33,0
DA:34,0
DA:35,0
DA:40,0
DA:41,0
DA:44,0
DA:47,0
DA:49,0
DA:50,0
DA:51,0
DA:52,0
DA:53,0
DA:54,0
DA:59,0
DA:63,0
DA:64,0
DA:65,0
DA:66,0
DA:67,0
DA:68,0
DA:72,0
DA:81,0
DA:87,0
DA:89,0
DA:90,0
DA:99,0
DA:101,0
DA:102,0
DA:103,0
DA:104,0
DA:105,0
DA:107,0
DA:108,0
DA:110,0
DA:112,0
end_of_record

SF:/Users/markjonathas/Desktop/audits/guardian/pinto fuzzing/Pinto-fuzzing/contracts/libraries/LibTractor.sol
DA:10,0
DA:16,0
DA:18,0
DA:19,0
DA:23,0
DA:24,0
DA:25,0
DA:70,4
DA:73,3
DA:80,3
DA:81,16
DA:82,17
DA:89,0
DA:90,0
DA:98,0
DA:99,0
DA:106,0
DA:107,0
DA:108,0
DA:109,0
DA:112,0
DA:118,2
DA:119,26
DA:125,0
DA:126,0
DA:132,0
DA:133,0
DA:134,0
DA:135,0
DA:144,0
DA:145,0
DA:155,0
DA:156,0
DA:157,0
DA:158,0
DA:159,0
DA:161,0
DA:162,0
DA:163,0
DA:164,0
DA:165,0
DA:166,0
DA:182,0
DA:183,0
DA:189,0
DA:190,0
DA:191,0
DA:192,0
DA:195,0
DA:196,0
DA:197,0
DA:206,0
DA:207,0
DA:213,0
DA:214,0
DA:221,0
DA:222,0
DA:229,0
DA:230,0
DA:236,0
DA:237,0
DA:244,0
DA:245,0
end_of_record

SF:/Users/markjonathas/Desktop/audits/guardian/pinto fuzzing/Pinto-fuzzing/contracts/libraries/Math/LibPRBMathRoundable.sol
DA:11,0
DA:21,0
DA:26,0
DA:27,0
DA:28,0
DA:29,0
DA:31,0
end_of_record

SF:/Users/markjonathas/Desktop/audits/guardian/pinto fuzzing/Pinto-fuzzing/contracts/libraries/Math/LibRedundantMath128.sol
DA:15,0
DA:26,0
DA:27,0
DA:40,0
DA:41,0
end_of_record

SF:/Users/markjonathas/Desktop/audits/guardian/pinto fuzzing/Pinto-fuzzing/contracts/libraries/Math/LibRedundantMath256.sol
DA:15,0
DA:26,0
DA:27,0
DA:40,7
DA:41,10
DA:54,0
DA:55,0
DA:70,7
DA:71,10
DA:86,0
DA:87,0
end_of_record

SF:/Users/markjonathas/Desktop/audits/guardian/pinto fuzzing/Pinto-fuzzing/contracts/libraries/Math/LibRedundantMath32.sol
DA:15,0
DA:26,0
DA:27,0
DA:40,0
DA:41,0
DA:86,0
DA:87,0
end_of_record

SF:/Users/markjonathas/Desktop/audits/guardian/pinto fuzzing/Pinto-fuzzing/contracts/libraries/Math/LibRedundantMathSigned128.sol
DA:15,0
end_of_record

SF:/Users/markjonathas/Desktop/audits/guardian/pinto fuzzing/Pinto-fuzzing/contracts/libraries/Math/LibRedundantMathSigned256.sol
DA:15,0
DA:26,0
DA:27,0
DA:40,0
DA:41,0
DA:54,0
DA:55,0
DA:70,0
DA:71,0
end_of_record

SF:/Users/markjonathas/Desktop/audits/guardian/pinto fuzzing/Pinto-fuzzing/contracts/libraries/Math/LibRedundantMathSigned96.sol
DA:15,0
DA:40,0
DA:41,0
DA:54,0
DA:55,0
end_of_record

SF:/Users/markjonathas/Desktop/audits/guardian/pinto fuzzing/Pinto-fuzzing/contracts/libraries/Minting/LibMinting.sol
DA:16,0
DA:19,0
DA:23,0
DA:24,0
DA:26,0
DA:27,0
DA:31,0
DA:33,0
DA:34,0
end_of_record

SF:/Users/markjonathas/Desktop/audits/guardian/pinto fuzzing/Pinto-fuzzing/contracts/libraries/Minting/LibWellMinting.sol
DA:33,0
DA:52,0
DA:53,0
DA:54,0
DA:62,0
DA:63,0
DA:66,0
DA:67,0
DA:78,0
DA:79,0
DA:82,0
DA:83,0
DA:85,0
DA:88,0
DA:97,0
DA:98,0
DA:102,0
DA:103,0
DA:106,0
DA:107,0
DA:109,0
DA:117,0
DA:120,0
DA:121,0
DA:122,0
DA:123,0
DA:124,0
DA:125,0
DA:126,0
DA:133,0
DA:134,0
DA:135,0
DA:142,0
DA:147,0
DA:149,0
DA:150,0
DA:151,0
DA:152,0
DA:156,0
DA:157,0
DA:161,0
DA:162,0
DA:165,0
DA:167,0
DA:174,0
DA:179,0
DA:180,0
DA:181,0
DA:182,0
DA:183,0
DA:184,0
DA:185,0
DA:186,0
DA:189,0
DA:191,0
DA:199,0
DA:202,0
DA:203,0
DA:206,0
DA:207,0
DA:208,0
DA:209,0
DA:210,0
DA:211,0
DA:212,0
DA:216,0
DA:217,0
DA:218,0
DA:219,0
DA:220,0
DA:221,0
DA:226,0
DA:235,0
DA:236,0
DA:237,0
DA:238,0
DA:241,0
DA:242,0
DA:245,0
DA:246,0
DA:248,0
DA:255,0
DA:256,0
DA:257,0
DA:258,0
DA:259,0
end_of_record

SF:/Users/markjonathas/Desktop/audits/guardian/pinto fuzzing/Pinto-fuzzing/contracts/libraries/Oracle/LibChainlinkOracle.sol
DA:17,0
DA:20,0
DA:40,9
DA:46,1
DA:47,2
DA:48,8
DA:49,0
DA:50,8
DA:53,8
DA:58,1
DA:59,11
DA:69,9
DA:74,3
DA:75,4
DA:77,1
DA:78,64
DA:80,3
DA:83,0
DA:87,68
DA:95,8
DA:96,12
DA:97,0
DA:101,9
DA:104,5
DA:105,29
DA:108,0
DA:112,0
DA:122,0
DA:128,0
DA:130,0
DA:131,0
DA:133,0
DA:136,0
DA:140,0
DA:146,0
DA:148,0
DA:149,0
DA:150,0
DA:153,0
DA:155,0
DA:157,0
DA:159,0
DA:162,0
DA:163,0
DA:164,0
DA:167,0
DA:170,0
DA:173,0
DA:175,0
DA:176,0
DA:178,0
DA:179,0
DA:181,0
DA:182,0
DA:183,0
DA:184,0
DA:185,0
DA:187,0
DA:188,0
DA:189,0
DA:190,0
DA:191,0
DA:192,0
DA:195,0
DA:198,0
DA:199,0
DA:201,0
DA:202,0
DA:204,0
DA:205,0
DA:207,0
DA:212,0
DA:216,0
DA:219,0
DA:220,0
DA:227,0
DA:229,0
DA:233,9
DA:238,1
DA:240,15
DA:242,17
DA:244,6
DA:246,3
end_of_record

SF:/Users/markjonathas/Desktop/audits/guardian/pinto fuzzing/Pinto-fuzzing/contracts/libraries/Oracle/LibDeltaB.sol
DA:21,0
DA:25,0
DA:31,0
DA:32,0
DA:33,0
DA:34,0
DA:37,0
DA:38,0
DA:46,0
DA:47,0
DA:48,0
DA:51,0
DA:52,0
DA:54,0
DA:56,0
DA:63,0
DA:64,0
DA:65,0
DA:66,0
DA:67,0
DA:76,0
DA:78,0
DA:79,0
DA:81,0
DA:84,0
DA:86,0
DA:95,0
DA:97,0
DA:98,0
DA:100,0
DA:103,0
DA:105,0
DA:112,0
DA:113,0
DA:114,0
DA:115,0
DA:118,0
DA:119,0
DA:120,0
DA:124,0
DA:125,0
DA:128,0
DA:132,0
DA:133,0
DA:134,0
DA:135,0
DA:136,0
DA:143,0
DA:144,0
DA:145,0
DA:146,0
DA:147,0
DA:156,0
DA:158,0
DA:159,0
DA:160,0
DA:161,0
DA:162,0
DA:163,0
DA:164,0
DA:168,0
DA:171,0
DA:172,0
DA:173,0
DA:174,0
DA:180,0
DA:184,0
DA:185,0
DA:194,0
DA:198,0
DA:199,0
DA:200,0
DA:202,0
DA:203,0
DA:204,0
DA:208,0
DA:209,0
DA:213,0
DA:214,0
DA:217,0
DA:218,0
DA:219,0
DA:220,0
DA:221,0
DA:222,0
DA:225,0
DA:227,0
end_of_record

SF:/Users/markjonathas/Desktop/audits/guardian/pinto fuzzing/Pinto-fuzzing/contracts/libraries/Oracle/LibUniswapOracle.sol
DA:19,0
DA:21,0
DA:22,0
DA:31,0
DA:37,0
DA:38,0
DA:39,0
DA:41,0
DA:42,0
DA:43,0
DA:44,0
DA:45,0
DA:48,0
DA:49,0
DA:50,0
DA:53,0
DA:56,0
DA:57,0
DA:59,0
DA:63,0
DA:71,0
DA:74,0
DA:75,0
DA:77,0
DA:78,0
DA:79,0
DA:81,0
DA:84,0
DA:85,0
DA:86,0
DA:87,0
DA:90,0
DA:91,0
DA:92,0
end_of_record

SF:/Users/markjonathas/Desktop/audits/guardian/pinto fuzzing/Pinto-fuzzing/contracts/libraries/Oracle/LibUniswapOracleLibrary.sol
DA:12,0
DA:55,0
DA:60,0
DA:61,0
DA:64,0
DA:65,0
DA:66,0
DA:67,0
DA:68,0
DA:69,0
DA:70,0
DA:71,0
DA:72,0
DA:73,0
end_of_record

SF:/Users/markjonathas/Desktop/audits/guardian/pinto fuzzing/Pinto-fuzzing/contracts/libraries/Oracle/LibUsdOracle.sol
DA:25,0
DA:28,0
DA:41,0
DA:44,0
DA:47,0
DA:48,0
DA:56,0
DA:58,0
DA:68,0
DA:72,0
DA:73,0
DA:82,0
DA:83,0
DA:92,0
DA:97,0
DA:98,0
DA:99,0
DA:103,0
DA:104,0
DA:105,0
DA:106,0
DA:107,0
DA:108,0
DA:109,0
DA:110,0
DA:112,0
DA:118,0
DA:120,0
DA:121,0
DA:126,0
DA:127,0
DA:128,0
DA:129,0
DA:130,0
DA:131,0
DA:132,0
DA:133,0
DA:137,0
DA:140,0
DA:141,0
DA:142,0
DA:143,0
DA:144,0
DA:145,0
DA:146,0
DA:151,0
DA:155,0
DA:156,0
DA:158,0
DA:162,0
DA:165,0
DA:169,0
DA:173,0
DA:174,0
DA:175,0
DA:178,0
DA:179,0
DA:182,0
DA:183,0
DA:184,0
end_of_record

SF:/Users/markjonathas/Desktop/audits/guardian/pinto fuzzing/Pinto-fuzzing/contracts/libraries/Silo/LibFlood.sol
DA:22,0
DA:26,0
DA:78,0
DA:79,0
DA:82,0
DA:85,0
DA:86,0
DA:87,0
DA:88,0
DA:90,0
DA:91,0
DA:92,0
DA:93,0
DA:96,0
DA:98,0
DA:99,0
DA:100,0
DA:101,0
DA:102,0
DA:103,0
DA:104,0
DA:105,0
DA:106,0
DA:107,0
DA:108,0
DA:109,0
DA:112,0
DA:113,0
DA:116,0
DA:117,0
DA:125,0
DA:126,0
DA:128,0
DA:129,0
DA:130,0
DA:132,0
DA:133,0
DA:134,0
DA:135,0
DA:137,0
DA:138,0
DA:139,0
DA:145,0
DA:146,0
DA:149,0
DA:150,0
DA:151,0
DA:152,0
DA:154,0
DA:160,0
DA:164,0
DA:165,0
DA:168,0
DA:169,0
DA:170,0
DA:171,0
DA:172,0
DA:173,0
DA:176,0
DA:179,0
DA:180,0
DA:181,0
DA:182,0
DA:185,0
DA:187,0
DA:188,0
DA:189,0
DA:190,0
DA:191,0
DA:196,0
DA:197,0
DA:207,0
DA:208,0
DA:209,0
DA:210,0
DA:211,0
DA:212,0
DA:215,0
DA:217,0
DA:224,0
DA:225,0
DA:226,0
DA:227,0
DA:228,0
DA:231,0
DA:234,0
DA:235,0
DA:237,0
DA:239,0
DA:242,0
DA:243,0
DA:244,0
DA:245,0
DA:246,0
DA:251,0
DA:255,0
DA:256,0
DA:257,0
DA:264,0
DA:265,0
DA:268,0
DA:269,0
DA:273,0
DA:274,0
DA:277,0
DA:280,0
DA:282,0
DA:284,0
DA:286,0
DA:287,0
DA:289,0
DA:292,0
DA:296,0
DA:297,0
DA:298,0
DA:299,0
DA:301,0
DA:302,0
DA:303,0
DA:305,0
DA:306,0
DA:307,0
DA:308,0
DA:309,0
DA:311,0
DA:316,0
DA:319,0
DA:323,0
DA:324,0
DA:327,0
DA:328,0
DA:330,0
DA:331,0
DA:332,0
DA:334,0
DA:335,0
DA:337,0
DA:341,0
DA:342,0
DA:344,0
DA:345,0
DA:347,0
DA:352,0
DA:353,0
DA:354,0
DA:355,0
DA:356,0
DA:357,0
DA:358,0
DA:359,0
DA:360,0
DA:364,0
DA:365,0
DA:367,0
DA:368,0
DA:370,0
DA:384,0
DA:385,0
DA:386,0
DA:387,0
DA:389,0
DA:390,0
DA:393,0
DA:394,0
DA:395,0
DA:396,0
DA:397,0
DA:398,0
DA:399,0
DA:400,0
DA:402,0
DA:403,0
DA:404,0
DA:405,0
DA:406,0
DA:407,0
DA:408,0
DA:416,0
DA:417,0
DA:418,0
DA:421,0
DA:424,0
DA:431,0
DA:436,0
DA:438,0
DA:440,0
DA:443,0
DA:447,0
DA:448,0
DA:450,0
DA:453,0
DA:454,0
DA:455,0
DA:457,0
DA:460,0
DA:464,0
DA:465,0
DA:466,0
DA:468,0
DA:470,0
DA:473,0
end_of_record

SF:/Users/markjonathas/Desktop/audits/guardian/pinto fuzzing/Pinto-fuzzing/contracts/libraries/Silo/LibGerminate.sol
DA:28,0
DA:87,0
DA:88,0
DA:91,0
DA:92,0
DA:97,0
DA:98,0
DA:99,0
DA:100,0
DA:101,0
DA:102,0
DA:103,0
DA:106,0
DA:108,0
DA:109,0
DA:112,0
DA:113,0
DA:115,0
DA:116,0
DA:119,0
DA:120,0
DA:121,0
DA:122,0
DA:126,0
DA:127,0
DA:128,0
DA:129,0
DA:130,0
DA:133,0
DA:137,0
DA:138,0
DA:139,0
DA:141,0
DA:142,0
DA:143,0
DA:165,0
DA:169,0
DA:170,0
DA:171,0
DA:172,0
DA:173,0
DA:174,0
DA:179,0
DA:180,0
DA:181,0
DA:182,0
DA:183,0
DA:184,0
DA:186,0
DA:187,0
DA:188,0
DA:189,0
DA:190,0
DA:191,0
DA:192,0
DA:197,0
DA:198,0
DA:199,0
DA:200,0
DA:201,0
DA:202,0
DA:204,0
DA:205,0
DA:206,0
DA:207,0
DA:208,0
DA:209,0
DA:214,0
DA:215,0
DA:216,0
DA:219,0
DA:220,0
DA:221,0
DA:222,0
DA:236,0
DA:241,0
DA:242,0
DA:244,0
DA:246,0
DA:247,0
DA:248,0
DA:250,0
DA:251,0
DA:255,0
DA:258,0
DA:260,0
DA:261,0
DA:264,0
DA:266,0
DA:274,0
DA:277,0
DA:278,0
DA:282,0
DA:283,0
DA:286,0
DA:287,0
DA:297,0
DA:300,0
DA:301,0
DA:302,0
DA:303,0
DA:304,0
DA:306,0
DA:307,0
DA:315,0
DA:319,0
DA:322,0
DA:323,0
DA:326,0
DA:327,0
DA:328,0
DA:334,0
DA:335,0
DA:336,0
DA:340,0
DA:341,0
DA:342,0
DA:343,0
DA:353,0
DA:356,0
DA:357,0
DA:361,0
DA:362,0
DA:363,0
DA:364,0
DA:365,0
DA:366,0
DA:368,0
DA:385,0
DA:387,0
DA:388,0
DA:389,0
DA:390,0
DA:391,0
DA:392,0
DA:393,0
DA:404,0
DA:407,0
DA:408,0
DA:409,0
DA:417,0
DA:418,0
DA:419,0
DA:426,0
DA:427,0
DA:435,0
DA:436,0
DA:448,0
DA:451,0
DA:452,0
DA:461,0
DA:463,0
DA:464,0
DA:466,0
DA:467,0
DA:468,0
DA:469,0
DA:472,0
DA:474,0
DA:475,0
DA:476,0
DA:477,0
DA:479,0
DA:480,0
DA:481,0
DA:494,0
DA:497,0
DA:498,0
DA:501,0
DA:507,0
DA:508,0
DA:510,0
DA:519,0
DA:520,0
DA:526,0
DA:527,0
DA:534,0
DA:535,0
DA:536,0
DA:542,0
DA:543,0
end_of_record

SF:/Users/markjonathas/Desktop/audits/guardian/pinto fuzzing/Pinto-fuzzing/contracts/libraries/Silo/LibSilo.sol
DA:44,0
DA:156,0
DA:157,0
DA:158,0
DA:159,0
DA:160,0
DA:164,0
DA:168,0
DA:169,0
DA:172,0
DA:173,0
DA:175,0
DA:187,0
DA:188,0
DA:190,0
DA:192,0
DA:204,0
DA:205,0
DA:207,0
DA:211,0
DA:212,0
DA:213,0
DA:215,0
DA:219,0
DA:220,0
DA:221,0
DA:222,0
DA:224,0
DA:232,0
DA:235,0
DA:236,0
DA:237,0
DA:240,0
DA:241,0
DA:244,0
DA:245,0
DA:248,0
DA:249,0
DA:255,0
DA:256,0
DA:257,0
DA:259,0
DA:261,0
DA:265,0
DA:272,0
DA:273,0
DA:275,0
DA:279,0
DA:280,0
DA:281,0
DA:283,0
DA:287,0
DA:288,0
DA:289,0
DA:290,0
DA:292,0
DA:302,0
DA:303,0
DA:304,0
DA:306,0
DA:307,0
DA:308,0
DA:311,0
DA:312,0
DA:313,0
DA:317,0
DA:318,0
DA:319,0
DA:320,0
DA:324,0
DA:325,0
DA:326,0
DA:333,0
DA:338,0
DA:339,0
DA:342,0
DA:343,0
DA:346,0
DA:347,0
DA:348,0
DA:349,0
DA:351,0
DA:352,0
DA:353,0
DA:354,0
DA:362,0
DA:367,0
DA:368,0
DA:369,0
DA:371,0
DA:372,0
DA:373,0
DA:375,0
DA:376,0
DA:377,0
DA:386,0
DA:389,0
DA:390,0
DA:391,0
DA:392,0
DA:393,0
DA:409,0
DA:410,0
DA:412,0
DA:414,0
DA:417,0
DA:418,0
DA:419,0
DA:420,0
DA:421,0
DA:422,0
DA:429,0
DA:430,0
DA:431,0
DA:435,0
DA:440,0
DA:443,0
DA:450,0
DA:451,0
DA:453,0
DA:454,0
DA:455,0
DA:461,0
DA:462,0
DA:463,0
DA:467,0
DA:472,0
DA:473,0
DA:479,0
DA:480,0
DA:481,0
DA:490,0
DA:494,0
DA:495,0
DA:508,0
DA:517,0
DA:518,0
DA:519,0
DA:520,0
DA:522,0
DA:523,0
DA:524,0
DA:525,0
DA:526,0
DA:531,0
DA:533,0
DA:541,0
DA:543,0
DA:544,0
DA:545,0
DA:546,0
DA:547,0
DA:548,0
DA:551,0
DA:564,0
DA:569,0
DA:570,0
DA:572,0
DA:573,0
DA:574,0
DA:575,0
DA:576,0
DA:577,0
DA:578,0
DA:579,0
DA:580,0
DA:581,0
DA:583,0
DA:584,0
DA:585,0
DA:589,0
DA:590,0
DA:591,0
DA:592,0
DA:594,0
DA:595,0
DA:596,0
DA:598,0
DA:599,0
DA:603,0
DA:608,0
DA:609,0
DA:610,0
DA:611,0
DA:614,0
DA:615,0
DA:618,0
DA:619,0
DA:624,0
DA:625,0
DA:626,0
DA:627,0
DA:628,0
DA:629,0
DA:632,0
DA:633,0
DA:634,0
DA:635,0
DA:636,0
DA:637,0
DA:638,0
DA:655,0
DA:659,0
DA:660,0
DA:673,0
DA:676,0
DA:677,0
DA:679,0
DA:681,0
DA:686,0
DA:689,0
DA:690,0
DA:692,0
DA:721,0
DA:726,0
DA:727,0
DA:728,0
DA:729,0
DA:730,0
DA:734,0
DA:739,0
DA:740,0
DA:741,0
DA:742,0
DA:745,0
DA:749,0
DA:750,0
DA:751,0
DA:760,0
DA:764,0
DA:765,0
DA:766,0
end_of_record

SF:/Users/markjonathas/Desktop/audits/guardian/pinto fuzzing/Pinto-fuzzing/contracts/libraries/Silo/LibTokenSilo.sol
DA:29,0
DA:116,0
DA:121,0
DA:122,0
DA:125,0
DA:126,0
DA:130,0
DA:131,0
DA:134,0
DA:135,0
DA:136,0
DA:137,0
DA:138,0
DA:139,0
DA:140,0
DA:149,0
DA:154,0
DA:155,0
DA:158,0
DA:159,0
DA:163,0
DA:164,0
DA:166,0
DA:167,0
DA:168,0
DA:169,0
DA:170,0
DA:171,0
DA:172,0
DA:183,0
DA:184,0
DA:185,0
DA:186,0
DA:188,0
DA:189,0
DA:198,0
DA:199,0
DA:200,0
DA:201,0
DA:203,0
DA:204,0
DA:216,0
DA:221,0
DA:222,0
DA:223,0
DA:232,0
DA:238,0
DA:239,0
DA:240,0
DA:243,0
DA:246,0
DA:248,0
DA:250,0
DA:266,0
DA:273,0
DA:274,0
DA:275,0
DA:278,0
DA:279,0
DA:280,0
DA:281,0
DA:282,0
DA:285,0
DA:286,0
DA:287,0
DA:289,0
DA:290,0
DA:291,0
DA:295,0
DA:296,0
DA:306,0
DA:307,0
DA:308,0
DA:309,0
DA:310,0
DA:311,0
DA:312,0
DA:315,0
DA:337,0
DA:342,0
DA:343,0
DA:344,0
DA:346,0
DA:347,0
DA:348,0
DA:351,0
DA:354,0
DA:355,0
DA:356,0
DA:360,0
DA:361,0
DA:363,0
DA:364,0
DA:367,0
DA:370,0
DA:371,0
DA:372,0
DA:376,0
DA:377,0
DA:389,0
DA:392,0
DA:393,0
DA:394,0
DA:395,0
DA:399,0
DA:400,0
DA:401,0
DA:402,0
DA:403,0
DA:404,0
DA:408,0
DA:409,0
DA:411,0
DA:415,0
DA:416,0
DA:420,0
DA:425,0
DA:426,0
DA:427,0
DA:428,0
DA:429,0
DA:431,0
DA:442,0
DA:446,0
DA:447,0
DA:448,0
DA:449,0
DA:450,0
DA:457,0
DA:458,0
DA:459,0
DA:465,0
DA:466,0
DA:467,0
DA:473,0
DA:474,0
DA:476,0
DA:477,0
DA:478,0
DA:479,0
DA:480,0
DA:488,0
DA:492,0
DA:494,0
DA:495,0
DA:498,0
DA:500,0
DA:501,0
DA:503,0
DA:509,0
DA:513,0
DA:515,0
DA:517,0
DA:524,0
DA:528,0
DA:529,0
DA:530,0
DA:531,0
DA:537,0
DA:540,0
DA:541,0
DA:542,0
DA:545,0
DA:546,0
DA:552,0
DA:556,0
DA:557,0
DA:558,0
DA:559,0
DA:560,0
DA:561,0
DA:562,0
DA:563,0
DA:569,0
DA:573,0
DA:574,0
DA:575,0
end_of_record

SF:/Users/markjonathas/Desktop/audits/guardian/pinto fuzzing/Pinto-fuzzing/contracts/libraries/Silo/LibTractorHelpers.sol
DA:12,0
DA:39,0
DA:42,0
DA:43,0
DA:44,0
DA:47,0
DA:50,0
DA:53,0
DA:54,0
DA:55,0
DA:56,0
DA:57,0
DA:60,0
DA:63,0
DA:64,0
DA:67,0
DA:68,0
DA:69,0
DA:70,0
DA:71,0
DA:77,0
DA:78,0
DA:82,0
DA:83,0
DA:84,0
DA:87,0
DA:90,0
DA:91,0
DA:92,0
DA:94,0
DA:95,0
DA:99,0
DA:100,0
DA:101,0
DA:104,0
DA:105,0
DA:106,0
DA:107,0
DA:108,0
DA:109,0
DA:113,0
DA:114,0
DA:115,0
DA:116,0
DA:124,0
DA:125,0
DA:129,0
DA:130,0
DA:131,0
DA:132,0
DA:133,0
DA:134,0
DA:135,0
DA:143,0
DA:144,0
DA:147,0
DA:148,0
DA:152,0
DA:153,0
DA:156,0
DA:157,0
DA:158,0
DA:161,0
DA:163,0
DA:167,0
DA:168,0
DA:169,0
DA:170,0
DA:173,0
DA:174,0
DA:175,0
DA:176,0
DA:177,0
DA:180,0
DA:189,0
DA:192,0
DA:194,0
DA:195,0
DA:198,0
DA:199,0
DA:200,0
DA:201,0
DA:202,0
DA:203,0
DA:205,0
DA:208,0
DA:210,0
DA:213,0
DA:214,0
DA:215,0
DA:216,0
DA:217,0
DA:218,0
DA:222,0
DA:227,0
DA:230,0
DA:233,0
DA:234,0
DA:235,0
DA:236,0
DA:237,0
DA:239,0
DA:242,0
DA:246,0
DA:249,0
DA:252,0
DA:253,0
DA:254,0
DA:255,0
DA:256,0
DA:258,0
DA:261,0
DA:265,0
end_of_record

SF:/Users/markjonathas/Desktop/audits/guardian/pinto fuzzing/Pinto-fuzzing/contracts/libraries/Silo/LibWhitelist.sol
DA:24,0
DA:106,0
DA:117,0
DA:118,0
DA:121,0
DA:122,0
DA:125,0
DA:128,0
DA:129,0
DA:130,0
DA:131,0
DA:134,0
DA:135,0
DA:136,0
DA:137,0
DA:140,0
DA:141,0
DA:146,0
DA:147,0
DA:148,0
DA:149,0
DA:150,0
DA:151,0
DA:152,0
DA:153,0
DA:154,0
DA:155,0
DA:157,0
DA:158,0
DA:159,0
DA:160,0
DA:161,0
DA:162,0
DA:163,0
DA:166,0
DA:167,0
DA:174,0
DA:180,0
DA:181,0
DA:182,0
DA:188,0
DA:191,0
DA:192,0
DA:194,0
DA:197,0
DA:200,0
DA:201,0
DA:204,0
DA:205,0
DA:206,0
DA:207,0
DA:209,0
DA:216,4
DA:219,1
DA:220,30
DA:221,23
DA:222,20
DA:228,4
DA:231,1
DA:233,6
DA:235,7
DA:236,120
DA:238,20
DA:244,0
DA:247,0
DA:248,0
DA:249,0
DA:252,0
DA:254,0
DA:256,0
DA:262,0
DA:265,0
DA:266,0
DA:267,0
DA:270,0
DA:272,0
DA:274,0
DA:281,0
DA:282,0
DA:284,0
DA:287,0
DA:288,0
DA:289,0
DA:290,0
DA:291,0
DA:292,0
DA:297,0
DA:300,0
DA:301,0
DA:304,0
DA:305,0
DA:306,0
DA:307,0
DA:310,0
DA:311,0
DA:313,0
DA:330,4
DA:333,2
DA:334,1
DA:335,1
DA:337,20
DA:338,69
DA:339,40
DA:341,18
DA:343,0
DA:344,0
DA:348,13
DA:351,70
DA:352,45
DA:353,4
DA:354,59
DA:355,1
DA:356,4
DA:360,14
DA:367,0
DA:369,0
DA:370,0
DA:371,0
DA:373,0
DA:374,0
DA:376,0
DA:383,0
DA:385,0
DA:387,0
DA:388,0
DA:390,0
DA:391,0
DA:401,0
DA:405,0
DA:406,0
DA:408,0
DA:409,0
DA:411,0
DA:414,0
DA:415,0
DA:416,0
DA:417,0
DA:418,0
DA:419,0
DA:420,0
DA:424,0
DA:425,0
DA:426,0
DA:427,0
DA:428,0
DA:429,0
DA:436,0
DA:437,0
DA:438,0
end_of_record

SF:/Users/markjonathas/Desktop/audits/guardian/pinto fuzzing/Pinto-fuzzing/contracts/libraries/Silo/LibWhitelistedTokens.sol
DA:20,0
DA:49,0
DA:50,0
DA:51,0
DA:53,0
DA:55,0
DA:56,0
DA:63,4
DA:64,7
DA:65,14
DA:66,1
DA:68,49
DA:70,19
DA:71,38
DA:72,67
DA:75,3
DA:76,3
DA:83,0
DA:84,0
DA:85,0
DA:86,0
DA:88,0
DA:90,0
DA:91,0
DA:95,0
DA:98,0
DA:99,0
DA:106,0
DA:107,0
DA:108,0
DA:109,0
DA:111,0
DA:113,0
DA:114,0
DA:115,0
DA:118,0
DA:119,0
DA:127,4
DA:128,7
DA:129,14
DA:130,1
DA:132,49
DA:134,19
DA:135,38
DA:136,67
DA:139,3
DA:140,3
DA:144,0
DA:145,0
DA:146,0
DA:147,0
DA:150,2
DA:151,7
DA:152,9
DA:153,18
DA:155,0
DA:161,0
DA:162,0
DA:163,0
DA:164,0
DA:166,0
DA:168,0
DA:169,0
DA:170,0
DA:171,0
DA:173,0
DA:176,0
DA:177,0
DA:184,0
DA:187,0
DA:188,0
DA:189,0
DA:190,0
DA:196,0
DA:198,0
DA:199,0
DA:200,0
DA:201,0
DA:207,7
DA:213,1
DA:214,7
DA:215,170
DA:216,42
DA:219,21
DA:220,1
DA:221,18
DA:222,1
DA:223,1
DA:224,1
DA:225,1
DA:232,0
DA:238,0
DA:239,0
DA:240,0
DA:242,0
DA:243,0
DA:244,0
DA:245,0
DA:247,0
DA:248,0
DA:249,0
DA:250,0
DA:251,0
DA:252,0
DA:253,0
DA:260,0
DA:261,0
DA:262,0
DA:263,0
DA:264,0
DA:265,0
DA:266,0
DA:267,0
DA:270,0
DA:279,0
DA:281,0
DA:282,0
DA:283,0
DA:285,0
DA:286,0
DA:289,0
DA:290,0
DA:291,0
DA:292,0
DA:295,0
DA:299,0
DA:301,0
DA:304,0
DA:308,0
DA:309,0
DA:310,0
DA:311,0
DA:312,0
DA:316,0
end_of_record

SF:/Users/markjonathas/Desktop/audits/guardian/pinto fuzzing/Pinto-fuzzing/contracts/libraries/Token/LibBalance.sol
DA:18,0
DA:34,0
DA:35,0
DA:42,0
DA:43,0
DA:44,0
DA:45,0
DA:53,0
DA:58,0
DA:59,0
DA:60,0
DA:61,0
DA:65,0
DA:68,0
DA:69,0
DA:79,0
DA:84,0
DA:85,0
DA:86,0
DA:87,0
DA:88,0
DA:90,0
DA:91,0
DA:93,0
DA:94,0
DA:100,0
DA:103,0
DA:104,0
DA:105,0
end_of_record

SF:/Users/markjonathas/Desktop/audits/guardian/pinto fuzzing/Pinto-fuzzing/contracts/libraries/Token/LibEth.sol
DA:14,0
DA:15,0
DA:16,0
DA:17,0
DA:18,0
end_of_record

SF:/Users/markjonathas/Desktop/audits/guardian/pinto fuzzing/Pinto-fuzzing/contracts/libraries/Token/LibTokenApprove.sol
DA:12,0
DA:20,0
DA:21,0
DA:22,0
DA:23,0
DA:26,0
DA:30,0
DA:31,0
DA:32,0
DA:35,0
DA:36,0
DA:37,0
DA:38,0
DA:39,0
end_of_record

SF:/Users/markjonathas/Desktop/audits/guardian/pinto fuzzing/Pinto-fuzzing/contracts/libraries/Token/LibTransfer.sol
DA:13,0
DA:37,0
DA:44,0
DA:45,0
DA:46,0
DA:47,0
DA:48,0
DA:50,0
DA:51,0
DA:52,0
DA:53,0
DA:56,0
DA:61,0
DA:62,0
DA:63,0
DA:64,0
DA:65,0
DA:66,0
DA:67,0
DA:68,0
DA:70,0
DA:72,0
DA:73,0
DA:74,0
DA:77,0
DA:78,0
DA:79,0
DA:80,0
DA:83,0
DA:88,0
DA:92,0
DA:93,0
DA:94,0
DA:96,0
DA:97,0
DA:101,0
DA:102,0
DA:103,0
DA:105,0
DA:106,0
end_of_record

SF:/Users/markjonathas/Desktop/audits/guardian/pinto fuzzing/Pinto-fuzzing/contracts/libraries/Token/LibWeth.sol
DA:15,0
DA:16,0
DA:18,0
DA:19,0
DA:20,0
DA:23,0
DA:24,0
DA:25,0
DA:26,0
DA:27,0
DA:30,0
DA:31,0
DA:34,0
DA:35,0
end_of_record

SF:/Users/markjonathas/Desktop/audits/guardian/pinto fuzzing/Pinto-fuzzing/contracts/libraries/Well/LibWell.sol
DA:27,0
DA:32,0
DA:34,0
DA:36,0
DA:38,0
DA:39,0
DA:46,0
DA:49,0
DA:50,0
DA:51,0
DA:52,0
DA:53,0
DA:54,0
DA:55,0
DA:58,0
DA:59,0
DA:60,0
DA:61,0
DA:64,0
DA:69,0
DA:70,0
DA:71,0
DA:72,0
DA:74,0
DA:77,0
DA:78,0
DA:80,0
DA:82,0
DA:83,0
DA:88,0
DA:94,0
DA:95,0
DA:96,0
DA:97,0
DA:98,0
DA:101,0
DA:107,0
DA:108,0
DA:109,0
DA:110,0
DA:111,0
DA:114,0
DA:120,0
DA:121,0
DA:122,0
DA:125,2
DA:126,63
DA:127,0
DA:135,1
DA:137,2
DA:138,7
DA:139,63
DA:140,0
DA:141,0
DA:142,0
DA:145,0
DA:152,0
DA:153,0
DA:154,0
DA:169,0
DA:172,0
DA:173,0
DA:174,0
DA:175,0
DA:176,0
DA:181,0
DA:182,0
DA:196,0
DA:197,0
DA:198,0
DA:199,0
DA:209,0
DA:210,0
DA:215,0
DA:216,0
DA:217,0
DA:218,0
DA:219,0
DA:224,0
DA:232,0
DA:233,0
DA:241,0
DA:242,0
DA:253,0
DA:254,0
DA:255,0
DA:266,0
DA:269,0
DA:270,0
DA:271,0
DA:274,0
DA:275,0
DA:277,0
DA:278,0
DA:281,0
DA:290,0
DA:291,0
DA:295,0
DA:296,0
DA:297,0
DA:300,0
DA:301,0
DA:309,0
DA:311,0
DA:312,0
DA:313,0
DA:314,0
DA:315,0
DA:323,0
DA:324,0
DA:325,0
DA:326,0
DA:333,0
DA:334,0
DA:337,0
DA:338,0
DA:339,0
DA:341,0
DA:342,0
DA:343,0
DA:345,0
DA:347,0
DA:348,0
DA:350,0
DA:362,0
DA:368,0
DA:370,0
DA:371,0
DA:372,0
DA:373,0
DA:375,0
DA:376,0
DA:377,0
DA:378,0
DA:380,0
DA:381,0
DA:382,0
DA:383,0
DA:384,0
DA:385,0
DA:387,0
DA:390,0
DA:391,0
DA:393,0
DA:396,0
DA:400,0
DA:402,0
DA:403,0
DA:404,0
DA:405,0
DA:415,0
DA:416,0
DA:417,0
DA:418,0
DA:419,0
DA:420,0
DA:421,0
DA:422,0
DA:423,0
[...]
end_of_record

SF:/Users/markjonathas/Desktop/audits/guardian/pinto fuzzing/Pinto-fuzzing/node_modules/@openzeppelin/contracts/token/ERC20/utils/SafeERC20.sol
DA:19,0
DA:36,0
DA:37,0
DA:44,0
DA:45,0
DA:91,0
DA:96,0
DA:97,0
DA:98,0
end_of_record

SF:/Users/markjonathas/Desktop/audits/guardian/pinto fuzzing/Pinto-fuzzing/node_modules/@openzeppelin/contracts/token/ERC721/IERC721.sol
end_of_record

SF:/Users/markjonathas/Desktop/audits/guardian/pinto fuzzing/Pinto-fuzzing/node_modules/@openzeppelin/contracts/token/ERC721/IERC721Receiver.sol
end_of_record

SF:/Users/markjonathas/Desktop/audits/guardian/pinto fuzzing/Pinto-fuzzing/node_modules/@openzeppelin/contracts/token/ERC721/utils/ERC721Holder.sol
DA:21,0
DA:22,0
end_of_record

SF:/Users/markjonathas/Desktop/audits/guardian/pinto fuzzing/Pinto-fuzzing/node_modules/@openzeppelin/contracts/utils/Address.sol
DA:9,0
DA:70,0
DA:71,0
DA:83,0
DA:84,0
DA:85,0
DA:87,0
DA:88,0
DA:114,0
DA:118,0
DA:119,0
DA:120,0
DA:124,0
DA:125,0
DA:127,0
DA:146,0
DA:148,0
DA:152,0
DA:153,0
DA:156,0
end_of_record

SF:/Users/markjonathas/Desktop/audits/guardian/pinto fuzzing/Pinto-fuzzing/node_modules/@openzeppelin/contracts/utils/Context.sol
DA:17,8
DA:18,6
end_of_record

SF:/Users/markjonathas/Desktop/audits/guardian/pinto fuzzing/Pinto-fuzzing/node_modules/@openzeppelin/contracts/utils/Strings.sol
DA:12,0
DA:24,0
DA:26,0
DA:27,0
DA:28,0
DA:31,0
DA:33,0
DA:34,0
DA:37,0
DA:39,0
DA:40,0
DA:42,0
DA:49,0
DA:50,0
DA:65,0
DA:66,0
DA:67,0
DA:68,0
DA:69,0
DA:70,0
DA:71,0
DA:72,0
DA:74,0
DA:75,0
DA:77,0
end_of_record

SF:/Users/markjonathas/Desktop/audits/guardian/pinto fuzzing/Pinto-fuzzing/node_modules/@openzeppelin/contracts/utils/cryptography/ECDSA.sol
DA:12,0
DA:56,0
DA:57,0
DA:58,0
DA:59,0
DA:60,0
DA:65,0
DA:66,0
DA:67,0
DA:69,0
DA:71,0
DA:89,0
DA:90,0
DA:91,0
DA:92,0
DA:122,0
DA:127,0
DA:137,0
DA:138,0
DA:142,0
DA:143,0
DA:144,0
DA:147,0
DA:163,0
DA:164,0
DA:165,0
DA:166,0
DA:167,0
DA:168,0
DA:169,0
DA:170,0
DA:171,0
end_of_record

SF:/Users/markjonathas/Desktop/audits/guardian/pinto fuzzing/Pinto-fuzzing/node_modules/@openzeppelin/contracts/utils/cryptography/MessageHashUtils.sol
DA:15,0
end_of_record

SF:/Users/markjonathas/Desktop/audits/guardian/pinto fuzzing/Pinto-fuzzing/node_modules/@openzeppelin/contracts/utils/introspection/ERC165.sol
DA:24,0
DA:25,0
end_of_record

SF:/Users/markjonathas/Desktop/audits/guardian/pinto fuzzing/Pinto-fuzzing/node_modules/@openzeppelin/contracts/utils/introspection/IERC165.sol
end_of_record

SF:/Users/markjonathas/Desktop/audits/guardian/pinto fuzzing/Pinto-fuzzing/node_modules/@openzeppelin/contracts/utils/math/Math.sol
DA:9,0
DA:81,0
DA:82,0
DA:88,0
DA:89,0
DA:123,0
DA:128,0
DA:129,0
DA:130,0
DA:131,0
DA:132,0
DA:136,0
DA:140,0
DA:144,0
DA:145,0
DA:153,0
DA:156,0
DA:159,0
DA:160,0
DA:166,0
DA:169,0
DA:172,0
DA:175,0
DA:179,0
DA:184,0
DA:188,0
DA:189,0
DA:190,0
DA:191,0
DA:192,0
DA:193,0
DA:199,0
DA:200,0
DA:321,0
DA:322,0
DA:324,0
DA:325,0
DA:326,0
DA:328,0
DA:329,0
DA:330,0
DA:332,0
DA:333,0
DA:334,0
DA:336,0
DA:337,0
DA:338,0
DA:340,0
DA:341,0
DA:342,0
DA:344,0
DA:345,0
DA:346,0
DA:348,0
DA:349,0
DA:352,0
end_of_record

SF:/Users/markjonathas/Desktop/audits/guardian/pinto fuzzing/Pinto-fuzzing/node_modules/@openzeppelin/contracts/utils/math/SafeCast.sol
DA:19,0
DA:305,0
DA:306,0
DA:307,0
DA:309,0
DA:934,0
DA:935,0
DA:936,0
DA:937,0
DA:970,0
DA:971,0
DA:972,0
DA:973,0
DA:1096,0
DA:1097,0
DA:1098,0
DA:1099,0
DA:1146,0
DA:1148,0
DA:1149,0
DA:1151,0
end_of_record

SF:/Users/markjonathas/Desktop/audits/guardian/pinto fuzzing/Pinto-fuzzing/node_modules/@openzeppelin/contracts/utils/math/SignedMath.sol
DA:9,0
DA:37,0
DA:40,0
end_of_record

SF:/Users/markjonathas/Desktop/audits/guardian/pinto fuzzing/Pinto-fuzzing/node_modules/@prb/math/contracts/PRBMath.sol
DA:97,0
DA:344,0
DA:345,0
DA:346,0
DA:347,0
DA:349,0
DA:350,0
DA:351,0
DA:353,0
DA:354,0
DA:355,0
DA:357,0
DA:358,0
DA:359,0
DA:361,0
DA:362,0
DA:363,0
DA:365,0
DA:366,0
DA:367,0
DA:369,0
DA:370,0
DA:371,0
DA:373,0
DA:375,0
DA:394,0
DA:398,0
DA:402,0
DA:403,0
DA:404,0
DA:405,0
DA:406,0
DA:407,0
DA:411,0
DA:413,0
DA:415,0
DA:419,0
DA:420,0
DA:428,0
DA:431,0
DA:434,0
DA:435,0
DA:442,0
DA:445,0
DA:448,0
DA:451,0
DA:455,0
DA:460,0
DA:464,0
DA:465,0
DA:466,0
DA:467,0
DA:468,0
DA:469,0
DA:475,0
DA:476,0
end_of_record

SF:/Users/markjonathas/Desktop/audits/guardian/pinto fuzzing/Pinto-fuzzing/node_modules/@prb/math/contracts/PRBMathUD60x18.sol
DA:12,0
DA:14,0
DA:28,0
DA:366,0
DA:367,0
DA:368,0
DA:370,0
DA:372,0
DA:376,0
DA:379,0
DA:382,0
DA:383,0
DA:388,0
DA:389,0
DA:392,0
DA:394,0
DA:397,0
end_of_record

SF:/Users/markjonathas/Desktop/audits/guardian/pinto fuzzing/Pinto-fuzzing/node_modules/@uniswap/v3-core/contracts/interfaces/IUniswapV3Pool.sol
end_of_record

SF:/Users/markjonathas/Desktop/audits/guardian/pinto fuzzing/Pinto-fuzzing/node_modules/@uniswap/v3-core/contracts/interfaces/IUniswapV3PoolDeployer.sol
end_of_record

SF:/Users/markjonathas/Desktop/audits/guardian/pinto fuzzing/Pinto-fuzzing/node_modules/@uniswap/v3-core/contracts/interfaces/pool/IUniswapV3PoolActions.sol
end_of_record

SF:/Users/markjonathas/Desktop/audits/guardian/pinto fuzzing/Pinto-fuzzing/node_modules/@uniswap/v3-core/contracts/interfaces/pool/IUniswapV3PoolDerivedState.sol
end_of_record

SF:/Users/markjonathas/Desktop/audits/guardian/pinto fuzzing/Pinto-fuzzing/node_modules/@uniswap/v3-core/contracts/interfaces/pool/IUniswapV3PoolErrors.sol
end_of_record

SF:/Users/markjonathas/Desktop/audits/guardian/pinto fuzzing/Pinto-fuzzing/node_modules/@uniswap/v3-core/contracts/interfaces/pool/IUniswapV3PoolEvents.sol
end_of_record

SF:/Users/markjonathas/Desktop/audits/guardian/pinto fuzzing/Pinto-fuzzing/node_modules/@uniswap/v3-core/contracts/interfaces/pool/IUniswapV3PoolImmutables.sol
end_of_record

SF:/Users/markjonathas/Desktop/audits/guardian/pinto fuzzing/Pinto-fuzzing/node_modules/@uniswap/v3-core/contracts/interfaces/pool/IUniswapV3PoolOwnerActions.sol
end_of_record

SF:/Users/markjonathas/Desktop/audits/guardian/pinto fuzzing/Pinto-fuzzing/node_modules/@uniswap/v3-core/contracts/interfaces/pool/IUniswapV3PoolState.sol
end_of_record

SF:/Users/markjonathas/Desktop/audits/guardian/pinto fuzzing/Pinto-fuzzing/node_modules/@uniswap/v3-core/contracts/libraries/FullMath.sol
DA:7,0
DA:14,0
DA:18,0
DA:25,0
DA:26,0
DA:27,0
DA:28,0
DA:29,0
DA:30,0
DA:34,0
DA:35,0
DA:37,0
DA:39,0
DA:44,0
DA:52,0
DA:54,0
DA:58,0
DA:59,0
DA:65,0
DA:68,0
DA:73,0
DA:79,0
DA:81,0
DA:88,0
DA:92,0
DA:93,0
DA:94,0
DA:95,0
DA:96,0
DA:97,0
DA:105,0
DA:106,0
end_of_record

SF:/Users/markjonathas/Desktop/audits/guardian/pinto fuzzing/Pinto-fuzzing/node_modules/@uniswap/v3-core/contracts/libraries/Oracle.sol
DA:11,0
end_of_record

SF:/Users/markjonathas/Desktop/audits/guardian/pinto fuzzing/Pinto-fuzzing/node_modules/@uniswap/v3-core/contracts/libraries/SafeCast.sol
DA:6,0
end_of_record

SF:/Users/markjonathas/Desktop/audits/guardian/pinto fuzzing/Pinto-fuzzing/node_modules/@uniswap/v3-core/contracts/libraries/Tick.sol
DA:10,0
DA:43,6
DA:45,15
DA:46,15
DA:47,18
DA:48,16
end_of_record

SF:/Users/markjonathas/Desktop/audits/guardian/pinto fuzzing/Pinto-fuzzing/node_modules/@uniswap/v3-core/contracts/libraries/TickMath.sol
DA:7,0
DA:12,3
DA:14,4
DA:17,1
DA:19,1
DA:26,6
DA:27,2
DA:28,16
DA:29,8
DA:31,16
DA:32,1
DA:33,1
DA:34,8
DA:35,16
DA:36,8
DA:37,8
DA:38,8
DA:39,16
DA:40,16
DA:41,8
DA:42,16
DA:43,8
DA:44,8
DA:45,16
DA:46,16
DA:47,16
DA:48,16
DA:49,8
DA:50,8
DA:51,8
DA:52,8
DA:54,18
DA:59,26
DA:68,6
DA:69,7
DA:71,22
DA:72,9
DA:74,4
DA:75,1
DA:77,1
DA:78,5
DA:79,5
DA:80,5
DA:82,1
DA:83,5
DA:84,5
DA:85,5
DA:87,1
DA:88,5
DA:89,5
DA:90,5
DA:92,1
DA:93,5
DA:94,5
DA:95,5
DA:97,1
DA:98,5
DA:99,5
DA:100,5
DA:102,1
DA:103,5
DA:104,5
DA:105,5
DA:107,1
DA:108,5
DA:109,5
DA:110,5
DA:112,1
DA:113,3
DA:114,5
DA:117,16
DA:118,0
DA:120,9
DA:122,1
DA:123,7
DA:124,3
DA:125,7
DA:126,5
DA:128,1
DA:129,7
DA:130,3
DA:131,7
DA:132,5
DA:134,1
DA:135,7
DA:136,3
DA:137,7
DA:138,5
DA:140,1
DA:141,7
DA:142,3
DA:143,7
DA:144,5
DA:146,1
DA:147,7
DA:148,3
DA:149,7
DA:150,5
DA:152,1
DA:153,7
DA:154,3
DA:155,7
DA:156,5
DA:158,1
DA:159,7
DA:160,3
DA:161,7
DA:162,5
DA:164,1
DA:165,7
DA:166,3
DA:167,7
DA:168,5
DA:170,1
DA:171,7
DA:172,3
DA:173,7
DA:174,5
DA:176,1
DA:177,7
DA:178,3
DA:179,7
DA:180,5
DA:182,1
DA:183,7
DA:184,3
DA:185,7
DA:186,5
DA:188,1
DA:189,7
DA:190,3
DA:191,7
DA:192,5
DA:194,1
DA:195,7
DA:196,3
DA:197,7
DA:198,5
DA:200,1
DA:201,7
DA:202,3
DA:203,7
DA:206,6
DA:208,9
DA:209,9
DA:211,31
end_of_record

SF:/Users/markjonathas/Desktop/audits/guardian/pinto fuzzing/Pinto-fuzzing/test/foundry/fuzzing/Fuzz.sol
DA:6,3168
DA:8,8
end_of_record

SF:/Users/markjonathas/Desktop/audits/guardian/pinto fuzzing/Pinto-fuzzing/test/foundry/fuzzing/FuzzGuided.sol
DA:7,2341
DA:9,5
DA:10,3
DA:13,18
DA:14,5
DA:17,18
DA:18,5
DA:20,18
DA:21,6
DA:23,18
DA:24,6
DA:28,18
DA:29,7
end_of_record

SF:/Users/markjonathas/Desktop/audits/guardian/pinto fuzzing/Pinto-fuzzing/test/foundry/fuzzing/FuzzSetup.sol
DA:37,0
DA:39,34
DA:40,142
DA:42,2
DA:43,8
DA:44,8
DA:48,83
DA:49,44
DA:50,252
DA:51,57
DA:52,200
DA:53,343
DA:54,187
DA:55,70
DA:56,96
DA:57,44
DA:58,122
DA:59,31
DA:60,161
DA:61,31
DA:62,122
DA:63,837
DA:64,239
DA:65,174
DA:66,252
DA:67,44
DA:68,122
DA:69,83
DA:70,603
DA:71,70
DA:73,34
DA:74,1
DA:75,1
DA:76,1
DA:77,1
DA:82,5
DA:86,43
DA:87,43
DA:88,43
DA:89,43
DA:90,43
DA:93,43
DA:96,43
DA:99,43
DA:102,43
DA:103,43
DA:104,43
DA:105,43
DA:106,43
DA:107,43
DA:108,43
DA:109,43
DA:110,43
DA:113,43
DA:114,43
DA:115,43
DA:116,43
DA:117,43
DA:118,43
DA:121,43
DA:122,43
DA:123,43
DA:124,43
DA:125,43
DA:126,60
DA:128,11
DA:130,61
DA:131,63
DA:132,1
DA:133,11
DA:134,37
DA:138,43
DA:139,43
DA:140,43
DA:142,43
DA:144,60
DA:145,60
DA:147,43
DA:148,76
DA:149,49
DA:150,60
DA:151,72
DA:152,85
DA:153,73
DA:156,43
DA:163,21
DA:164,21
DA:165,84
DA:166,84
DA:167,84
DA:168,84
DA:169,84
DA:171,132
DA:174,102
DA:175,33
DA:176,67
DA:178,50
DA:179,63
DA:182,8
DA:185,40
DA:186,40
DA:189,29
DA:190,29
DA:191,29
DA:192,29
DA:195,8
DA:198,8
DA:200,43
DA:203,51
DA:204,51
DA:209,2
DA:211,61
DA:212,61
DA:213,61
DA:214,61
DA:215,61
DA:216,61
DA:217,61
DA:218,61
DA:219,61
DA:220,61
DA:221,61
DA:222,61
DA:223,61
DA:224,61
DA:225,61
DA:226,61
DA:227,61
DA:228,61
DA:229,61
DA:230,61
DA:231,61
DA:232,61
DA:233,61
DA:234,61
DA:235,61
DA:236,61
DA:237,61
DA:238,61
DA:239,61
DA:240,61
DA:241,61
DA:242,61
DA:243,61
DA:244,61
DA:245,61
DA:246,61
DA:247,61
DA:250,50
DA:251,50
DA:252,50
DA:253,50
DA:256,61
DA:257,61
DA:258,61
DA:259,61
DA:260,61
DA:261,61
DA:264,61
DA:265,61
DA:266,61
DA:267,61
DA:270,61
DA:271,61
DA:274,51
DA:275,51
DA:276,61
DA:277,51
DA:278,51
DA:280,61
DA:281,61
DA:286,6
DA:287,40
DA:288,55
DA:292,8
DA:293,25
DA:294,52
DA:296,1
DA:298,8
DA:299,0
DA:301,10
DA:303,62
DA:304,81
DA:309,10
DA:310,84
DA:311,3
DA:313,75
DA:314,85
DA:316,52
DA:317,52
DA:321,8
DA:322,1
DA:323,7
DA:324,0
DA:325,9
DA:326,3
DA:327,6
DA:328,3
DA:330,17
DA:335,2
DA:347,21
DA:358,21
DA:360,43
DA:371,21
DA:382,21
DA:386,7
DA:388,50
DA:390,64
DA:392,3
DA:393,159
DA:395,3
DA:396,159
DA:399,50
DA:400,36
DA:401,36
DA:403,54
DA:404,39
DA:405,53
DA:406,22
DA:407,1
DA:408,17
DA:409,11
DA:410,32
DA:412,1
DA:415,1
DA:417,22
DA:418,21
DA:419,27
DA:420,1
DA:421,4
DA:422,5
DA:423,4
DA:427,32
DA:428,11
DA:429,5
DA:430,7
DA:431,8
DA:432,5
DA:433,4
DA:434,7
DA:435,1
DA:438,124
DA:439,11
DA:440,1
DA:441,46
DA:442,3
DA:445,18
DA:449,10
DA:450,14
DA:453,5
DA:454,1
DA:455,20
DA:456,72
DA:457,8
DA:458,57
DA:460,10
DA:465,4
DA:466,34
DA:467,11
DA:468,3
DA:469,3
DA:470,23
DA:473,61
DA:474,109
DA:476,4
DA:478,61
DA:479,50
DA:480,44
DA:481,3
DA:482,11
DA:483,31
DA:484,11
DA:485,13
DA:486,3
DA:487,49
DA:494,3
DA:496,61
DA:497,50
DA:498,37
DA:499,3
DA:503,61
DA:504,50
DA:505,44
DA:506,3
DA:507,1
DA:508,1
DA:512,43
DA:513,60
DA:515,72
DA:517,54
DA:518,53
DA:519,11
DA:520,3
DA:521,1
DA:522,21
DA:524,53
DA:525,11
DA:526,3
DA:527,1
DA:528,23
DA:531,61
DA:532,50
DA:533,43
DA:534,3
DA:535,1
DA:543,4
DA:544,53
DA:546,141
DA:547,11
DA:548,1
DA:549,1
DA:553,141
DA:554,11
DA:555,1
DA:556,1
DA:560,141
DA:561,11
DA:562,1
DA:563,1
DA:566,141
DA:567,11
DA:568,1
DA:569,1
DA:572,141
DA:573,11
DA:574,1
DA:575,1
DA:578,141
DA:579,11
DA:580,1
DA:581,1
DA:584,141
DA:585,11
DA:586,1
DA:587,1
DA:590,141
DA:591,11
DA:592,1
DA:593,1
DA:596,141
DA:597,11
DA:598,1
DA:599,1
DA:602,141
DA:603,11
DA:604,1
DA:605,1
DA:608,141
DA:609,11
DA:610,1
DA:611,1
DA:614,141
DA:615,11
DA:616,1
DA:617,1
DA:620,141
DA:621,11
DA:622,1
DA:623,1
DA:626,141
DA:627,11
DA:628,1
DA:629,1
DA:632,141
DA:633,11
DA:634,1
DA:635,1
DA:638,141
DA:639,11
DA:640,1
DA:641,1
DA:644,141
DA:645,11
DA:646,1
DA:647,1
DA:650,141
DA:651,11
DA:652,1
DA:653,1
DA:656,141
DA:657,11
DA:658,1
DA:659,1
DA:662,141
DA:663,11
DA:664,1
DA:665,1
DA:668,141
DA:669,11
DA:670,1
DA:671,1
DA:674,141
DA:675,11
DA:676,1
DA:677,1
DA:680,141
DA:681,11
DA:682,1
DA:683,1
DA:686,141
DA:687,11
DA:688,1
DA:689,1
end_of_record

SF:/Users/markjonathas/Desktop/audits/guardian/pinto fuzzing/Pinto-fuzzing/test/foundry/fuzzing/fuzz_calls/farm/FuzzDepotFacet.sol
DA:7,0
DA:9,8
end_of_record

SF:/Users/markjonathas/Desktop/audits/guardian/pinto fuzzing/Pinto-fuzzing/test/foundry/fuzzing/fuzz_calls/silo/FuzzSiloFacet.sol
DA:7,0
DA:9,5
DA:11,29
DA:12,4
DA:13,1
DA:15,20
DA:17,17
DA:49,18
DA:51,29
DA:52,67
DA:53,155
DA:54,84
DA:56,50
DA:57,36
DA:59,3
DA:60,0
DA:62,0
DA:63,0
DA:65,0
DA:66,0
DA:69,0
DA:71,0
DA:73,0
DA:74,0
DA:75,0
DA:77,0
DA:81,18
DA:83,29
DA:84,67
DA:85,155
DA:86,84
DA:88,50
DA:89,36
DA:91,3
DA:92,0
DA:94,0
DA:95,0
DA:97,0
DA:99,0
DA:100,0
DA:103,0
DA:105,0
DA:107,0
DA:111,18
DA:113,29
DA:114,67
DA:115,155
DA:116,155
DA:117,84
DA:119,50
DA:120,36
DA:122,3
DA:123,0
DA:125,0
DA:126,0
DA:128,0
DA:130,0
DA:132,0
DA:136,18
DA:138,29
DA:139,67
DA:140,155
DA:141,84
DA:142,84
DA:145,29
DA:146,20
DA:147,42
DA:150,50
DA:151,36
DA:152,26
DA:154,3
DA:155,0
DA:157,0
DA:158,0
DA:161,0
DA:162,0
DA:163,0
DA:165,0
DA:168,0
DA:170,0
DA:175,18
DA:177,29
DA:178,67
DA:179,155
DA:180,155
DA:181,84
DA:182,84
DA:185,29
DA:186,20
DA:187,42
DA:190,50
DA:191,36
DA:192,26
DA:194,3
DA:195,0
DA:197,0
DA:198,0
DA:200,0
DA:202,0
DA:203,0
DA:204,0
DA:207,0
DA:209,0
end_of_record

SF:/Users/markjonathas/Desktop/audits/guardian/pinto fuzzing/Pinto-fuzzing/test/foundry/fuzzing/helpers/BeforeAfter.sol
DA:5,0
DA:7,0
DA:11,0
end_of_record

SF:/Users/markjonathas/Desktop/audits/guardian/pinto fuzzing/Pinto-fuzzing/test/foundry/fuzzing/helpers/FuzzStorageVariables.sol
DA:97,0
DA:120,21
DA:122,11
DA:123,20
DA:124,3
DA:131,0
DA:132,0
end_of_record

SF:/Users/markjonathas/Desktop/audits/guardian/pinto fuzzing/Pinto-fuzzing/test/foundry/fuzzing/helpers/postconditions/PostconditionsBase.sol
DA:5,0
DA:10,0
DA:14,0
DA:15,0
end_of_record

SF:/Users/markjonathas/Desktop/audits/guardian/pinto fuzzing/Pinto-fuzzing/test/foundry/fuzzing/helpers/postconditions/farm/PostconditionsDepotFacet.sol
DA:6,0
end_of_record

SF:/Users/markjonathas/Desktop/audits/guardian/pinto fuzzing/Pinto-fuzzing/test/foundry/fuzzing/helpers/postconditions/silo/PostconditionsSiloFacet.sol
DA:6,0
DA:8,0
DA:10,0
DA:11,0
DA:13,0
DA:15,0
end_of_record

SF:/Users/markjonathas/Desktop/audits/guardian/pinto fuzzing/Pinto-fuzzing/test/foundry/fuzzing/helpers/preconditions/PreconditionsBase.sol
DA:6,0
DA:10,160
DA:11,90
DA:12,230
DA:13,1000
DA:15,190
DA:18,360
DA:19,220
DA:21,90
DA:22,0
DA:24,60
DA:27,270
DA:73,7
DA:74,46
DA:77,6
DA:78,53
DA:79,22
DA:80,36
DA:81,15
DA:82,24
DA:83,35
DA:84,42
DA:86,4
DA:89,7
DA:90,26
DA:91,0
end_of_record

SF:/Users/markjonathas/Desktop/audits/guardian/pinto fuzzing/Pinto-fuzzing/test/foundry/fuzzing/helpers/preconditions/farm/PreconditionsDepotFacet.sol
DA:6,0
end_of_record

SF:/Users/markjonathas/Desktop/audits/guardian/pinto fuzzing/Pinto-fuzzing/test/foundry/fuzzing/helpers/preconditions/silo/PreconditionsSiloFacet.sol
DA:6,0
DA:8,1
DA:9,61
DA:10,90
DA:13,16
DA:14,0
DA:18,1
DA:20,101
DA:22,3
DA:23,4
DA:26,0
DA:28,0
DA:29,0
DA:30,0
DA:32,0
DA:35,0
DA:38,0
DA:39,0
DA:40,0
DA:43,0
DA:44,0
DA:45,0
DA:47,0
DA:49,0
DA:50,0
DA:53,0
DA:54,0
DA:55,0
DA:57,0
DA:59,0
DA:60,0
end_of_record

SF:/Users/markjonathas/Desktop/audits/guardian/pinto fuzzing/Pinto-fuzzing/test/foundry/fuzzing/interfaces/ICP2.sol
end_of_record

SF:/Users/markjonathas/Desktop/audits/guardian/pinto fuzzing/Pinto-fuzzing/test/foundry/fuzzing/interfaces/IMultiFlowPump.sol
end_of_record

SF:/Users/markjonathas/Desktop/audits/guardian/pinto fuzzing/Pinto-fuzzing/test/foundry/fuzzing/interfaces/IWellImpl.sol
end_of_record

SF:/Users/markjonathas/Desktop/audits/guardian/pinto fuzzing/Pinto-fuzzing/test/foundry/fuzzing/properties/Properties.sol
DA:5,0
end_of_record

SF:/Users/markjonathas/Desktop/audits/guardian/pinto fuzzing/Pinto-fuzzing/test/foundry/fuzzing/properties/PropertiesBase.sol
DA:13,0
end_of_record

SF:/Users/markjonathas/Desktop/audits/guardian/pinto fuzzing/Pinto-fuzzing/test/foundry/fuzzing/properties/PropertiesDescriptions.sol
DA:4,0
end_of_record

SF:/Users/markjonathas/Desktop/audits/guardian/pinto fuzzing/Pinto-fuzzing/test/foundry/fuzzing/properties/Properties_ERR.sol
DA:13,0
DA:14,0
DA:15,0
DA:16,0
DA:17,0
DA:18,0
DA:21,0
DA:32,0
DA:33,0
DA:35,0
DA:38,0
DA:39,0
DA:40,0
DA:41,0
DA:42,0
DA:43,0
DA:44,0
DA:45,0
DA:46,0
DA:47,0
DA:48,0
DA:50,0
DA:51,0
DA:52,0
DA:55,0
end_of_record

SF:/Users/markjonathas/Desktop/audits/guardian/pinto fuzzing/Pinto-fuzzing/test/foundry/fuzzing/properties/RevertHandler.sol
DA:8,0
DA:10,0
DA:11,0
DA:12,0
DA:14,0
DA:17,0
DA:20,0
DA:22,0
DA:26,0
DA:27,0
DA:28,0
DA:32,0
DA:33,0
DA:34,0
DA:38,0
DA:98,0
DA:99,0
DA:100,0
DA:102,0
DA:103,0
DA:105,0
DA:106,0
DA:107,0
DA:110,0
DA:113,0
DA:114,0
DA:115,0
DA:116,0
DA:118,0
DA:119,0
DA:120,0
DA:121,0
DA:125,0
DA:126,0
DA:127,0
DA:131,0
DA:132,0
DA:133,0
DA:135,0
DA:136,0
DA:137,0
DA:140,0
DA:141,0
DA:142,0
DA:145,0
DA:146,0
DA:150,0
DA:151,0
DA:153,0
DA:156,0
DA:157,0
DA:160,0
DA:161,0
DA:162,0
DA:163,0
DA:164,0
DA:167,0
DA:169,0
DA:171,0
DA:174,0
DA:176,0
DA:177,0
DA:181,0
DA:182,0
DA:184,0
DA:189,19
DA:191,61
DA:192,23
DA:193,47
DA:195,14
end_of_record

SF:/Users/markjonathas/Desktop/audits/guardian/pinto fuzzing/Pinto-fuzzing/test/foundry/fuzzing/utils/FunctionCalls.sol
DA:7,0
DA:784,10
DA:785,61
DA:786,8
DA:787,99
DA:790,0
DA:791,0
DA:792,0
DA:793,0
DA:796,47
DA:798,61
DA:799,8
DA:800,105
DA:803,0
DA:805,0
DA:806,0
DA:807,0
DA:810,48
DA:812,61
DA:813,8
DA:814,107
end_of_record

SF:/Users/markjonathas/Desktop/audits/guardian/pinto fuzzing/Pinto-fuzzing/test/foundry/fuzzing/utils/FuzzActors.sol
DA:7,0
DA:10,2
DA:11,2
DA:12,2
DA:13,7
DA:15,42
end_of_record

SF:/Users/markjonathas/Desktop/audits/guardian/pinto fuzzing/Pinto-fuzzing/test/foundry/fuzzing/utils/FuzzConstants.sol
DA:3,0
DA:8,0
DA:10,0
DA:12,0
DA:14,0
DA:16,0
DA:18,0
DA:20,0
DA:22,0
DA:24,0
DA:31,0
DA:33,0
DA:35,0
DA:36,0
end_of_record

SF:/Users/markjonathas/Desktop/audits/guardian/pinto fuzzing/Pinto-fuzzing/test/foundry/utils/BasinDeployer.sol
DA:18,0
DA:52,0
DA:54,0
DA:55,0
DA:56,0
DA:57,0
end_of_record

SF:/Users/markjonathas/Desktop/audits/guardian/pinto fuzzing/Pinto-fuzzing/test/foundry/utils/BeanstalkDeployer.sol
DA:35,0
DA:37,0
DA:58,0
DA:717,0
DA:718,0
end_of_record

SF:/Users/markjonathas/Desktop/audits/guardian/pinto fuzzing/Pinto-fuzzing/test/foundry/utils/DepotDeployer.sol
DA:13,0
end_of_record

SF:/Users/markjonathas/Desktop/audits/guardian/pinto fuzzing/Pinto-fuzzing/test/foundry/utils/OracleDeployer.sol
DA:25,0
DA:28,0
DA:31,0
DA:34,0
DA:37,0
DA:40,0
DA:48,0
DA:57,0
DA:58,0
DA:59,0
DA:60,0
DA:61,0
DA:66,0
DA:73,0
DA:79,0
end_of_record

SF:/Users/markjonathas/Desktop/audits/guardian/pinto fuzzing/Pinto-fuzzing/test/foundry/utils/ShipmentDeployer.sol
DA:25,0
end_of_record

SF:/Users/markjonathas/Desktop/audits/guardian/pinto fuzzing/Pinto-fuzzing/test/foundry/utils/Utils.sol
DA:14,0
DA:27,0
DA:28,0
DA:32,0
DA:45,0
DA:57,0
DA:59,0
DA:60,0
DA:61,0
DA:65,0
DA:66,0
DA:67,0
DA:69,0
DA:71,0
DA:74,0
DA:76,0
DA:77,0
DA:78,0
DA:80,0
DA:84,0
DA:85,0
DA:88,0
DA:89,0
end_of_record

