TN:
SF:/Users/markjonathas/Desktop/audits/guardian/pinto fuzzing/Pinto-fuzzing/contracts/C.sol
DA:1,0
DA:15,25
DA:20,0
DA:22,0
DA:25,0
DA:28,2
DA:29,4
DA:34,1
DA:35,0
DA:38,0
DA:39,0
DA:42,0
DA:47,0
DA:49,0
DA:52,0
DA:56,0
DA:58,0
DA:60,0
DA:62,0
DA:63,0
DA:70,0
DA:71,0
end_of_record

SF:/Users/markjonathas/Desktop/audits/guardian/pinto fuzzing/Pinto-fuzzing/contracts/beanstalk/Diamond.sol
DA:18,72
DA:23,31
DA:24,9
DA:25,8
DA:26,23
DA:27,23
DA:34,1
DA:35,3
DA:37,3
DA:39,40
DA:40,10
DA:42,4
DA:43,7
DA:44,4
DA:45,1
DA:46,6
DA:47,3
DA:50,3
end_of_record

SF:/Users/markjonathas/Desktop/audits/guardian/pinto fuzzing/Pinto-fuzzing/contracts/beanstalk/Invariable.sol
DA:30,6
DA:31,0
DA:32,14
DA:33,8
DA:34,2
DA:35,2
DA:36,10
DA:37,40
DA:38,70
DA:47,8
DA:48,28
DA:49,14
DA:50,16
DA:52,16
DA:54,6
DA:55,28
DA:58,40
DA:59,6
DA:60,62
DA:70,4
DA:71,14
DA:72,7
DA:73,8
DA:75,8
DA:77,3
DA:78,14
DA:81,20
DA:82,3
DA:83,32
DA:93,6
DA:94,14
DA:95,16
DA:96,2
DA:97,16
DA:99,42
DA:100,46
DA:101,2
DA:103,6
DA:104,64
DA:114,2
DA:116,158
DA:118,2
DA:119,6
DA:120,156
DA:129,0
DA:130,0
DA:132,0
DA:133,0
DA:134,0
DA:142,7
DA:143,7
DA:144,7
DA:145,13
DA:146,49
DA:148,20
DA:149,40
DA:152,20
DA:153,48
DA:160,5
DA:162,1
DA:163,50
DA:164,20
DA:165,99
DA:173,5
DA:175,2
DA:176,7
DA:177,50
DA:178,50
DA:180,20
DA:181,19
DA:182,70
DA:183,77
DA:184,77
DA:185,37
DA:186,38
DA:187,36
DA:188,24
DA:190,78
DA:193,69
DA:194,99
DA:196,1
end_of_record

SF:/Users/markjonathas/Desktop/audits/guardian/pinto fuzzing/Pinto-fuzzing/contracts/beanstalk/ReentrancyGuard.sol
DA:26,20
DA:28,18
DA:29,1
DA:30,18
DA:38,0
DA:39,0
DA:41,0
DA:42,0
DA:43,0
DA:44,0
DA:45,0
end_of_record

SF:/Users/markjonathas/Desktop/audits/guardian/pinto fuzzing/Pinto-fuzzing/contracts/beanstalk/facets/diamond/DiamondCutFacet.sol
DA:15,41
DA:22,26
DA:27,4
DA:28,74
end_of_record

SF:/Users/markjonathas/Desktop/audits/guardian/pinto fuzzing/Pinto-fuzzing/contracts/beanstalk/facets/diamond/DiamondLoupeFacet.sol
DA:15,17
DA:27,0
DA:28,0
DA:29,0
DA:30,0
DA:31,0
DA:32,0
DA:33,0
DA:34,0
DA:35,0
DA:43,0
DA:45,0
DA:46,0
DA:47,0
DA:52,0
DA:53,0
DA:54,0
DA:61,0
DA:63,0
DA:64,0
DA:65,0
DA:69,0
DA:70,0
DA:71,0
end_of_record

SF:/Users/markjonathas/Desktop/audits/guardian/pinto fuzzing/Pinto-fuzzing/contracts/beanstalk/facets/diamond/OwnershipFacet.sol
DA:8,17
DA:11,0
DA:12,0
DA:13,0
DA:16,0
DA:17,0
DA:18,0
DA:19,0
DA:22,0
DA:23,0
DA:26,0
DA:27,0
end_of_record

SF:/Users/markjonathas/Desktop/audits/guardian/pinto fuzzing/Pinto-fuzzing/contracts/beanstalk/facets/diamond/PauseFacet.sol
DA:14,17
DA:26,0
DA:27,0
DA:28,0
DA:29,0
DA:30,0
DA:31,0
DA:34,0
DA:35,0
DA:36,0
DA:37,0
DA:38,0
DA:39,0
DA:40,0
DA:41,0
end_of_record

SF:/Users/markjonathas/Desktop/audits/guardian/pinto fuzzing/Pinto-fuzzing/contracts/beanstalk/facets/farm/DepotFacet.sol
DA:20,17
DA:26,0
DA:28,0
DA:29,0
DA:38,0
DA:40,0
DA:41,0
DA:49,0
DA:52,0
DA:53,0
DA:54,0
DA:63,0
DA:66,0
DA:67,0
DA:68,0
DA:76,0
DA:77,0
DA:79,0
DA:80,0
end_of_record

SF:/Users/markjonathas/Desktop/audits/guardian/pinto fuzzing/Pinto-fuzzing/contracts/beanstalk/facets/farm/FarmFacet.sol
DA:21,17
DA:27,0
DA:29,0
DA:30,0
DA:31,0
DA:32,0
DA:34,0
DA:43,0
DA:45,0
DA:46,0
DA:47,0
DA:48,0
DA:50,0
end_of_record

SF:/Users/markjonathas/Desktop/audits/guardian/pinto fuzzing/Pinto-fuzzing/contracts/beanstalk/facets/farm/TokenFacet.sol
DA:23,17
DA:45,0
DA:51,0
DA:52,0
DA:59,0
DA:65,0
DA:66,0
DA:67,0
DA:68,0
DA:69,0
DA:70,0
DA:71,0
DA:72,0
DA:75,0
DA:76,0
DA:86,0
DA:91,0
DA:97,0
DA:101,0
DA:102,0
DA:103,0
DA:104,0
DA:105,0
DA:106,0
DA:108,0
DA:114,0
DA:118,0
DA:119,0
DA:120,0
DA:121,0
DA:122,0
DA:123,0
DA:124,0
DA:125,0
DA:127,0
DA:133,0
DA:137,0
DA:138,0
DA:149,0
DA:155,0
DA:156,0
DA:165,0
DA:171,0
DA:172,0
DA:180,0
DA:184,0
DA:185,0
DA:191,0
DA:195,0
DA:203,0
DA:206,0
DA:207,0
DA:213,0
DA:216,0
DA:217,0
DA:218,0
DA:219,0
DA:228,0
DA:231,0
DA:232,0
DA:238,0
DA:241,0
DA:242,0
DA:243,0
DA:244,0
DA:252,0
DA:253,0
DA:260,0
DA:263,0
DA:264,0
DA:265,0
DA:266,0
DA:274,0
DA:275,0
DA:276,0
DA:277,0
DA:284,0
DA:287,0
DA:288,0
DA:289,0
DA:290,0
end_of_record

SF:/Users/markjonathas/Desktop/audits/guardian/pinto fuzzing/Pinto-fuzzing/contracts/beanstalk/facets/farm/TokenSupportFacet.sol
DA:19,17
DA:30,0
DA:35,0
DA:48,0
DA:54,0
DA:61,0
DA:67,0
end_of_record

SF:/Users/markjonathas/Desktop/audits/guardian/pinto fuzzing/Pinto-fuzzing/contracts/beanstalk/facets/farm/TractorFacet.sol
DA:22,17
DA:49,0
DA:50,0
DA:51,0
DA:52,0
DA:53,0
DA:54,0
DA:60,0
DA:61,0
DA:62,0
DA:63,0
DA:64,0
DA:65,0
DA:69,0
DA:70,0
DA:71,0
DA:72,0
DA:73,0
DA:74,0
DA:77,0
DA:78,0
DA:80,0
DA:81,0
DA:82,0
DA:83,0
DA:84,0
DA:85,0
DA:86,0
DA:94,0
DA:97,0
DA:98,0
DA:105,0
DA:106,0
DA:112,0
DA:114,0
DA:115,0
DA:116,0
DA:117,0
DA:120,0
DA:126,0
DA:128,0
DA:129,0
DA:130,0
DA:131,0
DA:137,0
DA:145,0
DA:146,0
DA:147,0
DA:148,0
DA:149,0
DA:152,0
DA:155,0
DA:159,0
DA:160,0
DA:165,0
DA:166,0
DA:167,0
DA:168,0
DA:170,0
DA:171,0
DA:172,0
DA:173,0
DA:177,0
DA:178,0
DA:179,0
DA:180,0
DA:184,0
DA:187,0
DA:206,0
DA:211,0
DA:212,0
DA:213,0
DA:214,0
DA:215,0
DA:216,0
DA:217,0
DA:226,0
DA:227,0
DA:235,0
DA:236,0
DA:237,0
DA:238,0
DA:239,0
DA:247,0
DA:251,0
DA:252,0
DA:253,0
DA:254,0
DA:255,0
DA:256,0
DA:258,0
DA:259,0
DA:260,0
DA:261,0
DA:268,0
DA:269,0
DA:276,0
DA:278,0
DA:279,0
DA:286,0
DA:287,0
DA:294,0
DA:295,0
DA:298,0
DA:299,0
end_of_record

SF:/Users/markjonathas/Desktop/audits/guardian/pinto fuzzing/Pinto-fuzzing/contracts/beanstalk/facets/field/FieldFacet.sol
DA:28,82
DA:80,0
DA:89,0
DA:91,0
DA:93,0
DA:105,0
DA:115,0
DA:117,0
DA:119,0
DA:138,0
DA:147,0
DA:149,0
DA:151,0
DA:152,0
DA:159,0
DA:162,0
DA:163,0
DA:166,0
DA:167,0
DA:168,0
DA:170,0
DA:171,0
DA:178,0
DA:182,0
DA:184,0
DA:185,0
DA:190,0
DA:192,0
DA:194,0
DA:195,0
DA:198,0
DA:199,0
DA:203,0
DA:204,0
DA:205,0
DA:206,0
DA:207,0
DA:208,0
DA:217,16
DA:218,4
DA:219,9
DA:220,22
DA:221,17
DA:228,30
DA:232,4
DA:233,11
DA:234,10
DA:237,27
DA:238,27
DA:239,27
DA:240,27
DA:242,17
DA:251,0
DA:252,0
DA:259,0
DA:260,0
DA:268,0
DA:269,0
DA:276,0
DA:277,0
DA:287,0
DA:288,0
DA:294,0
DA:295,0
DA:296,0
DA:303,0
DA:304,0
DA:310,0
DA:311,0
DA:317,0
DA:318,0
DA:325,0
DA:326,0
DA:334,0
DA:335,0
DA:338,0
DA:339,0
DA:342,0
DA:343,0
DA:354,0
DA:356,0
DA:357,0
DA:361,0
DA:362,0
DA:363,0
DA:364,0
DA:365,0
DA:369,0
DA:370,0
DA:379,0
DA:380,0
DA:387,0
DA:388,0
DA:396,0
DA:397,0
DA:403,0
DA:406,0
DA:407,0
DA:413,0
DA:416,0
DA:417,0
DA:418,0
DA:419,0
DA:420,0
DA:421,0
DA:422,0
DA:429,0
DA:430,0
DA:431,0
DA:432,0
end_of_record

SF:/Users/markjonathas/Desktop/audits/guardian/pinto fuzzing/Pinto-fuzzing/contracts/beanstalk/facets/market/MarketplaceFacet.sol
DA:17,17
DA:22,0
DA:25,0
DA:26,0
DA:30,0
DA:34,0
DA:35,0
DA:36,0
DA:37,0
DA:38,0
DA:39,0
DA:40,0
DA:41,0
DA:43,0
DA:47,0
DA:51,0
DA:54,0
DA:55,0
DA:63,0
DA:67,0
DA:68,0
DA:69,0
DA:70,0
DA:71,0
DA:72,0
DA:73,0
DA:75,0
DA:79,0
DA:85,0
DA:86,0
DA:90,0
DA:93,0
DA:94,0
DA:95,0
DA:100,0
DA:101,0
DA:104,0
DA:105,0
DA:115,0
DA:122,0
DA:123,0
DA:124,0
DA:127,0
DA:128,0
DA:129,0
DA:130,0
DA:132,0
DA:135,0
DA:136,0
DA:138,0
DA:144,0
DA:151,0
DA:152,0
DA:153,0
DA:156,0
DA:157,0
DA:160,0
DA:163,0
DA:164,0
DA:165,0
DA:167,0
DA:175,0
DA:182,0
DA:183,0
DA:184,0
DA:185,0
DA:186,0
DA:188,0
DA:189,0
DA:196,0
DA:202,0
DA:203,0
DA:204,0
DA:205,0
DA:206,0
DA:212,0
DA:217,0
DA:218,0
DA:219,0
end_of_record

SF:/Users/markjonathas/Desktop/audits/guardian/pinto fuzzing/Pinto-fuzzing/contracts/beanstalk/facets/market/abstract/Listing.sol
DA:50,0
DA:51,0
DA:52,0
DA:55,0
DA:56,0
DA:57,0
DA:60,0
DA:61,0
DA:62,0
DA:65,0
DA:66,0
DA:70,0
DA:71,0
DA:73,0
DA:75,0
DA:76,0
DA:77,0
DA:78,0
DA:79,0
DA:80,0
DA:81,0
DA:82,0
DA:83,0
DA:84,0
DA:92,0
DA:96,0
DA:97,0
DA:98,0
DA:101,0
DA:102,0
DA:104,0
DA:105,0
DA:106,0
DA:109,0
DA:110,0
DA:114,0
DA:115,0
DA:116,0
DA:121,0
DA:122,0
DA:125,0
DA:126,0
DA:131,0
DA:133,0
DA:134,0
DA:135,0
DA:136,0
DA:137,0
DA:138,0
DA:139,0
DA:140,0
DA:141,0
DA:142,0
DA:143,0
DA:144,0
DA:145,0
DA:150,0
DA:151,0
DA:152,0
DA:153,0
DA:154,0
DA:155,0
DA:156,0
DA:157,0
DA:160,0
DA:161,0
DA:162,0
DA:163,0
DA:164,0
DA:165,0
DA:166,0
DA:174,0
DA:175,0
DA:176,0
DA:177,0
DA:178,0
DA:179,0
DA:180,0
DA:181,0
DA:182,0
DA:183,0
DA:184,0
DA:185,0
DA:186,0
end_of_record

SF:/Users/markjonathas/Desktop/audits/guardian/pinto fuzzing/Pinto-fuzzing/contracts/beanstalk/facets/market/abstract/Order.sol
DA:47,0
DA:50,0
DA:51,0
DA:52,0
DA:53,0
DA:54,0
DA:58,0
DA:60,0
DA:61,0
DA:62,0
DA:64,0
DA:65,0
DA:66,0
DA:67,0
DA:68,0
DA:69,0
DA:70,0
DA:71,0
DA:80,0
DA:87,0
DA:88,0
DA:89,0
DA:92,0
DA:93,0
DA:96,0
DA:97,0
DA:98,0
DA:102,0
DA:104,0
DA:105,0
DA:106,0
DA:107,0
DA:109,0
DA:111,0
DA:112,0
DA:115,0
DA:117,0
DA:118,0
DA:121,0
DA:122,0
DA:123,0
DA:124,0
DA:125,0
DA:126,0
DA:127,0
DA:128,0
DA:129,0
DA:136,0
DA:137,0
DA:138,0
DA:139,0
DA:140,0
DA:141,0
DA:142,0
DA:149,0
DA:150,0
DA:151,0
DA:152,0
DA:153,0
DA:154,0
DA:155,0
DA:156,0
DA:157,0
end_of_record

SF:/Users/markjonathas/Desktop/audits/guardian/pinto fuzzing/Pinto-fuzzing/contracts/beanstalk/facets/market/abstract/PodTransfer.sol
DA:31,0
DA:35,0
DA:36,0
DA:43,0
DA:51,0
DA:52,0
DA:53,0
DA:54,0
DA:55,0
DA:58,0
DA:59,0
DA:60,0
DA:61,0
DA:62,0
DA:63,0
DA:66,0
DA:72,0
DA:73,0
DA:75,0
DA:76,0
DA:78,0
DA:79,0
DA:82,0
DA:83,0
DA:84,0
DA:85,0
DA:86,0
DA:87,0
DA:88,0
DA:92,0
DA:97,0
DA:98,0
DA:99,0
DA:100,0
DA:102,0
DA:105,0
DA:111,0
end_of_record

SF:/Users/markjonathas/Desktop/audits/guardian/pinto fuzzing/Pinto-fuzzing/contracts/beanstalk/facets/metadata/MetadataFacet.sol
DA:21,17
DA:34,0
DA:35,0
DA:36,0
DA:42,0
DA:43,0
DA:46,0
DA:48,0
DA:50,0
DA:52,0
DA:54,0
DA:56,0
DA:58,0
DA:60,0
DA:62,0
DA:64,0
DA:66,0
DA:67,0
DA:71,0
DA:72,0
DA:80,0
DA:81,0
DA:84,0
DA:85,0
end_of_record

SF:/Users/markjonathas/Desktop/audits/guardian/pinto fuzzing/Pinto-fuzzing/contracts/beanstalk/facets/metadata/abstract/MetadataImage.sol
DA:31,0
DA:32,0
DA:34,0
DA:36,0
DA:41,0
DA:43,0
DA:46,0
DA:49,0
DA:50,0
DA:52,0
DA:53,0
DA:55,0
DA:59,0
DA:61,0
DA:63,0
DA:65,0
DA:67,0
DA:73,0
DA:77,0
DA:78,0
DA:79,0
DA:80,0
DA:81,0
DA:83,0
DA:86,0
DA:87,0
end_of_record

SF:/Users/markjonathas/Desktop/audits/guardian/pinto fuzzing/Pinto-fuzzing/contracts/beanstalk/facets/silo/ApprovalFacet.sol
DA:20,17
DA:36,0
DA:41,0
DA:42,0
DA:43,0
DA:53,0
DA:57,0
DA:58,0
DA:59,0
DA:60,0
DA:61,0
DA:62,0
DA:64,0
DA:74,0
DA:78,0
DA:79,0
DA:80,0
DA:81,0
DA:82,0
DA:83,0
DA:84,0
DA:85,0
DA:87,0
DA:96,0
DA:100,0
DA:101,0
DA:105,0
DA:109,0
DA:110,0
DA:113,0
DA:114,0
end_of_record

SF:/Users/markjonathas/Desktop/audits/guardian/pinto fuzzing/Pinto-fuzzing/contracts/beanstalk/facets/silo/BDVFacet.sol
DA:14,41
DA:20,39
DA:21,3
DA:30,0
DA:31,0
end_of_record

SF:/Users/markjonathas/Desktop/audits/guardian/pinto fuzzing/Pinto-fuzzing/contracts/beanstalk/facets/silo/ClaimFacet.sol
DA:25,17
DA:67,0
DA:75,0
DA:77,0
DA:79,0
DA:80,0
DA:83,0
DA:91,0
DA:92,0
DA:93,0
DA:94,0
DA:95,0
DA:96,0
DA:97,0
DA:108,0
DA:112,0
DA:113,0
DA:114,0
DA:115,0
DA:116,0
DA:117,0
DA:118,0
DA:121,0
DA:123,0
DA:133,0
DA:137,0
DA:141,0
DA:145,0
DA:146,0
DA:151,0
DA:153,0
DA:154,0
DA:155,0
DA:156,0
DA:161,0
DA:165,0
DA:166,0
DA:167,0
DA:173,0
DA:175,0
DA:176,0
DA:177,0
DA:178,0
DA:179,0
DA:199,0
DA:206,0
DA:208,0
DA:220,0
DA:224,0
DA:225,0
DA:228,0
DA:235,0
DA:236,0
DA:237,0
DA:241,0
DA:244,0
DA:245,0
DA:246,0
DA:247,0
DA:248,0
DA:249,0
DA:250,0
DA:259,0
DA:260,0
DA:261,0
DA:266,0
DA:267,0
DA:269,0
end_of_record

SF:/Users/markjonathas/Desktop/audits/guardian/pinto fuzzing/Pinto-fuzzing/contracts/beanstalk/facets/silo/ConvertFacet.sol
DA:24,17
DA:54,0
DA:64,0
DA:65,0
DA:67,0
DA:68,0
DA:71,0
DA:75,0
DA:76,0
DA:79,0
DA:80,0
DA:81,0
DA:86,0
DA:88,0
DA:91,0
DA:94,0
DA:95,0
DA:96,0
DA:97,0
DA:98,0
DA:99,0
DA:100,0
DA:104,0
DA:105,0
DA:106,0
DA:107,0
DA:108,0
DA:109,0
DA:113,0
DA:116,0
DA:121,0
DA:122,0
DA:123,0
DA:124,0
DA:125,0
DA:129,0
DA:130,0
DA:131,0
DA:132,0
DA:133,0
DA:134,0
DA:136,0
DA:139,0
DA:140,0
DA:141,0
DA:142,0
DA:143,0
DA:144,0
DA:145,0
DA:148,0
DA:149,0
DA:151,0
end_of_record

SF:/Users/markjonathas/Desktop/audits/guardian/pinto fuzzing/Pinto-fuzzing/contracts/beanstalk/facets/silo/ConvertGettersFacet.sol
DA:16,17
DA:22,0
DA:25,0
DA:26,0
DA:32,0
DA:36,0
DA:37,0
DA:40,0
DA:41,0
DA:47,0
DA:48,0
DA:54,0
DA:58,0
DA:59,0
DA:67,0
DA:68,0
DA:78,0
DA:82,0
DA:83,0
DA:90,0
DA:91,0
DA:92,0
DA:93,0
DA:95,0
DA:97,0
DA:98,0
DA:99,0
DA:100,0
DA:108,0
DA:109,0
DA:110,0
DA:111,0
DA:112,0
DA:120,0
DA:130,0
DA:131,0
DA:132,0
DA:133,0
DA:136,0
DA:137,0
DA:138,0
DA:139,0
DA:140,0
DA:141,0
DA:142,0
DA:153,0
DA:157,0
DA:158,0
end_of_record

SF:/Users/markjonathas/Desktop/audits/guardian/pinto fuzzing/Pinto-fuzzing/contracts/beanstalk/facets/silo/PipelineConvertFacet.sol
DA:28,17
DA:58,0
DA:69,0
DA:70,0
DA:72,0
DA:73,0
DA:76,0
DA:77,0
DA:82,0
DA:83,0
DA:86,0
DA:87,0
DA:91,0
DA:92,0
DA:93,0
DA:94,0
DA:95,0
DA:96,0
DA:97,0
DA:98,0
DA:101,0
DA:102,0
DA:103,0
DA:104,0
DA:105,0
DA:106,0
DA:107,0
DA:110,0
DA:111,0
DA:112,0
DA:113,0
DA:114,0
DA:115,0
DA:117,0
DA:120,0
DA:121,0
DA:122,0
DA:123,0
DA:124,0
DA:125,0
DA:126,0
DA:129,0
end_of_record

SF:/Users/markjonathas/Desktop/audits/guardian/pinto fuzzing/Pinto-fuzzing/contracts/beanstalk/facets/silo/SiloFacet.sol
DA:26,64
DA:47,44
DA:58,1
DA:59,3
DA:61,13
DA:62,18
DA:87,25
DA:92,2
DA:93,11
DA:94,11
DA:111,27
DA:116,3
DA:117,16
DA:118,11
DA:138,42
DA:144,1
DA:145,11
DA:164,44
DA:177,1
DA:178,1
DA:179,28
DA:180,1
DA:181,23
DA:182,39
DA:184,27
DA:188,13
DA:189,60
DA:192,51
DA:194,51
DA:195,13
DA:209,0
DA:215,0
DA:216,0
DA:218,0
DA:219,0
DA:221,0
DA:235,25
DA:241,0
DA:242,21
DA:243,9
DA:246,0
DA:248,0
DA:249,0
DA:250,0
DA:251,0
DA:252,0
DA:266,0
DA:270,0
DA:272,0
DA:275,0
DA:276,0
DA:279,0
DA:280,0
DA:282,0
DA:286,0
DA:287,0
DA:290,0
DA:291,0
DA:292,0
DA:293,0
DA:294,0
DA:297,0
DA:301,0
end_of_record

SF:/Users/markjonathas/Desktop/audits/guardian/pinto fuzzing/Pinto-fuzzing/contracts/beanstalk/facets/silo/SiloGettersFacet.sol
DA:24,81
DA:63,0
DA:64,0
DA:75,0
DA:79,0
DA:80,0
DA:87,0
DA:88,0
DA:95,0
DA:96,0
DA:97,0
DA:98,0
DA:99,0
DA:107,0
DA:108,0
DA:115,0
DA:116,0
DA:117,0
DA:118,0
DA:119,0
DA:126,0
DA:127,0
DA:133,0
DA:134,0
DA:147,0
DA:148,0
DA:158,0
DA:159,0
DA:165,0
DA:168,0
DA:169,0
DA:170,0
DA:171,0
DA:172,0
DA:174,0
DA:180,0
DA:181,0
DA:187,0
DA:189,0
DA:190,0
DA:196,0
DA:197,0
DA:203,0
DA:206,0
DA:207,0
DA:208,0
DA:209,0
DA:218,0
DA:219,0
DA:227,0
DA:228,0
DA:234,0
DA:236,0
DA:237,0
DA:238,0
DA:239,0
DA:246,0
DA:247,0
DA:253,0
DA:254,0
DA:260,0
DA:261,0
DA:262,0
DA:263,0
DA:275,0
DA:278,0
DA:280,0
DA:281,0
DA:282,0
DA:289,0
DA:290,0
DA:291,0
DA:292,0
DA:298,0
DA:299,0
DA:300,0
DA:301,0
DA:307,0
DA:308,0
DA:309,0
DA:310,0
DA:317,0
DA:318,0
DA:319,0
DA:320,0
DA:327,0
DA:329,0
DA:330,0
DA:331,0
DA:332,0
DA:333,0
DA:340,0
DA:341,0
DA:350,0
DA:351,0
DA:365,0
DA:366,0
DA:367,0
DA:368,0
DA:369,0
DA:371,0
DA:379,0
DA:380,0
DA:390,0
DA:392,0
DA:395,0
DA:396,0
DA:398,0
DA:399,0
DA:400,0
DA:419,0
DA:420,0
DA:421,0
DA:422,0
DA:423,0
DA:425,0
DA:435,0
DA:436,0
DA:437,0
DA:438,0
DA:439,0
DA:440,0
DA:447,0
DA:450,0
DA:451,0
DA:452,0
DA:453,0
DA:464,0
DA:468,0
DA:469,0
DA:476,0
DA:477,0
DA:479,0
DA:480,0
DA:481,0
DA:483,0
DA:484,0
DA:485,0
DA:494,0
DA:495,0
DA:498,0
DA:499,0
DA:500,0
DA:501,0
DA:509,0
DA:511,0
DA:512,0
DA:513,0
DA:514,0
DA:521,0
DA:524,0
DA:525,0
DA:531,0
DA:534,0
DA:535,0
DA:543,0
DA:546,0
DA:547,0
DA:553,0
DA:556,0
DA:557,0
DA:558,0
DA:559,0
DA:569,0
DA:570,0
DA:577,0
DA:578,0
DA:585,0
DA:586,0
DA:593,0
DA:595,0
DA:596,0
DA:597,0
DA:598,0
DA:599,0
DA:600,0
DA:601,0
DA:602,0
DA:603,0
DA:604,0
DA:608,0
DA:609,0
DA:625,0
DA:626,0
DA:632,0
DA:633,0
DA:634,0
DA:635,0
DA:636,0
DA:640,0
DA:644,0
DA:645,0
DA:646,0
DA:647,0
DA:648,0
DA:657,0
DA:658,0
DA:659,0
DA:662,0
DA:663,0
DA:669,0
DA:671,0
DA:672,0
DA:673,0
DA:674,0
DA:678,0
DA:680,0
DA:681,0
DA:682,0
DA:683,0
DA:700,0
DA:702,0
DA:703,0
DA:704,0
DA:705,0
DA:706,0
DA:714,0
DA:717,0
DA:718,0
DA:719,0
DA:720,0
DA:727,0
DA:730,0
DA:731,0
DA:732,0
DA:733,0
DA:734,0
DA:735,0
DA:736,0
DA:737,0
DA:744,0
DA:747,0
DA:748,0
DA:751,0
DA:755,0
DA:756,0
DA:759,0
DA:760,0
DA:763,39
DA:765,2
DA:766,9
end_of_record

SF:/Users/markjonathas/Desktop/audits/guardian/pinto fuzzing/Pinto-fuzzing/contracts/beanstalk/facets/silo/WhitelistFacet.sol
DA:21,59
DA:31,0
DA:34,0
DA:35,0
DA:67,0
DA:79,0
DA:80,0
DA:81,0
DA:82,0
DA:83,0
DA:84,0
DA:85,0
DA:86,0
DA:87,0
DA:88,0
DA:89,0
DA:90,0
DA:100,0
DA:104,0
DA:105,0
DA:114,0
DA:120,0
DA:121,0
DA:122,0
DA:123,0
DA:124,0
DA:125,0
DA:132,23
DA:136,4
DA:137,6
DA:143,0
DA:147,0
DA:148,0
DA:154,0
DA:158,0
DA:159,0
DA:162,0
DA:165,0
DA:166,0
DA:167,0
DA:170,0
DA:172,0
DA:173,0
DA:176,0
DA:178,0
DA:179,0
DA:182,0
DA:184,0
DA:185,0
end_of_record

SF:/Users/markjonathas/Desktop/audits/guardian/pinto fuzzing/Pinto-fuzzing/contracts/beanstalk/facets/silo/abstract/TokenSilo.sol
DA:44,162
DA:61,8
DA:65,3
DA:66,1
DA:67,81
DA:68,1
DA:69,1
DA:70,8
DA:71,1
DA:73,7
DA:89,10
DA:91,8
DA:92,1
DA:93,1
DA:94,1
DA:95,1
DA:96,4
DA:97,1
DA:98,1
DA:99,1
DA:100,1
DA:101,1
DA:103,21
DA:105,0
DA:106,0
DA:107,0
DA:108,0
DA:109,0
DA:110,0
DA:115,10
DA:117,7
DA:118,0
DA:133,10
DA:138,1
DA:139,31
DA:141,7
DA:142,1
DA:143,1
DA:144,2
DA:145,2
DA:149,13
DA:150,0
DA:154,13
DA:155,4
DA:156,1
DA:157,1
DA:158,7
DA:159,7
DA:160,7
DA:161,1
DA:166,13
DA:167,0
DA:168,0
DA:169,0
DA:170,0
DA:171,0
DA:172,0
DA:173,0
DA:177,10
DA:178,0
DA:183,42
DA:189,0
DA:197,0
DA:199,0
DA:206,8
DA:215,8
DA:216,53
DA:228,9
DA:234,1
DA:235,13
DA:236,0
DA:238,51
DA:240,51
DA:242,16
DA:244,1
DA:245,1
DA:246,1
DA:247,1
DA:248,1
DA:250,53
DA:251,1
DA:252,1
DA:253,1
DA:254,1
DA:255,1
DA:256,1
DA:259,21
DA:260,0
DA:262,8
DA:263,7
DA:264,0
DA:274,23
DA:275,4
DA:276,1
DA:277,1
DA:278,6
DA:279,1
DA:282,7
DA:292,11
DA:298,1
DA:299,12
DA:301,4
DA:302,53
DA:303,53
DA:306,8
DA:309,23
DA:310,32
DA:311,7
DA:312,1
DA:313,1
DA:314,24
DA:315,15
DA:317,53
DA:318,1
DA:319,1
DA:320,24
DA:321,15
DA:322,1
DA:323,1
DA:325,7
DA:326,24
DA:327,4
DA:328,5
DA:333,42
DA:334,21
DA:335,0
DA:336,0
DA:338,22
DA:339,28
DA:340,28
DA:342,0
DA:343,0
DA:346,20
DA:347,48
DA:351,55
DA:359,24
DA:360,4
DA:361,1
DA:362,1
DA:363,1
DA:364,2
DA:367,39
DA:369,7
end_of_record

SF:/Users/markjonathas/Desktop/audits/guardian/pinto fuzzing/Pinto-fuzzing/contracts/beanstalk/facets/silo/abstract/WhitelistedTokens.sol
DA:19,0
DA:20,0
DA:26,0
DA:27,0
DA:33,0
DA:34,0
DA:40,0
DA:41,0
DA:47,0
DA:50,0
DA:52,0
DA:58,0
DA:60,0
DA:61,0
end_of_record

SF:/Users/markjonathas/Desktop/audits/guardian/pinto fuzzing/Pinto-fuzzing/contracts/beanstalk/facets/sun/GaugeFacet.sol
DA:47,17
DA:48,0
DA:53,0
DA:57,0
DA:58,0
DA:59,0
DA:62,0
DA:63,0
DA:67,0
DA:68,0
DA:71,0
DA:72,0
DA:73,0
DA:74,0
DA:75,0
DA:76,0
DA:79,0
DA:81,0
DA:82,0
DA:83,0
DA:84,0
DA:85,0
DA:86,0
DA:87,0
DA:90,0
DA:93,0
DA:94,0
DA:99,0
DA:100,0
DA:101,0
DA:102,0
DA:103,0
DA:104,0
DA:105,0
DA:106,0
DA:109,0
DA:124,0
DA:128,0
DA:129,0
DA:130,0
DA:131,0
DA:135,0
DA:136,0
DA:139,0
DA:140,0
DA:141,0
DA:142,0
DA:143,0
DA:144,0
DA:145,0
DA:150,0
DA:151,0
DA:155,0
DA:156,0
DA:158,0
DA:159,0
DA:161,0
DA:162,0
DA:182,0
DA:183,0
DA:186,0
DA:187,0
DA:190,0
DA:191,0
end_of_record

SF:/Users/markjonathas/Desktop/audits/guardian/pinto fuzzing/Pinto-fuzzing/contracts/beanstalk/facets/sun/GaugeGettersFacet.sol
DA:21,17
DA:32,0
DA:33,0
DA:41,0
DA:42,0
DA:48,0
DA:49,0
DA:57,0
DA:58,0
DA:65,0
DA:66,0
DA:73,0
DA:74,0
DA:81,0
DA:82,0
DA:83,0
DA:85,0
DA:93,0
DA:94,0
DA:95,0
DA:96,0
DA:98,0
DA:99,0
DA:101,0
DA:108,0
DA:109,0
DA:110,0
DA:111,0
DA:112,0
DA:113,0
DA:115,0
DA:121,0
DA:122,0
DA:123,0
DA:129,0
DA:130,0
DA:131,0
DA:132,0
DA:133,0
DA:135,0
DA:136,0
DA:137,0
DA:144,0
DA:145,0
DA:146,0
DA:147,0
DA:148,0
DA:149,0
DA:152,0
DA:153,0
DA:154,0
DA:158,0
DA:164,0
DA:165,0
DA:166,0
DA:167,0
DA:168,0
DA:175,0
DA:176,0
DA:177,0
DA:178,0
DA:184,0
DA:185,0
DA:186,0
DA:187,0
DA:193,0
DA:194,0
DA:201,0
DA:204,0
DA:205,0
DA:206,0
DA:207,0
DA:208,0
DA:209,0
DA:212,0
DA:213,0
DA:214,0
DA:215,0
DA:216,0
DA:224,0
DA:225,0
DA:228,0
DA:229,0
DA:230,0
DA:231,0
DA:233,0
DA:235,0
DA:240,0
DA:241,0
DA:242,0
DA:243,0
DA:246,0
DA:247,0
DA:248,0
DA:249,0
DA:250,0
DA:251,0
DA:254,0
DA:255,0
DA:257,0
DA:258,0
end_of_record

SF:/Users/markjonathas/Desktop/audits/guardian/pinto fuzzing/Pinto-fuzzing/contracts/beanstalk/facets/sun/LiquidityWeightFacet.sol
DA:17,17
DA:18,0
DA:20,0
DA:21,0
DA:24,0
end_of_record

SF:/Users/markjonathas/Desktop/audits/guardian/pinto fuzzing/Pinto-fuzzing/contracts/beanstalk/facets/sun/OracleFacet.sol
DA:17,17
DA:22,0
DA:23,0
DA:32,0
DA:33,0
DA:40,0
DA:41,0
DA:49,0
DA:50,0
DA:58,0
DA:61,0
DA:62,0
DA:63,0
DA:64,0
DA:65,0
DA:66,0
DA:76,0
DA:79,0
DA:80,0
DA:87,0
DA:90,0
DA:91,0
DA:99,0
DA:100,0
end_of_record

SF:/Users/markjonathas/Desktop/audits/guardian/pinto fuzzing/Pinto-fuzzing/contracts/beanstalk/facets/sun/SeasonFacet.sol
DA:24,44
DA:40,0
DA:41,0
DA:51,0
DA:54,0
DA:55,0
DA:58,0
DA:59,0
DA:60,0
DA:61,0
DA:62,0
DA:63,0
DA:64,0
DA:65,0
DA:66,0
DA:67,0
DA:69,0
DA:79,0
DA:80,0
DA:81,0
DA:82,0
DA:83,0
DA:84,0
DA:85,0
DA:93,0
DA:94,0
DA:95,0
DA:96,0
DA:104,0
DA:105,0
DA:106,0
DA:107,0
DA:108,0
DA:115,0
DA:116,0
DA:117,0
DA:118,0
DA:127,0
DA:128,0
DA:129,0
DA:133,0
DA:134,0
DA:135,0
DA:136,0
DA:139,0
DA:141,0
DA:143,0
DA:144,0
end_of_record

SF:/Users/markjonathas/Desktop/audits/guardian/pinto fuzzing/Pinto-fuzzing/contracts/beanstalk/facets/sun/SeasonGettersFacet.sol
DA:26,17
DA:37,0
DA:38,0
DA:44,0
DA:45,0
DA:51,0
DA:52,0
DA:58,0
DA:59,0
DA:65,0
DA:66,0
DA:72,0
DA:73,0
DA:79,0
DA:80,0
DA:86,0
DA:87,0
DA:97,0
DA:98,0
DA:99,0
DA:100,0
DA:101,0
DA:104,0
DA:111,0
DA:112,0
DA:113,0
DA:114,0
DA:115,0
DA:124,0
DA:125,0
DA:126,0
DA:133,0
DA:134,0
DA:135,0
DA:142,0
DA:143,0
DA:144,0
DA:145,0
DA:147,0
DA:154,0
DA:156,0
DA:157,0
DA:158,0
DA:165,0
DA:166,0
DA:173,0
DA:174,0
DA:180,0
DA:181,0
DA:182,0
DA:189,0
DA:190,0
DA:196,0
DA:197,0
DA:198,0
DA:199,0
DA:206,0
DA:207,0
DA:208,0
DA:209,0
DA:210,0
DA:218,0
DA:219,0
DA:220,0
DA:221,0
DA:226,0
DA:227,0
DA:230,0
DA:231,0
DA:234,0
DA:236,0
DA:237,0
DA:238,0
DA:241,0
DA:242,0
DA:246,0
DA:247,0
DA:251,0
DA:253,0
DA:254,0
DA:258,0
DA:260,0
DA:261,0
DA:265,0
DA:266,0
DA:269,0
DA:270,0
DA:273,0
DA:274,0
DA:277,0
DA:278,0
DA:281,0
DA:282,0
DA:285,0
DA:286,0
DA:289,0
DA:290,0
DA:293,0
DA:294,0
DA:297,0
DA:298,0
DA:301,0
DA:302,0
DA:305,0
DA:306,0
DA:309,0
DA:310,0
DA:313,0
DA:314,0
DA:317,0
DA:318,0
DA:321,0
DA:322,0
DA:325,0
DA:326,0
DA:329,0
DA:333,0
DA:334,0
DA:335,0
DA:336,0
DA:339,0
end_of_record

SF:/Users/markjonathas/Desktop/audits/guardian/pinto fuzzing/Pinto-fuzzing/contracts/beanstalk/facets/sun/abstract/Distribution.sol
DA:30,0
DA:31,0
DA:38,30
DA:39,4
DA:40,12
DA:41,22
DA:42,71
DA:44,19
end_of_record

SF:/Users/markjonathas/Desktop/audits/guardian/pinto fuzzing/Pinto-fuzzing/contracts/beanstalk/facets/sun/abstract/GaugeDefault.sol
DA:13,0
DA:14,0
DA:15,0
DA:18,0
DA:19,0
DA:24,0
DA:25,0
DA:26,0
DA:27,0
DA:39,0
DA:44,0
DA:45,0
DA:47,0
DA:48,0
DA:50,0
DA:51,0
DA:52,0
DA:53,0
DA:57,0
DA:58,0
DA:61,0
DA:63,0
DA:64,0
DA:65,0
DA:66,0
DA:67,0
DA:71,0
DA:72,0
DA:75,0
DA:80,0
DA:89,0
DA:93,0
DA:94,0
DA:95,0
DA:96,0
DA:97,0
DA:98,0
DA:100,0
DA:101,0
DA:102,0
DA:103,0
DA:105,0
DA:108,0
DA:109,0
DA:111,0
DA:112,0
DA:113,0
DA:114,0
DA:116,0
DA:121,0
DA:122,0
DA:123,0
DA:126,0
DA:127,0
DA:128,0
DA:131,0
DA:132,0
DA:133,0
DA:134,0
DA:137,0
DA:138,0
DA:141,0
DA:142,0
DA:145,0
DA:146,0
end_of_record

SF:/Users/markjonathas/Desktop/audits/guardian/pinto fuzzing/Pinto-fuzzing/contracts/beanstalk/facets/sun/abstract/Oracle.sol
DA:21,0
DA:22,0
DA:23,0
DA:24,0
DA:26,0
DA:27,0
end_of_record

SF:/Users/markjonathas/Desktop/audits/guardian/pinto fuzzing/Pinto-fuzzing/contracts/beanstalk/facets/sun/abstract/Sun.sol
DA:36,0
DA:70,0
DA:71,0
DA:73,0
DA:74,0
DA:76,0
DA:77,0
DA:78,0
DA:79,0
DA:80,0
DA:81,0
DA:82,0
DA:83,0
DA:84,0
DA:86,0
DA:87,0
DA:88,0
DA:90,0
DA:91,0
DA:93,0
DA:96,0
DA:97,0
DA:99,0
DA:111,0
DA:112,0
DA:113,0
DA:116,0
DA:131,0
DA:132,0
DA:134,0
DA:135,0
DA:137,0
DA:138,0
DA:141,0
DA:143,0
DA:144,0
DA:149,0
DA:158,0
DA:161,0
DA:163,0
DA:165,0
DA:166,0
DA:167,0
DA:171,0
DA:172,0
DA:173,0
DA:177,0
DA:179,0
DA:180,0
DA:184,0
DA:185,0
DA:186,0
DA:187,0
DA:191,0
DA:192,0
DA:195,0
DA:196,0
DA:197,0
DA:198,0
DA:206,0
DA:207,0
DA:208,0
end_of_record

SF:/Users/markjonathas/Desktop/audits/guardian/pinto fuzzing/Pinto-fuzzing/contracts/beanstalk/facets/sun/abstract/Weather.sol
DA:25,0
DA:76,0
DA:78,0
DA:79,0
DA:81,0
DA:82,0
DA:84,0
DA:88,0
DA:89,0
DA:90,0
DA:101,0
DA:105,0
DA:106,0
DA:109,0
DA:110,0
DA:111,0
DA:113,0
DA:114,0
DA:116,0
DA:117,0
DA:119,0
DA:123,0
DA:126,0
DA:130,0
DA:131,0
DA:138,0
DA:139,0
DA:140,0
DA:141,0
DA:147,0
DA:148,0
DA:150,0
DA:153,0
DA:156,0
DA:163,0
DA:164,0
DA:165,0
DA:166,0
DA:167,0
DA:168,0
DA:170,0
DA:171,0
DA:175,0
DA:178,0
DA:179,0
DA:180,0
DA:183,0
DA:185,0
DA:186,0
DA:191,0
end_of_record

SF:/Users/markjonathas/Desktop/audits/guardian/pinto fuzzing/Pinto-fuzzing/contracts/beanstalk/init/InitalizeDiamond.sol
DA:27,0
DA:31,1
DA:32,1
DA:33,1
DA:34,1
DA:35,3
DA:36,1
DA:37,2
DA:40,1
DA:41,1
DA:42,1
DA:45,1
DA:46,1
DA:49,1
DA:50,1
DA:51,1
DA:54,1
DA:57,1
DA:59,1
DA:62,1
DA:64,1
DA:67,1
DA:70,1
DA:71,1
DA:72,1
DA:73,1
DA:76,1
DA:79,1
DA:82,1
DA:87,1
DA:88,1
DA:89,1
DA:90,1
DA:91,1
DA:95,1
DA:97,1
DA:99,1
DA:101,1
DA:104,1
DA:107,1
DA:117,9
DA:118,4
DA:119,5
DA:120,4
DA:121,4
DA:122,4
DA:123,4
DA:125,50
DA:126,26
DA:127,26
DA:131,73
DA:132,34
DA:133,1
DA:134,3
DA:135,3
DA:136,32
DA:138,34
DA:139,1
DA:140,3
DA:141,3
DA:142,32
DA:145,54
DA:146,93
DA:147,3
DA:150,17
DA:151,1
DA:152,1
DA:153,1
DA:154,1
DA:155,1
DA:156,1
DA:157,1
DA:160,95
DA:161,3
DA:164,17
DA:165,1
DA:166,1
DA:167,1
DA:170,1
DA:171,1
DA:174,6
DA:178,27
DA:179,44
DA:180,44
DA:183,26
DA:189,3
DA:190,7
DA:192,41
DA:193,41
DA:196,3
DA:197,25
DA:203,2
DA:204,27
DA:205,27
DA:206,27
DA:208,11
DA:214,2
DA:216,27
DA:219,11
DA:222,12
DA:227,25
DA:228,29
DA:229,0
DA:233,4
DA:235,4
DA:241,2
DA:242,4
DA:245,4
DA:250,27
DA:253,27
DA:256,19
DA:257,17
DA:258,1
DA:259,17
DA:261,16
DA:262,17
DA:270,4
DA:274,21
DA:276,500
DA:278,4
DA:279,38
DA:280,3
DA:286,4
DA:287,15
DA:288,1
DA:289,1
DA:290,1
DA:291,1
DA:296,2
DA:297,11
DA:298,11
DA:299,11
DA:300,11
DA:301,11
DA:302,11
DA:303,11
DA:304,11
DA:305,11
DA:306,11
DA:307,11
DA:308,11
DA:309,11
DA:310,11
DA:314,11
DA:318,11
DA:319,11
DA:320,26
DA:324,11
DA:325,11
DA:328,11
DA:329,11
DA:332,2
DA:333,4
DA:334,21
DA:337,4
DA:338,4
DA:340,31
DA:341,22
DA:342,1
DA:343,3
DA:344,25
DA:351,6
DA:353,31
DA:354,23
DA:355,1
DA:356,3
DA:357,23
DA:359,6
end_of_record

SF:/Users/markjonathas/Desktop/audits/guardian/pinto fuzzing/Pinto-fuzzing/contracts/beanstalk/init/newInitDiamond.sol
DA:16,0
DA:18,0
DA:19,0
DA:22,0
DA:24,0
DA:25,0
DA:27,0
end_of_record

SF:/Users/markjonathas/Desktop/audits/guardian/pinto fuzzing/Pinto-fuzzing/contracts/beanstalk/storage/Account.sol
end_of_record

SF:/Users/markjonathas/Desktop/audits/guardian/pinto fuzzing/Pinto-fuzzing/contracts/beanstalk/storage/AppStorage.sol
end_of_record

SF:/Users/markjonathas/Desktop/audits/guardian/pinto fuzzing/Pinto-fuzzing/contracts/beanstalk/storage/System.sol
end_of_record

SF:/Users/markjonathas/Desktop/audits/guardian/pinto fuzzing/Pinto-fuzzing/contracts/ecosystem/Drafter.sol
DA:7,17
DA:8,0
DA:12,0
DA:13,0
DA:16,0
DA:18,0
DA:19,0
DA:22,0
DA:26,0
DA:27,0
DA:30,0
DA:32,0
DA:33,0
DA:36,0
DA:39,0
DA:40,0
DA:43,0
DA:45,0
DA:46,0
end_of_record

SF:/Users/markjonathas/Desktop/audits/guardian/pinto fuzzing/Pinto-fuzzing/contracts/ecosystem/GaugePriceThreshold.sol
DA:25,72
DA:38,34
DA:44,11
DA:45,11
DA:46,7
DA:47,7
DA:60,0
DA:65,0
DA:66,0
DA:67,0
DA:68,0
DA:69,0
DA:71,0
DA:72,0
DA:73,0
DA:74,0
DA:75,0
DA:76,0
DA:81,0
DA:85,0
DA:86,0
DA:89,0
DA:90,0
DA:93,0
DA:94,0
DA:97,0
DA:98,0
end_of_record

SF:/Users/markjonathas/Desktop/audits/guardian/pinto fuzzing/Pinto-fuzzing/contracts/ecosystem/OperatorWhitelist.sol
DA:19,13
DA:21,0
DA:28,32
DA:34,0
DA:35,0
DA:36,0
DA:38,0
DA:39,0
DA:41,0
DA:48,0
DA:49,0
DA:51,0
DA:54,0
DA:55,0
DA:56,0
DA:57,0
DA:58,0
DA:62,0
DA:70,0
DA:71,0
DA:78,0
DA:79,0
end_of_record

SF:/Users/markjonathas/Desktop/audits/guardian/pinto fuzzing/Pinto-fuzzing/contracts/ecosystem/PerFunctionPausable.sol
DA:13,0
DA:17,2
DA:24,0
DA:25,0
DA:26,0
DA:34,0
DA:35,0
DA:36,0
DA:43,0
end_of_record

SF:/Users/markjonathas/Desktop/audits/guardian/pinto fuzzing/Pinto-fuzzing/contracts/ecosystem/PriceManipulation.sol
DA:19,49
DA:20,0
DA:21,0
DA:22,0
DA:25,0
DA:27,0
DA:28,0
DA:30,0
DA:32,31
DA:33,11
DA:46,0
DA:50,0
DA:51,0
DA:52,0
DA:54,0
DA:55,0
DA:58,0
DA:61,0
DA:63,0
DA:64,0
DA:65,0
DA:66,0
DA:67,0
DA:68,0
DA:70,0
DA:73,0
DA:74,0
DA:75,0
DA:77,0
DA:78,0
DA:79,0
DA:80,0
DA:81,0
DA:82,0
DA:84,0
DA:87,0
DA:88,0
DA:90,0
DA:91,0
DA:93,0
DA:94,0
DA:96,0
DA:104,0
DA:105,0
DA:107,0
DA:109,0
DA:110,0
DA:112,0
DA:113,0
DA:116,0
DA:117,0
DA:118,0
DA:119,0
DA:121,0
DA:122,0
DA:124,0
DA:126,0
DA:128,0
DA:129,0
DA:132,0
DA:133,0
DA:134,0
DA:135,0
DA:136,0
DA:137,0
DA:139,0
DA:140,0
DA:143,0
DA:144,0
DA:145,0
DA:147,0
DA:148,0
DA:149,0
DA:150,0
DA:152,0
DA:153,0
DA:154,0
DA:156,0
DA:157,0
DA:158,0
DA:159,0
DA:162,0
DA:164,0
DA:165,0
DA:166,0
DA:176,0
DA:177,0
DA:178,0
DA:179,0
end_of_record

SF:/Users/markjonathas/Desktop/audits/guardian/pinto fuzzing/Pinto-fuzzing/contracts/ecosystem/ShipmentPlanner.sol
DA:37,13
DA:38,0
DA:40,0
DA:41,0
DA:42,0
DA:43,0
DA:44,0
DA:46,0
DA:51,32
DA:52,21
DA:53,21
DA:61,0
DA:63,0
DA:64,0
DA:65,0
DA:66,0
DA:67,0
DA:75,0
DA:76,0
DA:85,0
DA:86,0
DA:87,0
DA:88,0
DA:89,0
DA:90,0
DA:97,0
DA:99,0
DA:100,0
DA:101,0
DA:103,0
DA:104,0
DA:105,0
DA:108,0
DA:109,0
DA:110,0
DA:112,0
DA:117,0
DA:118,0
DA:119,0
DA:120,0
DA:121,0
DA:122,0
DA:123,0
DA:124,0
DA:126,0
DA:127,0
DA:131,0
DA:133,0
DA:141,0
DA:143,0
DA:144,0
DA:145,0
DA:147,0
DA:148,0
DA:149,0
DA:152,0
DA:153,0
DA:156,0
DA:157,0
DA:159,0
DA:160,0
DA:161,0
DA:163,0
DA:164,0
DA:168,0
DA:170,0
DA:176,0
DA:177,0
DA:178,0
DA:181,0
DA:182,0
DA:185,0
DA:186,0
DA:190,0
DA:191,0
DA:195,0
DA:197,0
DA:198,0
DA:199,0
DA:201,0
DA:202,0
DA:203,0
DA:204,0
DA:206,0
DA:207,0
DA:210,0
DA:211,0
end_of_record

SF:/Users/markjonathas/Desktop/audits/guardian/pinto fuzzing/Pinto-fuzzing/contracts/ecosystem/SowBlueprintv0.sol
DA:16,95
DA:114,0
DA:117,0
DA:132,33
DA:136,1
DA:137,11
DA:140,11
DA:147,0
DA:149,0
DA:151,0
DA:154,0
DA:156,0
DA:159,0
DA:160,0
DA:161,0
DA:162,0
DA:163,0
DA:164,0
DA:165,0
DA:166,0
DA:167,0
DA:170,0
DA:171,0
DA:176,0
DA:177,0
DA:179,0
DA:183,0
DA:184,0
DA:185,0
DA:189,0
DA:190,0
DA:191,0
DA:192,0
DA:193,0
DA:194,0
DA:195,0
DA:196,0
DA:201,0
DA:202,0
DA:204,0
DA:205,0
DA:206,0
DA:207,0
DA:211,0
DA:212,0
DA:213,0
DA:214,0
DA:215,0
DA:216,0
DA:222,0
DA:223,0
DA:224,0
DA:225,0
DA:226,0
DA:227,0
DA:228,0
DA:232,0
DA:233,0
DA:234,0
DA:235,0
DA:236,0
DA:240,0
DA:247,0
DA:248,0
DA:249,0
DA:254,0
DA:255,0
DA:260,0
DA:261,0
DA:262,0
DA:267,0
DA:268,0
DA:273,0
DA:274,0
DA:282,0
DA:284,0
DA:285,0
DA:286,0
DA:287,0
DA:292,0
DA:295,0
DA:303,0
DA:304,0
DA:312,0
DA:313,0
DA:321,0
DA:322,0
DA:330,0
DA:331,0
DA:342,0
DA:347,0
DA:349,0
DA:350,0
DA:354,0
DA:355,0
DA:359,0
DA:360,0
DA:363,0
DA:369,0
DA:371,0
DA:372,0
DA:373,0
DA:374,0
DA:377,0
DA:378,0
DA:379,0
DA:395,0
DA:403,0
DA:404,0
DA:405,0
DA:406,0
DA:407,0
DA:408,0
DA:409,0
DA:412,0
DA:414,0
DA:415,0
DA:418,0
DA:419,0
DA:423,0
DA:424,0
DA:425,0
DA:426,0
DA:427,0
DA:431,0
DA:432,0
DA:433,0
DA:437,0
DA:438,0
DA:439,0
DA:440,0
DA:441,0
DA:442,0
DA:446,0
DA:447,0
DA:448,0
DA:449,0
DA:450,0
DA:453,0
DA:454,0
DA:455,0
DA:456,0
DA:457,0
DA:459,0
DA:470,0
DA:474,0
DA:475,0
DA:476,0
DA:477,0
DA:479,0
DA:480,0
DA:481,0
DA:482,0
DA:483,0
DA:484,0
DA:486,0
DA:495,0
DA:496,0
DA:499,0
DA:504,0
DA:505,0
end_of_record

SF:/Users/markjonathas/Desktop/audits/guardian/pinto fuzzing/Pinto-fuzzing/contracts/ecosystem/TractorHelpers.sol
DA:22,191
DA:24,0
DA:25,0
DA:63,34
DA:68,1
DA:69,11
DA:70,11
DA:71,11
DA:86,0
DA:92,0
DA:93,0
DA:94,0
DA:96,0
DA:97,0
DA:98,0
DA:99,0
DA:102,0
DA:103,0
DA:105,0
DA:106,0
DA:108,0
DA:112,0
DA:113,0
DA:114,0
DA:115,0
DA:116,0
DA:117,0
DA:120,0
DA:121,0
DA:123,0
DA:126,0
DA:127,0
DA:128,0
DA:129,0
DA:133,0
DA:134,0
DA:135,0
DA:136,0
DA:137,0
DA:138,0
DA:139,0
DA:140,0
DA:141,0
DA:142,0
DA:143,0
DA:147,0
DA:150,0
DA:153,0
DA:154,0
DA:155,0
DA:156,0
DA:157,0
DA:158,0
DA:159,0
DA:161,0
DA:162,0
DA:163,0
DA:167,0
DA:168,0
DA:169,0
DA:170,0
DA:171,0
DA:172,0
DA:173,0
DA:174,0
DA:175,0
DA:176,0
DA:180,0
DA:182,0
DA:185,0
DA:187,0
DA:188,0
DA:189,0
DA:193,0
DA:196,0
DA:199,0
DA:200,0
DA:201,0
DA:202,0
DA:203,0
DA:204,0
DA:208,0
DA:211,0
DA:212,0
DA:213,0
DA:214,0
DA:215,0
DA:218,0
DA:219,0
DA:220,0
DA:221,0
DA:222,0
DA:225,0
DA:239,0
DA:244,0
DA:245,0
DA:246,0
DA:247,0
DA:248,0
DA:249,0
DA:250,0
DA:251,0
DA:252,0
DA:270,0
DA:278,0
DA:280,0
DA:281,0
DA:284,0
DA:285,0
DA:288,0
DA:289,0
DA:292,0
DA:294,0
DA:295,0
DA:297,0
DA:298,0
DA:299,0
DA:300,0
DA:301,0
DA:308,0
DA:309,0
DA:310,0
DA:311,0
DA:313,0
DA:314,0
DA:315,0
DA:316,0
DA:317,0
DA:321,0
DA:322,0
DA:323,0
DA:327,0
DA:328,0
DA:329,0
DA:330,0
DA:331,0
DA:332,0
DA:336,0
DA:337,0
DA:338,0
DA:339,0
DA:340,0
DA:341,0
DA:342,0
DA:346,0
DA:348,0
DA:349,0
DA:350,0
DA:351,0
DA:352,0
DA:355,0
DA:357,0
DA:361,0
DA:367,0
DA:368,0
DA:376,0
DA:379,0
DA:382,0
DA:383,0
DA:386,0
DA:387,0
DA:391,0
DA:401,0
DA:404,0
DA:406,0
DA:407,0
DA:409,0
DA:410,0
DA:412,0
DA:413,0
DA:414,0
DA:415,0
DA:416,0
DA:420,0
DA:428,0
DA:431,0
DA:433,0
DA:434,0
DA:436,0
DA:437,0
DA:439,0
DA:440,0
DA:441,0
DA:442,0
DA:443,0
DA:447,0
DA:455,0
DA:457,0
DA:458,0
DA:461,0
DA:462,0
DA:463,0
DA:467,0
DA:468,0
DA:469,0
DA:470,0
DA:475,0
DA:478,0
DA:479,0
DA:480,0
DA:481,0
DA:482,0
DA:486,0
DA:501,0
DA:510,0
DA:512,0
DA:513,0
DA:516,0
DA:517,0
DA:520,0
DA:521,0
DA:522,0
DA:525,0
DA:526,0
DA:529,0
DA:530,0
DA:533,0
DA:536,0
DA:537,0
DA:538,0
DA:539,0
DA:540,0
DA:542,0
DA:543,0
DA:544,0
DA:547,0
DA:548,0
DA:551,0
DA:556,0
DA:559,0
DA:560,0
DA:561,0
DA:564,0
DA:565,0
DA:566,0
DA:567,0
DA:568,0
DA:570,0
DA:575,0
DA:576,0
DA:579,0
DA:593,0
DA:601,0
DA:603,0
DA:604,0
DA:614,0
DA:615,0
DA:624,0
DA:627,0
DA:629,0
DA:632,0
DA:635,0
DA:638,0
DA:639,0
DA:640,0
DA:645,0
DA:648,0
DA:649,0
DA:650,0
DA:654,0
DA:662,0
DA:665,0
DA:668,0
DA:669,0
DA:672,0
DA:673,0
DA:674,0
DA:675,0
DA:679,0
DA:682,0
DA:683,0
DA:686,0
DA:687,0
DA:688,0
DA:690,0
DA:691,0
DA:692,0
DA:694,0
DA:699,0
DA:701,0
DA:709,0
DA:712,0
DA:715,0
DA:716,0
DA:719,0
DA:720,0
DA:721,0
DA:722,0
DA:726,0
DA:729,0
DA:730,0
DA:733,0
DA:736,0
DA:737,0
DA:738,0
DA:740,0
DA:741,0
DA:742,0
DA:747,0
DA:749,0
DA:760,0
DA:763,0
DA:764,0
DA:765,0
DA:768,0
DA:769,0
DA:772,0
DA:773,0
DA:774,0
DA:775,0
DA:776,0
DA:780,0
DA:781,0
DA:782,0
DA:784,0
DA:785,0
DA:786,0
DA:789,0
DA:790,0
DA:791,0
DA:804,0
DA:807,0
DA:809,0
DA:810,0
DA:811,0
DA:812,0
DA:816,0
DA:817,0
DA:821,0
DA:822,0
DA:823,0
DA:824,0
DA:825,0
DA:829,0
DA:838,0
DA:840,0
DA:841,0
DA:843,0
DA:844,0
DA:845,0
DA:846,0
DA:849,0
DA:858,0
DA:861,0
DA:862,0
DA:863,0
DA:864,0
DA:867,0
DA:868,0
DA:869,0
DA:872,0
DA:882,0
DA:885,0
DA:886,0
DA:889,0
DA:892,0
DA:893,0
DA:900,0
DA:909,0
DA:911,0
DA:912,0
DA:914,0
DA:915,0
DA:916,0
DA:917,0
DA:918,0
DA:919,0
DA:923,0
DA:931,0
DA:933,0
DA:934,0
DA:943,0
DA:945,0
DA:947,0
DA:954,0
DA:955,0
DA:956,0
DA:957,0
DA:958,0
DA:960,0
end_of_record

SF:/Users/markjonathas/Desktop/audits/guardian/pinto fuzzing/Pinto-fuzzing/contracts/ecosystem/junction/Junction.sol
DA:10,17
DA:11,0
DA:12,0
end_of_record

SF:/Users/markjonathas/Desktop/audits/guardian/pinto fuzzing/Pinto-fuzzing/contracts/ecosystem/junction/LogicJunction.sol
DA:11,17
DA:12,0
DA:13,0
DA:16,0
DA:17,0
DA:20,0
DA:21,0
DA:24,0
DA:25,0
DA:28,0
DA:29,0
DA:32,0
DA:33,0
DA:36,0
DA:39,0
DA:40,0
end_of_record

SF:/Users/markjonathas/Desktop/audits/guardian/pinto fuzzing/Pinto-fuzzing/contracts/ecosystem/junction/MathJunction.sol
DA:11,17
DA:12,0
DA:13,0
DA:16,0
DA:17,0
DA:20,0
DA:21,0
DA:24,0
DA:25,0
DA:28,0
DA:29,0
DA:32,0
DA:33,0
end_of_record

SF:/Users/markjonathas/Desktop/audits/guardian/pinto fuzzing/Pinto-fuzzing/contracts/ecosystem/oracles/LSDChainlinkOracle.sol
DA:13,46
DA:14,0
DA:15,2
DA:21,0
DA:27,0
DA:28,0
DA:29,0
DA:30,0
DA:33,0
DA:34,0
DA:46,41
DA:50,1
DA:51,8
DA:52,1
DA:53,1
DA:54,1
DA:55,1
DA:56,15
DA:59,1
DA:60,8
DA:61,0
DA:65,7
DA:66,1
DA:67,1
DA:68,1
DA:69,1
DA:73,7
DA:74,1
DA:75,1
DA:76,8
DA:77,1
DA:78,1
DA:81,6
DA:83,0
DA:86,30
end_of_record

SF:/Users/markjonathas/Desktop/audits/guardian/pinto fuzzing/Pinto-fuzzing/contracts/ecosystem/price/BeanstalkPrice.sol
DA:7,74
DA:10,32
DA:23,0
DA:24,0
DA:25,0
DA:32,0
DA:33,0
DA:34,0
DA:41,0
DA:44,0
DA:45,0
DA:46,0
DA:47,0
DA:49,0
DA:50,0
DA:51,0
DA:52,0
DA:54,0
DA:61,0
DA:62,0
DA:69,0
DA:72,0
DA:73,0
DA:80,0
DA:81,0
end_of_record

SF:/Users/markjonathas/Desktop/audits/guardian/pinto fuzzing/Pinto-fuzzing/contracts/ecosystem/price/P.sol
DA:4,0
end_of_record

SF:/Users/markjonathas/Desktop/audits/guardian/pinto fuzzing/Pinto-fuzzing/contracts/ecosystem/price/WellPrice.sol
DA:23,64
DA:29,1
DA:30,11
DA:33,0
DA:34,0
DA:61,0
DA:62,0
DA:69,0
DA:72,0
DA:73,0
DA:74,0
DA:75,0
DA:76,0
DA:77,0
DA:78,0
DA:79,0
DA:81,0
DA:82,0
DA:83,0
DA:85,0
DA:86,0
DA:87,0
DA:90,0
DA:92,0
DA:93,0
DA:94,0
DA:95,0
DA:99,0
DA:100,0
DA:101,0
DA:102,0
DA:103,0
DA:104,0
DA:110,0
DA:111,0
DA:115,0
DA:118,0
DA:119,0
DA:121,0
DA:122,0
DA:123,0
DA:125,0
DA:126,0
DA:140,0
DA:141,0
DA:142,0
DA:143,0
DA:144,0
DA:145,0
DA:148,0
DA:156,0
DA:157,0
DA:158,0
DA:159,0
DA:160,0
DA:162,0
DA:171,0
DA:174,0
DA:175,0
DA:176,0
DA:177,0
DA:178,0
DA:179,0
DA:180,0
DA:183,0
DA:185,0
DA:187,0
DA:188,0
DA:189,0
DA:190,0
DA:191,0
DA:204,0
DA:205,0
DA:206,0
DA:207,0
DA:208,0
DA:209,0
DA:212,0
DA:220,0
DA:221,0
DA:222,0
DA:223,0
DA:224,0
DA:226,0
DA:235,0
DA:238,0
DA:239,0
DA:240,0
DA:241,0
DA:242,0
DA:243,0
DA:244,0
DA:246,0
DA:248,0
DA:249,0
DA:250,0
DA:251,0
DA:252,0
DA:253,0
DA:260,0
DA:262,0
DA:263,0
DA:265,0
DA:266,0
DA:268,0
DA:269,0
DA:271,0
DA:272,0
DA:273,0
end_of_record

SF:/Users/markjonathas/Desktop/audits/guardian/pinto fuzzing/Pinto-fuzzing/contracts/interfaces/IBean.sol
end_of_record

SF:/Users/markjonathas/Desktop/audits/guardian/pinto fuzzing/Pinto-fuzzing/contracts/interfaces/IBeanstalk.sol
end_of_record

SF:/Users/markjonathas/Desktop/audits/guardian/pinto fuzzing/Pinto-fuzzing/contracts/interfaces/IBudget.sol
end_of_record

SF:/Users/markjonathas/Desktop/audits/guardian/pinto fuzzing/Pinto-fuzzing/contracts/interfaces/IChainlinkAggregator.sol
end_of_record

SF:/Users/markjonathas/Desktop/audits/guardian/pinto fuzzing/Pinto-fuzzing/contracts/interfaces/IDiamondCut.sol
end_of_record

SF:/Users/markjonathas/Desktop/audits/guardian/pinto fuzzing/Pinto-fuzzing/contracts/interfaces/IDiamondLoupe.sol
end_of_record

SF:/Users/markjonathas/Desktop/audits/guardian/pinto fuzzing/Pinto-fuzzing/contracts/interfaces/IERC1155Receiver.sol
end_of_record

SF:/Users/markjonathas/Desktop/audits/guardian/pinto fuzzing/Pinto-fuzzing/contracts/interfaces/IMockFBeanstalk.sol
end_of_record

SF:/Users/markjonathas/Desktop/audits/guardian/pinto fuzzing/Pinto-fuzzing/contracts/interfaces/IMorphoOracle.sol
end_of_record

SF:/Users/markjonathas/Desktop/audits/guardian/pinto fuzzing/Pinto-fuzzing/contracts/interfaces/IPayback.sol
end_of_record

SF:/Users/markjonathas/Desktop/audits/guardian/pinto fuzzing/Pinto-fuzzing/contracts/interfaces/IPipeline.sol
end_of_record

SF:/Users/markjonathas/Desktop/audits/guardian/pinto fuzzing/Pinto-fuzzing/contracts/interfaces/IProxyAdmin.sol
end_of_record

SF:/Users/markjonathas/Desktop/audits/guardian/pinto fuzzing/Pinto-fuzzing/contracts/interfaces/IShipmentPlanner.sol
end_of_record

SF:/Users/markjonathas/Desktop/audits/guardian/pinto fuzzing/Pinto-fuzzing/contracts/interfaces/ISiloedPinto.sol
end_of_record

SF:/Users/markjonathas/Desktop/audits/guardian/pinto fuzzing/Pinto-fuzzing/contracts/interfaces/IUSDC.sol
end_of_record

SF:/Users/markjonathas/Desktop/audits/guardian/pinto fuzzing/Pinto-fuzzing/contracts/interfaces/IWETH.sol
end_of_record

SF:/Users/markjonathas/Desktop/audits/guardian/pinto fuzzing/Pinto-fuzzing/contracts/interfaces/basin/IAquifer.sol
end_of_record

SF:/Users/markjonathas/Desktop/audits/guardian/pinto fuzzing/Pinto-fuzzing/contracts/interfaces/basin/IBeanstalkWellFunction.sol
end_of_record

SF:/Users/markjonathas/Desktop/audits/guardian/pinto fuzzing/Pinto-fuzzing/contracts/interfaces/basin/IMultiFlowPump.sol
end_of_record

SF:/Users/markjonathas/Desktop/audits/guardian/pinto fuzzing/Pinto-fuzzing/contracts/interfaces/basin/IWell.sol
end_of_record

SF:/Users/markjonathas/Desktop/audits/guardian/pinto fuzzing/Pinto-fuzzing/contracts/interfaces/basin/IWellFunction.sol
end_of_record

SF:/Users/markjonathas/Desktop/audits/guardian/pinto fuzzing/Pinto-fuzzing/contracts/interfaces/basin/pumps/ICappedReservesPump.sol
end_of_record

SF:/Users/markjonathas/Desktop/audits/guardian/pinto fuzzing/Pinto-fuzzing/contracts/interfaces/basin/pumps/ICumulativePump.sol
end_of_record

SF:/Users/markjonathas/Desktop/audits/guardian/pinto fuzzing/Pinto-fuzzing/contracts/interfaces/basin/pumps/IInstantaneousPump.sol
end_of_record

SF:/Users/markjonathas/Desktop/audits/guardian/pinto fuzzing/Pinto-fuzzing/contracts/interfaces/basin/pumps/IMultiFlowPumpWellFunction.sol
end_of_record

SF:/Users/markjonathas/Desktop/audits/guardian/pinto fuzzing/Pinto-fuzzing/contracts/libraries/Convert/LibConvert.sol
DA:34,25
DA:92,0
DA:93,0
DA:95,0
DA:96,0
DA:97,0
DA:98,0
DA:99,0
DA:100,0
DA:101,0
DA:102,0
DA:103,0
DA:104,0
DA:105,0
DA:107,0
DA:108,0
DA:109,0
DA:110,0
DA:111,0
DA:112,0
DA:113,0
DA:114,0
DA:115,0
DA:117,0
DA:121,0
DA:122,0
DA:125,0
DA:128,0
DA:131,0
DA:133,0
DA:136,0
DA:140,0
DA:141,0
DA:145,0
DA:148,0
DA:149,0
DA:153,0
DA:154,0
DA:157,0
DA:163,0
DA:169,0
DA:170,0
DA:171,0
DA:172,0
DA:173,0
DA:175,0
DA:180,0
DA:181,0
DA:182,0
DA:183,0
DA:184,0
DA:185,0
DA:189,0
DA:190,0
DA:191,0
DA:193,0
DA:194,0
DA:195,0
DA:196,0
DA:197,0
DA:198,0
DA:204,0
DA:214,0
DA:215,0
DA:216,0
DA:217,0
DA:220,0
DA:222,0
DA:223,0
DA:225,0
DA:226,0
DA:227,0
DA:230,0
DA:231,0
DA:232,0
DA:233,0
DA:234,0
DA:235,0
DA:236,0
DA:240,0
DA:241,0
DA:242,0
DA:245,0
DA:246,0
DA:247,0
DA:248,0
DA:249,0
DA:262,0
DA:269,0
DA:270,0
DA:272,0
DA:275,0
DA:276,0
DA:277,0
DA:278,0
DA:279,0
DA:281,0
DA:282,0
DA:283,0
DA:287,0
DA:288,0
DA:293,0
DA:294,0
DA:295,0
DA:296,0
DA:297,0
DA:298,0
DA:299,0
DA:303,0
DA:304,0
DA:305,0
DA:306,0
DA:307,0
DA:308,0
DA:309,0
DA:314,0
DA:320,0
DA:321,0
DA:322,0
DA:323,0
DA:324,0
DA:327,0
DA:333,0
DA:335,0
DA:336,0
DA:337,0
DA:338,0
DA:339,0
DA:340,0
DA:347,0
DA:350,0
DA:353,0
DA:354,0
DA:356,0
DA:357,0
DA:359,0
DA:360,0
DA:369,0
DA:371,0
DA:372,0
DA:373,0
DA:374,0
DA:375,0
DA:376,0
DA:383,0
DA:386,0
DA:388,0
DA:389,0
DA:392,0
DA:393,0
DA:394,0
DA:397,0
DA:399,0
DA:402,0
DA:406,0
DA:414,0
DA:418,0
DA:419,0
DA:420,0
DA:421,0
DA:422,0
DA:426,0
DA:427,0
DA:429,0
DA:441,0
DA:447,0
DA:448,0
DA:449,0
DA:451,0
DA:452,0
DA:453,0
DA:456,0
DA:457,0
DA:458,0
DA:459,0
DA:462,0
DA:465,0
DA:467,0
DA:470,0
DA:471,0
DA:472,0
DA:475,0
DA:476,0
DA:479,0
DA:480,0
DA:481,0
DA:482,0
DA:483,0
DA:486,0
DA:487,0
DA:488,0
DA:489,0
DA:491,0
DA:493,0
DA:494,0
DA:496,0
DA:497,0
DA:499,0
DA:500,0
DA:503,0
DA:504,0
DA:505,0
DA:506,0
DA:507,0
DA:508,0
DA:509,0
DA:512,0
DA:515,0
DA:516,0
DA:519,0
DA:520,0
DA:521,0
DA:524,0
DA:527,0
DA:534,0
DA:535,0
DA:537,0
DA:540,0
DA:546,0
DA:547,0
DA:548,0
DA:549,0
DA:550,0
DA:553,0
DA:555,0
DA:557,0
DA:558,0
DA:559,0
DA:560,0
DA:562,0
DA:564,0
DA:565,0
DA:566,0
DA:567,0
DA:568,0
DA:569,0
DA:570,0
DA:581,0
DA:585,0
DA:586,0
DA:589,0
DA:590,0
DA:591,0
DA:595,0
DA:596,0
DA:600,0
DA:601,0
DA:604,0
DA:605,0
DA:606,0
DA:607,0
DA:608,0
DA:610,0
DA:612,0
DA:614,0
DA:617,0
DA:618,0
DA:621,0
DA:622,0
DA:623,0
DA:625,0
DA:628,0
DA:629,0
DA:630,0
DA:632,0
DA:633,0
DA:634,0
DA:635,0
DA:636,0
DA:637,0
DA:638,0
DA:641,0
DA:642,0
DA:644,0
DA:647,0
DA:648,0
DA:654,0
DA:655,0
DA:661,0
DA:662,0
end_of_record

SF:/Users/markjonathas/Desktop/audits/guardian/pinto fuzzing/Pinto-fuzzing/contracts/libraries/Convert/LibConvertData.sol
DA:8,25
DA:18,0
DA:19,0
DA:30,0
DA:32,0
DA:33,0
DA:34,0
DA:40,0
DA:42,0
DA:43,0
DA:49,0
DA:51,0
DA:52,0
DA:53,0
end_of_record

SF:/Users/markjonathas/Desktop/audits/guardian/pinto fuzzing/Pinto-fuzzing/contracts/libraries/Convert/LibLambdaConvert.sol
DA:10,25
DA:17,0
DA:22,0
DA:24,0
DA:25,0
DA:26,0
DA:35,0
DA:41,0
DA:42,0
DA:43,0
DA:44,0
DA:45,0
DA:46,0
DA:49,0
DA:50,0
DA:51,0
end_of_record

SF:/Users/markjonathas/Desktop/audits/guardian/pinto fuzzing/Pinto-fuzzing/contracts/libraries/Convert/LibPipelineConvert.sol
DA:20,25
DA:36,0
DA:43,0
DA:44,0
DA:45,0
DA:46,0
DA:50,0
DA:52,0
DA:53,0
DA:57,0
DA:59,0
DA:63,0
DA:64,0
DA:65,0
DA:66,0
DA:67,0
DA:68,0
DA:69,0
DA:73,0
DA:74,0
DA:78,0
DA:84,0
DA:91,0
DA:92,0
DA:95,0
DA:96,0
DA:97,0
DA:98,0
DA:99,0
DA:100,0
DA:104,0
DA:105,0
DA:106,0
DA:107,0
DA:108,0
DA:109,0
DA:113,0
DA:114,0
DA:115,0
DA:116,0
DA:117,0
DA:118,0
DA:119,0
DA:127,0
DA:128,0
DA:129,0
DA:131,0
DA:132,0
DA:133,0
DA:134,0
DA:137,0
DA:140,0
DA:141,0
DA:142,0
DA:143,0
DA:144,0
DA:150,0
DA:152,0
DA:153,0
DA:154,0
DA:155,0
DA:156,0
DA:157,0
DA:158,0
DA:159,0
DA:161,0
DA:162,0
DA:163,0
DA:164,0
DA:166,0
DA:167,0
DA:168,0
DA:171,0
DA:179,0
DA:185,0
DA:186,0
DA:187,0
DA:188,0
DA:189,0
DA:191,0
DA:193,0
DA:194,0
DA:195,0
DA:196,0
DA:197,0
DA:198,0
DA:199,0
DA:202,0
end_of_record

SF:/Users/markjonathas/Desktop/audits/guardian/pinto fuzzing/Pinto-fuzzing/contracts/libraries/Convert/LibWellConvert.sol
DA:21,25
DA:29,0
DA:30,0
DA:37,0
DA:38,0
DA:39,0
DA:40,0
DA:41,0
DA:42,0
DA:43,0
DA:45,0
DA:47,0
DA:48,0
DA:50,0
DA:51,0
DA:58,0
DA:59,0
DA:60,0
DA:61,0
DA:62,0
DA:63,0
DA:66,0
DA:68,0
DA:69,0
DA:71,0
DA:73,0
DA:74,0
DA:75,0
DA:78,0
DA:79,0
DA:80,0
DA:81,0
DA:82,0
DA:83,0
DA:92,0
DA:95,0
DA:96,0
DA:97,0
DA:104,0
DA:105,0
DA:106,0
DA:107,0
DA:108,0
DA:120,0
DA:122,0
DA:123,0
DA:124,0
DA:126,0
DA:128,0
DA:129,0
DA:131,0
DA:137,0
DA:141,0
DA:142,0
DA:143,0
DA:144,0
DA:145,0
DA:146,0
DA:147,0
DA:148,0
DA:149,0
DA:150,0
DA:151,0
DA:164,0
DA:166,0
DA:167,0
DA:168,0
DA:170,0
DA:172,0
DA:173,0
DA:175,0
DA:181,0
DA:185,0
DA:186,0
DA:187,0
DA:188,0
DA:189,0
DA:190,0
DA:191,0
end_of_record

SF:/Users/markjonathas/Desktop/audits/guardian/pinto fuzzing/Pinto-fuzzing/contracts/libraries/Decimal.sol
DA:14,25
DA:19,0
DA:29,0
DA:30,0
DA:33,0
DA:34,0
DA:37,0
DA:38,0
DA:41,0
DA:42,0
DA:91,0
DA:92,0
DA:106,0
DA:107,0
DA:122,0
DA:123,0
DA:126,0
DA:127,0
DA:138,0
DA:139,0
DA:144,0
DA:148,0
DA:149,0
DA:152,0
DA:153,0
DA:154,0
DA:156,0
end_of_record

SF:/Users/markjonathas/Desktop/audits/guardian/pinto fuzzing/Pinto-fuzzing/contracts/libraries/LibAppStorage.sol
DA:12,25
DA:13,4
end_of_record

SF:/Users/markjonathas/Desktop/audits/guardian/pinto fuzzing/Pinto-fuzzing/contracts/libraries/LibBytes.sol
DA:14,25
DA:60,0
DA:61,0
DA:62,0
DA:63,0
DA:66,0
DA:69,0
DA:72,0
DA:73,0
DA:74,0
DA:75,0
DA:78,0
DA:81,0
DA:90,0
DA:91,0
DA:92,0
DA:93,0
DA:94,0
DA:96,0
DA:124,0
DA:131,0
DA:137,7
DA:138,12
DA:141,0
DA:142,0
DA:152,0
DA:156,0
DA:157,0
DA:158,0
DA:160,0
DA:163,0
DA:164,0
DA:168,0
DA:180,0
DA:184,0
DA:186,0
DA:190,0
DA:191,0
DA:192,0
DA:194,0
DA:195,0
DA:196,0
DA:197,0
DA:201,0
DA:202,0
DA:206,0
DA:214,0
DA:215,0
DA:216,0
DA:222,0
DA:223,0
DA:224,0
DA:233,0
DA:237,0
DA:238,0
DA:247,0
DA:248,0
DA:256,0
DA:257,0
DA:265,0
DA:266,0
DA:274,0
DA:275,0
end_of_record

SF:/Users/markjonathas/Desktop/audits/guardian/pinto fuzzing/Pinto-fuzzing/contracts/libraries/LibBytes64.sol
DA:10,25
DA:20,0
DA:25,0
DA:28,0
DA:36,0
DA:38,0
DA:40,0
DA:43,0
DA:46,0
DA:47,0
DA:48,0
DA:49,0
DA:51,0
DA:52,0
DA:62,0
DA:63,0
DA:65,0
DA:66,0
DA:68,0
DA:69,0
DA:71,0
DA:72,0
DA:77,0
DA:78,0
DA:79,0
DA:80,0
DA:82,0
DA:83,0
DA:87,0
end_of_record

SF:/Users/markjonathas/Desktop/audits/guardian/pinto fuzzing/Pinto-fuzzing/contracts/libraries/LibCases.sol
DA:55,25
DA:76,24
DA:77,12
DA:78,6
DA:79,36
DA:80,6
DA:81,66
DA:82,102
DA:84,24
DA:85,18
DA:86,12
DA:87,6
DA:88,12
DA:90,6
DA:91,6
DA:92,6
DA:94,12
DA:95,24
DA:96,36
DA:98,6
DA:99,6
DA:100,6
DA:110,0
DA:111,0
DA:112,0
DA:124,0
DA:125,0
DA:127,0
DA:129,0
DA:132,3
DA:133,7
DA:134,598
end_of_record

SF:/Users/markjonathas/Desktop/audits/guardian/pinto fuzzing/Pinto-fuzzing/contracts/libraries/LibClipboard.sol
DA:15,25
DA:25,0
DA:28,0
DA:29,0
DA:31,0
DA:32,0
DA:33,0
DA:34,0
DA:35,0
DA:36,0
DA:37,0
DA:40,0
DA:41,0
DA:42,0
DA:46,0
DA:47,0
DA:50,0
DA:53,0
DA:58,0
DA:59,0
DA:60,0
DA:61,0
DA:62,0
DA:63,0
DA:64,0
DA:65,0
DA:68,0
DA:69,0
DA:70,0
DA:101,0
DA:105,0
DA:106,0
DA:107,0
DA:108,0
DA:109,0
DA:110,0
end_of_record

SF:/Users/markjonathas/Desktop/audits/guardian/pinto fuzzing/Pinto-fuzzing/contracts/libraries/LibDiamond.sol
DA:17,25
DA:18,2
DA:45,4
DA:46,3
DA:47,1
DA:48,3
DA:54,5
DA:55,11
DA:56,16
DA:57,23
DA:58,16
DA:61,0
DA:62,0
DA:65,2
DA:66,3
DA:67,26
DA:72,2
DA:73,25
DA:76,6
DA:77,54
DA:78,50
DA:79,30
DA:80,46
DA:81,1
DA:82,1
DA:83,1
DA:85,49
DA:86,30
DA:87,30
DA:88,30
DA:89,30
DA:90,30
DA:91,46
DA:92,1
DA:93,1
DA:94,1
DA:96,22
DA:100,5
DA:105,21
DA:106,21
DA:107,22
DA:108,8
DA:109,18
DA:110,18
DA:112,0
DA:113,0
DA:114,0
DA:115,0
DA:117,0
DA:118,0
DA:119,0
DA:120,0
DA:123,0
DA:126,21
DA:127,10
DA:130,6
DA:131,7
DA:132,11
DA:133,10
DA:134,3
DA:135,26
DA:138,8
DA:139,10
DA:141,22
DA:142,18
DA:143,37
DA:144,3
DA:145,7
DA:148,12
DA:149,10
DA:153,0
DA:154,0
DA:155,0
DA:156,0
DA:157,0
DA:158,0
DA:161,0
DA:162,0
DA:164,0
DA:165,0
DA:166,0
DA:167,0
DA:168,0
DA:171,0
DA:172,0
DA:173,0
DA:177,0
DA:178,0
DA:179,0
DA:181,0
DA:182,0
DA:185,0
DA:186,0
DA:187,0
DA:188,0
DA:192,4
DA:193,26
DA:194,33
DA:195,52
DA:198,6
DA:204,44
DA:205,81
DA:206,44
DA:209,0
DA:213,0
DA:214,0
DA:215,0
DA:219,0
DA:221,0
DA:222,0
DA:224,0
DA:225,0
DA:227,0
DA:229,0
DA:230,0
DA:231,0
DA:233,0
DA:234,0
DA:235,0
DA:236,0
DA:237,0
DA:241,0
DA:242,0
DA:245,0
DA:247,0
DA:248,0
DA:249,0
DA:251,0
DA:252,0
DA:253,0
DA:254,0
DA:255,0
DA:256,0
DA:258,0
DA:259,0
DA:263,4
DA:264,12
DA:265,3
DA:266,4
DA:269,2
DA:270,3
DA:271,4
DA:274,10
DA:275,22
DA:277,44
DA:278,4
DA:279,0
DA:281,0
DA:283,0
DA:289,5
DA:290,1
DA:292,4
DA:294,9
end_of_record

SF:/Users/markjonathas/Desktop/audits/guardian/pinto fuzzing/Pinto-fuzzing/contracts/libraries/LibDibbler.sol
DA:24,25
DA:32,0
DA:35,0
DA:40,0
DA:44,0
DA:46,0
DA:47,0
DA:61,0
DA:66,0
DA:68,0
DA:70,0
DA:71,0
DA:74,0
DA:75,0
DA:79,0
DA:86,0
DA:91,0
DA:92,0
DA:93,0
DA:94,0
DA:95,0
DA:121,0
DA:126,0
DA:127,0
DA:128,0
DA:130,0
DA:131,0
DA:132,0
DA:133,0
DA:137,0
DA:138,0
DA:141,0
DA:142,0
DA:145,0
DA:148,0
DA:149,0
DA:151,0
DA:154,0
DA:156,0
DA:157,0
DA:158,0
DA:159,0
DA:160,0
DA:161,0
DA:163,0
DA:164,0
DA:165,0
DA:189,0
DA:190,0
DA:193,0
DA:195,0
DA:198,0
DA:207,0
DA:210,0
DA:211,0
DA:212,0
DA:213,0
DA:214,0
DA:219,0
DA:220,0
DA:225,0
DA:226,0
DA:227,0
DA:228,0
DA:244,0
DA:245,0
DA:246,0
DA:248,0
DA:251,0
DA:254,0
DA:255,0
DA:259,0
DA:260,0
DA:261,0
DA:262,0
DA:263,0
DA:265,0
DA:268,0
DA:271,0
DA:272,0
DA:275,0
DA:279,0
DA:280,0
DA:281,0
DA:284,0
DA:288,0
DA:292,0
DA:293,0
DA:294,0
DA:295,0
DA:298,0
DA:302,0
DA:305,0
DA:306,0
DA:307,0
DA:310,0
DA:314,0
DA:319,0
DA:320,0
DA:321,0
DA:322,0
DA:323,0
DA:326,0
DA:330,0
DA:333,0
DA:334,0
DA:335,0
DA:338,0
DA:342,0
DA:346,0
DA:347,0
DA:348,0
DA:349,0
DA:352,0
DA:356,0
DA:359,0
DA:360,0
DA:361,0
DA:364,0
DA:368,0
DA:381,0
DA:382,0
DA:384,0
DA:385,0
DA:393,0
DA:394,0
DA:396,0
DA:412,0
DA:415,0
DA:416,0
DA:423,0
DA:427,0
DA:428,0
DA:429,0
DA:430,0
DA:431,0
DA:451,0
DA:455,0
DA:456,0
DA:457,0
DA:458,0
DA:459,0
DA:460,0
DA:467,0
DA:468,0
DA:471,0
DA:472,0
DA:473,0
DA:474,0
DA:475,0
DA:479,0
DA:480,0
DA:481,0
DA:482,0
DA:490,0
DA:494,0
DA:495,0
DA:496,0
DA:497,0
DA:498,0
DA:499,0
DA:500,0
DA:501,0
DA:507,0
DA:511,0
DA:512,0
DA:513,0
end_of_record

SF:/Users/markjonathas/Desktop/audits/guardian/pinto fuzzing/Pinto-fuzzing/contracts/libraries/LibEvaluate.sol
DA:30,25
DA:33,0
DA:34,0
DA:38,25
DA:45,0
DA:46,0
DA:47,0
DA:48,0
DA:49,0
DA:74,0
DA:75,0
DA:76,0
DA:77,0
DA:78,0
DA:79,0
DA:80,0
DA:81,0
DA:90,0
DA:91,0
DA:92,0
DA:93,0
DA:95,0
DA:98,0
DA:107,0
DA:109,0
DA:110,0
DA:112,0
DA:113,0
DA:115,0
DA:116,0
DA:127,0
DA:129,0
DA:130,0
DA:132,0
DA:133,0
DA:135,0
DA:136,0
DA:138,0
DA:139,0
DA:148,0
DA:153,0
DA:154,0
DA:155,0
DA:157,0
DA:158,0
DA:161,0
DA:166,0
DA:167,0
DA:168,0
DA:169,0
DA:170,0
DA:171,0
DA:173,0
DA:174,0
DA:177,0
DA:178,0
DA:185,0
DA:186,0
DA:194,0
DA:197,0
DA:198,0
DA:199,0
DA:200,0
DA:201,0
DA:204,0
DA:214,0
DA:219,0
DA:220,0
DA:222,0
DA:224,0
DA:225,0
DA:226,0
DA:227,0
DA:228,0
DA:229,0
DA:231,0
DA:233,0
DA:235,0
DA:236,0
DA:237,0
DA:241,0
DA:242,0
DA:246,0
DA:253,0
DA:254,0
DA:255,0
DA:258,0
DA:266,0
DA:269,0
DA:276,0
DA:278,0
DA:279,0
DA:281,0
DA:282,0
DA:283,0
DA:284,0
DA:285,0
DA:286,0
DA:287,0
DA:288,0
DA:291,0
DA:294,0
DA:295,0
DA:296,0
DA:300,0
DA:302,0
DA:303,0
DA:304,0
DA:305,0
DA:306,0
DA:307,0
DA:308,0
DA:316,0
DA:319,0
DA:320,0
DA:321,0
DA:322,0
DA:323,0
DA:324,0
DA:325,0
DA:326,0
DA:338,0
DA:339,0
DA:340,0
DA:343,0
DA:344,0
DA:346,0
DA:347,0
DA:350,0
DA:351,0
DA:352,0
end_of_record

SF:/Users/markjonathas/Desktop/audits/guardian/pinto fuzzing/Pinto-fuzzing/contracts/libraries/LibFarm.sol
DA:25,25
DA:31,0
DA:34,0
DA:35,0
DA:38,0
DA:39,0
DA:40,0
DA:41,0
DA:42,0
DA:43,0
DA:44,0
DA:46,0
DA:54,0
DA:55,0
DA:56,0
DA:58,0
DA:60,0
DA:61,0
DA:62,0
DA:72,0
DA:75,0
DA:76,0
DA:79,0
DA:82,0
DA:83,0
DA:84,0
end_of_record

SF:/Users/markjonathas/Desktop/audits/guardian/pinto fuzzing/Pinto-fuzzing/contracts/libraries/LibFunction.sol
DA:14,25
DA:20,0
DA:21,0
DA:24,0
DA:26,0
DA:28,0
DA:38,0
DA:39,0
DA:40,0
DA:41,0
end_of_record

SF:/Users/markjonathas/Desktop/audits/guardian/pinto fuzzing/Pinto-fuzzing/contracts/libraries/LibGauge.sol
DA:21,25
DA:26,0
DA:27,0
DA:28,0
DA:29,0
DA:32,0
DA:36,0
DA:64,0
DA:65,0
DA:66,0
DA:67,0
DA:68,0
DA:69,0
DA:70,0
DA:74,0
DA:76,0
DA:83,0
DA:86,0
DA:87,0
DA:88,0
DA:89,0
DA:91,0
DA:92,0
DA:93,0
DA:94,0
DA:96,0
DA:99,0
DA:100,0
DA:101,0
DA:103,0
DA:105,0
DA:107,0
DA:109,0
DA:110,0
DA:111,0
DA:112,0
DA:113,0
DA:115,0
DA:116,0
DA:117,0
DA:118,0
DA:119,0
DA:124,0
DA:125,0
DA:127,0
DA:128,0
DA:129,0
DA:131,0
DA:133,0
DA:134,0
DA:135,0
DA:136,0
DA:137,0
DA:138,0
DA:144,0
DA:147,0
DA:148,0
DA:149,0
DA:152,0
DA:154,0
DA:155,0
DA:157,0
DA:159,0
DA:160,0
DA:161,0
DA:162,0
DA:165,0
DA:166,0
DA:172,0
DA:173,0
DA:175,0
DA:176,0
DA:186,0
DA:190,0
DA:192,0
DA:193,0
DA:194,0
DA:197,0
DA:198,0
DA:199,0
DA:202,0
DA:203,0
DA:204,0
DA:205,0
DA:206,0
DA:207,0
DA:208,0
DA:209,0
DA:210,0
DA:214,0
DA:215,0
DA:216,0
DA:225,0
DA:230,0
DA:231,0
DA:232,0
DA:233,0
DA:236,0
DA:240,0
DA:241,0
DA:246,0
DA:248,0
DA:249,0
DA:253,0
DA:256,0
DA:257,0
DA:261,0
DA:264,0
DA:268,0
DA:269,0
DA:271,0
DA:272,0
DA:273,0
DA:274,0
DA:275,0
DA:287,0
DA:291,0
DA:292,0
DA:293,0
DA:297,0
DA:298,0
DA:300,0
DA:318,0
DA:319,0
DA:323,0
DA:324,0
DA:325,0
DA:332,0
DA:333,0
DA:334,0
DA:336,0
DA:341,0
DA:342,0
DA:344,0
DA:345,0
DA:355,0
DA:356,0
DA:357,0
DA:358,0
DA:359,0
DA:367,0
DA:368,0
DA:369,0
DA:370,0
DA:371,0
DA:387,0
DA:389,0
DA:390,0
DA:391,0
DA:392,0
DA:393,0
DA:395,0
DA:396,0
DA:397,0
DA:398,0
DA:399,0
end_of_record

SF:/Users/markjonathas/Desktop/audits/guardian/pinto fuzzing/Pinto-fuzzing/contracts/libraries/LibGaugeHelpers.sol
DA:11,25
DA:45,0
DA:46,0
DA:47,0
DA:48,0
DA:56,0
DA:57,0
DA:58,0
DA:59,0
DA:60,0
DA:61,0
DA:62,0
DA:65,0
DA:72,0
DA:75,0
DA:77,0
DA:78,0
DA:82,0
DA:83,0
DA:86,0
DA:87,0
DA:89,0
DA:90,0
DA:93,0
DA:96,5
DA:97,7
DA:99,29
DA:100,59
DA:101,0
DA:104,69
DA:105,122
DA:107,19
DA:140,0
DA:141,0
DA:142,0
DA:152,0
DA:158,0
DA:159,0
DA:160,0
DA:161,0
DA:163,0
DA:166,0
DA:167,0
DA:169,0
DA:173,0
DA:181,0
DA:188,0
DA:191,0
DA:192,0
DA:196,0
DA:197,0
DA:198,0
DA:200,0
DA:202,0
DA:203,0
DA:204,0
DA:206,0
DA:211,0
DA:215,0
DA:216,0
DA:220,0
end_of_record

SF:/Users/markjonathas/Desktop/audits/guardian/pinto fuzzing/Pinto-fuzzing/contracts/libraries/LibIncentive.sol
DA:14,25
DA:25,0
DA:28,0
DA:35,0
DA:36,0
DA:39,0
DA:40,0
DA:46,0
DA:55,0
DA:58,0
DA:60,0
DA:61,0
DA:68,0
DA:69,0
DA:70,0
DA:72,0
DA:73,0
DA:75,0
DA:76,0
DA:78,0
DA:79,0
DA:81,0
DA:82,0
DA:84,0
DA:85,0
DA:87,0
DA:88,0
DA:90,0
DA:91,0
DA:93,0
DA:94,0
DA:96,0
DA:97,0
DA:99,0
DA:100,0
DA:102,0
DA:103,0
DA:105,0
DA:106,0
DA:108,0
DA:109,0
DA:111,0
DA:112,0
DA:114,0
DA:115,0
DA:117,0
DA:118,0
DA:119,0
DA:121,0
DA:122,0
DA:124,0
DA:125,0
DA:127,0
DA:128,0
DA:130,0
DA:131,0
DA:133,0
DA:134,0
DA:136,0
DA:137,0
DA:139,0
DA:140,0
DA:142,0
DA:143,0
DA:145,0
DA:146,0
DA:148,0
DA:149,0
DA:151,0
DA:152,0
DA:154,0
DA:155,0
DA:157,0
DA:158,0
DA:160,0
DA:161,0
DA:163,0
DA:164,0
DA:165,0
DA:167,0
DA:168,0
DA:170,0
DA:171,0
DA:173,0
DA:174,0
DA:176,0
DA:177,0
DA:179,0
DA:180,0
DA:182,0
DA:183,0
DA:185,0
DA:186,0
DA:188,0
DA:189,0
DA:191,0
DA:192,0
DA:194,0
DA:195,0
DA:197,0
DA:198,0
DA:200,0
DA:201,0
DA:203,0
DA:204,0
DA:206,0
DA:207,0
DA:209,0
DA:210,0
DA:211,0
DA:213,0
DA:214,0
DA:216,0
DA:217,0
DA:219,0
DA:220,0
DA:222,0
DA:223,0
DA:225,0
DA:226,0
DA:228,0
DA:229,0
DA:231,0
DA:232,0
DA:234,0
DA:235,0
DA:237,0
DA:238,0
DA:240,0
DA:241,0
DA:243,0
DA:244,0
DA:246,0
DA:247,0
DA:249,0
DA:250,0
DA:252,0
DA:253,0
DA:255,0
DA:256,0
DA:257,0
DA:259,0
DA:260,0
DA:262,0
DA:263,0
DA:265,0
DA:266,0
DA:268,0
DA:269,0
DA:271,0
DA:272,0
DA:274,0
DA:275,0
DA:277,0
DA:278,0
DA:280,0
DA:281,0
DA:283,0
DA:284,0
DA:286,0
DA:287,0
DA:289,0
DA:290,0
DA:292,0
DA:293,0
DA:295,0
DA:296,0
DA:298,0
DA:299,0
DA:301,0
DA:302,0
DA:303,0
DA:305,0
DA:306,0
DA:308,0
DA:309,0
DA:311,0
DA:312,0
DA:314,0
DA:315,0
DA:317,0
DA:318,0
DA:320,0
DA:321,0
DA:323,0
DA:324,0
DA:326,0
DA:327,0
DA:329,0
DA:330,0
DA:332,0
DA:333,0
DA:335,0
DA:336,0
DA:338,0
DA:339,0
DA:341,0
DA:342,0
DA:344,0
DA:345,0
DA:347,0
DA:348,0
DA:349,0
DA:351,0
DA:352,0
DA:354,0
DA:355,0
DA:357,0
DA:358,0
DA:360,0
DA:361,0
DA:363,0
DA:364,0
DA:366,0
DA:367,0
DA:369,0
DA:370,0
DA:372,0
DA:373,0
DA:375,0
DA:376,0
DA:378,0
DA:379,0
DA:381,0
DA:382,0
DA:384,0
DA:385,0
DA:387,0
DA:388,0
DA:390,0
DA:391,0
DA:393,0
DA:394,0
DA:395,0
DA:397,0
DA:398,0
DA:400,0
DA:401,0
DA:403,0
DA:404,0
DA:406,0
DA:407,0
DA:409,0
DA:410,0
DA:412,0
DA:413,0
DA:415,0
DA:416,0
DA:418,0
DA:419,0
DA:421,0
DA:422,0
DA:424,0
DA:425,0
DA:427,0
DA:428,0
DA:430,0
DA:431,0
DA:433,0
DA:434,0
DA:436,0
DA:437,0
DA:438,0
DA:440,0
DA:441,0
DA:443,0
DA:444,0
DA:446,0
DA:447,0
DA:449,0
DA:450,0
DA:452,0
DA:453,0
DA:455,0
DA:456,0
DA:458,0
DA:459,0
DA:461,0
DA:462,0
DA:464,0
DA:465,0
DA:467,0
DA:468,0
DA:470,0
DA:471,0
DA:473,0
DA:474,0
DA:476,0
DA:477,0
DA:479,0
DA:480,0
DA:482,0
DA:483,0
DA:485,0
DA:486,0
DA:487,0
DA:489,0
DA:490,0
DA:492,0
DA:493,0
DA:495,0
DA:496,0
DA:498,0
DA:499,0
DA:501,0
DA:502,0
DA:504,0
DA:505,0
DA:507,0
DA:508,0
DA:510,0
DA:511,0
DA:513,0
DA:514,0
DA:516,0
DA:517,0
DA:519,0
DA:520,0
DA:522,0
DA:523,0
DA:525,0
DA:526,0
DA:528,0
DA:529,0
DA:532,0
DA:536,0
DA:537,0
end_of_record

SF:/Users/markjonathas/Desktop/audits/guardian/pinto fuzzing/Pinto-fuzzing/contracts/libraries/LibMarket.sol
DA:13,25
DA:16,0
DA:17,0
DA:18,0
DA:19,0
DA:23,0
DA:25,0
end_of_record

SF:/Users/markjonathas/Desktop/audits/guardian/pinto fuzzing/Pinto-fuzzing/contracts/libraries/LibReceiving.sol
DA:23,25
DA:40,0
DA:45,0
DA:46,0
DA:47,0
DA:48,0
DA:49,0
DA:50,0
DA:51,0
DA:52,0
DA:62,0
DA:63,0
DA:68,0
DA:72,0
DA:75,0
DA:76,0
DA:79,0
DA:88,0
DA:89,0
DA:91,0
DA:92,0
DA:93,0
DA:96,0
DA:99,0
DA:100,0
DA:102,0
DA:103,0
DA:104,0
DA:105,0
DA:106,0
DA:107,0
DA:111,0
DA:114,0
DA:115,0
DA:117,0
DA:118,0
DA:119,0
DA:120,0
DA:121,0
DA:122,0
DA:126,0
end_of_record

SF:/Users/markjonathas/Desktop/audits/guardian/pinto fuzzing/Pinto-fuzzing/contracts/libraries/LibShipping.sol
DA:15,25
DA:27,0
DA:28,0
DA:30,0
DA:31,0
DA:32,0
DA:33,0
DA:34,0
DA:35,0
DA:40,0
DA:41,0
DA:44,0
DA:47,0
DA:49,0
DA:50,0
DA:51,0
DA:52,0
DA:53,0
DA:54,0
DA:59,0
DA:63,0
DA:64,0
DA:65,0
DA:66,0
DA:67,0
DA:68,0
DA:72,0
DA:81,0
DA:87,0
DA:89,0
DA:90,0
DA:99,0
DA:101,0
DA:102,0
DA:103,0
DA:104,0
DA:105,0
DA:107,0
DA:108,0
DA:110,0
DA:112,0
end_of_record

SF:/Users/markjonathas/Desktop/audits/guardian/pinto fuzzing/Pinto-fuzzing/contracts/libraries/LibTractor.sol
DA:10,25
DA:16,0
DA:18,0
DA:19,0
DA:23,0
DA:24,0
DA:25,0
DA:70,4
DA:73,3
DA:80,3
DA:81,16
DA:82,17
DA:89,0
DA:90,0
DA:98,0
DA:99,0
DA:106,0
DA:107,0
DA:108,0
DA:109,0
DA:112,0
DA:118,2
DA:119,26
DA:125,4
DA:126,18
DA:132,4
DA:133,6
DA:134,12
DA:135,3
DA:144,0
DA:145,0
DA:155,0
DA:156,0
DA:157,0
DA:158,0
DA:159,0
DA:161,0
DA:162,0
DA:163,0
DA:164,0
DA:165,0
DA:166,0
DA:182,0
DA:183,0
DA:189,0
DA:190,0
DA:191,0
DA:192,0
DA:195,0
DA:196,0
DA:197,0
DA:206,0
DA:207,0
DA:213,0
DA:214,0
DA:221,0
DA:222,0
DA:229,0
DA:230,0
DA:236,0
DA:237,0
DA:244,0
DA:245,0
end_of_record

SF:/Users/markjonathas/Desktop/audits/guardian/pinto fuzzing/Pinto-fuzzing/contracts/libraries/Math/LibPRBMathRoundable.sol
DA:11,25
DA:21,0
DA:26,0
DA:27,0
DA:28,0
DA:29,0
DA:31,0
end_of_record

SF:/Users/markjonathas/Desktop/audits/guardian/pinto fuzzing/Pinto-fuzzing/contracts/libraries/Math/LibRedundantMath128.sol
DA:15,25
DA:26,7
DA:27,10
DA:40,7
DA:41,10
end_of_record

SF:/Users/markjonathas/Desktop/audits/guardian/pinto fuzzing/Pinto-fuzzing/contracts/libraries/Math/LibRedundantMath256.sol
DA:15,25
DA:26,7
DA:27,10
DA:40,7
DA:41,10
DA:54,7
DA:55,10
DA:70,7
DA:71,10
DA:86,0
DA:87,0
end_of_record

SF:/Users/markjonathas/Desktop/audits/guardian/pinto fuzzing/Pinto-fuzzing/contracts/libraries/Math/LibRedundantMath32.sol
DA:15,25
DA:26,0
DA:27,0
DA:40,0
DA:41,0
DA:86,7
DA:87,10
end_of_record

SF:/Users/markjonathas/Desktop/audits/guardian/pinto fuzzing/Pinto-fuzzing/contracts/libraries/Math/LibRedundantMathSigned128.sol
DA:15,25
end_of_record

SF:/Users/markjonathas/Desktop/audits/guardian/pinto fuzzing/Pinto-fuzzing/contracts/libraries/Math/LibRedundantMathSigned256.sol
DA:15,25
DA:26,0
DA:27,0
DA:40,0
DA:41,0
DA:54,0
DA:55,0
DA:70,0
DA:71,0
end_of_record

SF:/Users/markjonathas/Desktop/audits/guardian/pinto fuzzing/Pinto-fuzzing/contracts/libraries/Math/LibRedundantMathSigned96.sol
DA:15,25
DA:40,7
DA:41,10
DA:54,7
DA:55,10
end_of_record

SF:/Users/markjonathas/Desktop/audits/guardian/pinto fuzzing/Pinto-fuzzing/contracts/libraries/Minting/LibMinting.sol
DA:16,25
DA:19,0
DA:23,0
DA:24,0
DA:26,0
DA:27,0
DA:31,0
DA:33,0
DA:34,0
end_of_record

SF:/Users/markjonathas/Desktop/audits/guardian/pinto fuzzing/Pinto-fuzzing/contracts/libraries/Minting/LibWellMinting.sol
DA:33,25
DA:52,0
DA:53,0
DA:54,0
DA:62,0
DA:63,0
DA:66,0
DA:67,0
DA:78,0
DA:79,0
DA:82,0
DA:83,0
DA:85,0
DA:88,0
DA:97,0
DA:98,0
DA:102,0
DA:103,0
DA:106,0
DA:107,0
DA:109,0
DA:117,0
DA:120,0
DA:121,0
DA:122,0
DA:123,0
DA:124,0
DA:125,0
DA:126,0
DA:133,0
DA:134,0
DA:135,0
DA:142,0
DA:147,0
DA:149,0
DA:150,0
DA:151,0
DA:152,0
DA:156,0
DA:157,0
DA:161,0
DA:162,0
DA:165,0
DA:167,0
DA:174,0
DA:179,0
DA:180,0
DA:181,0
DA:182,0
DA:183,0
DA:184,0
DA:185,0
DA:186,0
DA:189,0
DA:191,0
DA:199,0
DA:202,0
DA:203,0
DA:206,0
DA:207,0
DA:208,0
DA:209,0
DA:210,0
DA:211,0
DA:212,0
DA:216,0
DA:217,0
DA:218,0
DA:219,0
DA:220,0
DA:221,0
DA:226,0
DA:235,0
DA:236,0
DA:237,0
DA:238,0
DA:241,0
DA:242,0
DA:245,0
DA:246,0
DA:248,0
DA:255,0
DA:256,0
DA:257,0
DA:258,0
DA:259,0
end_of_record

SF:/Users/markjonathas/Desktop/audits/guardian/pinto fuzzing/Pinto-fuzzing/contracts/libraries/Oracle/LibChainlinkOracle.sol
DA:17,25
DA:20,0
DA:40,9
DA:46,1
DA:47,2
DA:48,8
DA:49,0
DA:50,8
DA:53,8
DA:58,1
DA:59,11
DA:69,9
DA:74,3
DA:75,4
DA:77,1
DA:78,64
DA:80,3
DA:83,0
DA:87,68
DA:95,8
DA:96,12
DA:97,0
DA:101,9
DA:104,5
DA:105,29
DA:108,0
DA:112,0
DA:122,0
DA:128,0
DA:130,0
DA:131,0
DA:133,0
DA:136,0
DA:140,0
DA:146,0
DA:148,0
DA:149,0
DA:150,0
DA:153,0
DA:155,0
DA:157,0
DA:159,0
DA:162,0
DA:163,0
DA:164,0
DA:167,0
DA:170,0
DA:173,0
DA:175,0
DA:176,0
DA:178,0
DA:179,0
DA:181,0
DA:182,0
DA:183,0
DA:184,0
DA:185,0
DA:187,0
DA:188,0
DA:189,0
DA:190,0
DA:191,0
DA:192,0
DA:195,0
DA:198,0
DA:199,0
DA:201,0
DA:202,0
DA:204,0
DA:205,0
DA:207,0
DA:212,0
DA:216,0
DA:219,0
DA:220,0
DA:227,0
DA:229,0
DA:233,9
DA:238,1
DA:240,15
DA:242,17
DA:244,6
DA:246,3
end_of_record

SF:/Users/markjonathas/Desktop/audits/guardian/pinto fuzzing/Pinto-fuzzing/contracts/libraries/Oracle/LibDeltaB.sol
DA:21,25
DA:25,0
DA:31,0
DA:32,0
DA:33,0
DA:34,0
DA:37,0
DA:38,0
DA:46,0
DA:47,0
DA:48,0
DA:51,0
DA:52,0
DA:54,0
DA:56,0
DA:63,0
DA:64,0
DA:65,0
DA:66,0
DA:67,0
DA:76,0
DA:78,0
DA:79,0
DA:81,0
DA:84,0
DA:86,0
DA:95,0
DA:97,0
DA:98,0
DA:100,0
DA:103,0
DA:105,0
DA:112,0
DA:113,0
DA:114,0
DA:115,0
DA:118,0
DA:119,0
DA:120,0
DA:124,0
DA:125,0
DA:128,0
DA:132,0
DA:133,0
DA:134,0
DA:135,0
DA:136,0
DA:143,0
DA:144,0
DA:145,0
DA:146,0
DA:147,0
DA:156,0
DA:158,0
DA:159,0
DA:160,0
DA:161,0
DA:162,0
DA:163,0
DA:164,0
DA:168,0
DA:171,0
DA:172,0
DA:173,0
DA:174,0
DA:180,0
DA:184,0
DA:185,0
DA:194,0
DA:198,0
DA:199,0
DA:200,0
DA:202,0
DA:203,0
DA:204,0
DA:208,0
DA:209,0
DA:213,0
DA:214,0
DA:217,0
DA:218,0
DA:219,0
DA:220,0
DA:221,0
DA:222,0
DA:225,0
DA:227,0
end_of_record

SF:/Users/markjonathas/Desktop/audits/guardian/pinto fuzzing/Pinto-fuzzing/contracts/libraries/Oracle/LibUniswapOracle.sol
DA:19,25
DA:21,0
DA:22,0
DA:31,0
DA:37,0
DA:38,0
DA:39,0
DA:41,0
DA:42,0
DA:43,0
DA:44,0
DA:45,0
DA:48,0
DA:49,0
DA:50,0
DA:53,0
DA:56,0
DA:57,0
DA:59,0
DA:63,0
DA:71,0
DA:74,0
DA:75,0
DA:77,0
DA:78,0
DA:79,0
DA:81,0
DA:84,0
DA:85,0
DA:86,0
DA:87,0
DA:90,0
DA:91,0
DA:92,0
end_of_record

SF:/Users/markjonathas/Desktop/audits/guardian/pinto fuzzing/Pinto-fuzzing/contracts/libraries/Oracle/LibUniswapOracleLibrary.sol
DA:12,25
DA:55,0
DA:60,0
DA:61,0
DA:64,0
DA:65,0
DA:66,0
DA:67,0
DA:68,0
DA:69,0
DA:70,0
DA:71,0
DA:72,0
DA:73,0
end_of_record

SF:/Users/markjonathas/Desktop/audits/guardian/pinto fuzzing/Pinto-fuzzing/contracts/libraries/Oracle/LibUsdOracle.sol
DA:25,25
DA:28,0
DA:41,0
DA:44,0
DA:47,0
DA:48,0
DA:56,0
DA:58,0
DA:68,0
DA:72,0
DA:73,0
DA:82,0
DA:83,0
DA:92,0
DA:97,0
DA:98,0
DA:99,0
DA:103,0
DA:104,0
DA:105,0
DA:106,0
DA:107,0
DA:108,0
DA:109,0
DA:110,0
DA:112,0
DA:118,0
DA:120,0
DA:121,0
DA:126,0
DA:127,0
DA:128,0
DA:129,0
DA:130,0
DA:131,0
DA:132,0
DA:133,0
DA:137,0
DA:140,0
DA:141,0
DA:142,0
DA:143,0
DA:144,0
DA:145,0
DA:146,0
DA:151,0
DA:155,0
DA:156,0
DA:158,0
DA:162,0
DA:165,0
DA:169,0
DA:173,0
DA:174,0
DA:175,0
DA:178,0
DA:179,0
DA:182,0
DA:183,0
DA:184,0
end_of_record

SF:/Users/markjonathas/Desktop/audits/guardian/pinto fuzzing/Pinto-fuzzing/contracts/libraries/Silo/LibFlood.sol
DA:22,25
DA:26,0
DA:78,0
DA:79,0
DA:82,0
DA:85,0
DA:86,0
DA:87,0
DA:88,0
DA:90,0
DA:91,0
DA:92,0
DA:93,0
DA:96,0
DA:98,0
DA:99,0
DA:100,0
DA:101,0
DA:102,0
DA:103,0
DA:104,0
DA:105,0
DA:106,0
DA:107,0
DA:108,0
DA:109,0
DA:112,0
DA:113,0
DA:116,0
DA:117,0
DA:125,0
DA:126,0
DA:128,0
DA:129,0
DA:130,0
DA:132,0
DA:133,0
DA:134,0
DA:135,0
DA:137,0
DA:138,0
DA:139,0
DA:145,0
DA:146,0
DA:149,0
DA:150,0
DA:151,0
DA:152,0
DA:154,0
DA:160,6
DA:164,0
DA:165,7
DA:168,27
DA:169,0
DA:170,0
DA:171,0
DA:172,0
DA:173,0
DA:176,0
DA:179,27
DA:180,58
DA:181,42
DA:182,3
DA:185,0
DA:187,0
DA:188,0
DA:189,0
DA:190,0
DA:191,0
DA:196,0
DA:197,0
DA:207,0
DA:208,0
DA:209,0
DA:210,0
DA:211,0
DA:212,0
DA:215,0
DA:217,0
DA:224,0
DA:225,0
DA:226,0
DA:227,0
DA:228,0
DA:231,0
DA:234,0
DA:235,0
DA:237,0
DA:239,0
DA:242,0
DA:243,0
DA:244,0
DA:245,0
DA:246,0
DA:251,0
DA:255,0
DA:256,0
DA:257,0
DA:264,0
DA:265,0
DA:268,0
DA:269,0
DA:273,0
DA:274,0
DA:277,0
DA:280,0
DA:282,0
DA:284,0
DA:286,0
DA:287,0
DA:289,0
DA:292,0
DA:296,0
DA:297,0
DA:298,0
DA:299,0
DA:301,0
DA:302,0
DA:303,0
DA:305,0
DA:306,0
DA:307,0
DA:308,0
DA:309,0
DA:311,0
DA:316,0
DA:319,0
DA:323,0
DA:324,0
DA:327,0
DA:328,0
DA:330,0
DA:331,0
DA:332,0
DA:334,0
DA:335,0
DA:337,0
DA:341,0
DA:342,0
DA:344,0
DA:345,0
DA:347,0
DA:352,0
DA:353,0
DA:354,0
DA:355,0
DA:356,0
DA:357,0
DA:358,0
DA:359,0
DA:360,0
DA:364,0
DA:365,0
DA:367,0
DA:368,0
DA:370,0
DA:384,0
DA:385,0
DA:386,0
DA:387,0
DA:389,0
DA:390,0
DA:393,0
DA:394,0
DA:395,0
DA:396,0
DA:397,0
DA:398,0
DA:399,0
DA:400,0
DA:402,0
DA:403,0
DA:404,0
DA:405,0
DA:406,0
DA:407,0
DA:408,0
DA:416,0
DA:417,0
DA:418,0
DA:421,0
DA:424,0
DA:431,0
DA:436,0
DA:438,0
DA:440,0
DA:443,0
DA:447,0
DA:448,0
DA:450,0
DA:453,0
DA:454,0
DA:455,0
DA:457,0
DA:460,0
DA:464,0
DA:465,0
DA:466,0
DA:468,0
DA:470,0
DA:473,0
end_of_record

SF:/Users/markjonathas/Desktop/audits/guardian/pinto fuzzing/Pinto-fuzzing/contracts/libraries/Silo/LibGerminate.sol
DA:28,25
DA:87,0
DA:88,0
DA:91,0
DA:92,0
DA:97,0
DA:98,0
DA:99,0
DA:100,0
DA:101,0
DA:102,0
DA:103,0
DA:106,0
DA:108,0
DA:109,0
DA:112,0
DA:113,0
DA:115,0
DA:116,0
DA:119,0
DA:120,0
DA:121,0
DA:122,0
DA:126,0
DA:127,0
DA:128,0
DA:129,0
DA:130,0
DA:133,0
DA:137,0
DA:138,0
DA:139,0
DA:141,0
DA:142,0
DA:143,0
DA:165,7
DA:169,7
DA:170,7
DA:171,8
DA:172,16
DA:173,1
DA:174,1
DA:179,12
DA:180,0
DA:181,0
DA:182,0
DA:183,0
DA:184,0
DA:186,0
DA:187,0
DA:188,0
DA:189,0
DA:190,0
DA:191,0
DA:192,0
DA:197,7
DA:198,0
DA:199,0
DA:200,0
DA:201,0
DA:202,0
DA:204,0
DA:205,0
DA:206,0
DA:207,0
DA:208,0
DA:209,0
DA:214,7
DA:215,0
DA:216,0
DA:219,0
DA:220,0
DA:221,0
DA:222,0
DA:236,0
DA:241,0
DA:242,0
DA:244,0
DA:246,0
DA:247,0
DA:248,0
DA:250,0
DA:251,0
DA:255,0
DA:258,0
DA:260,0
DA:261,0
DA:264,0
DA:266,0
DA:274,0
DA:277,0
DA:278,0
DA:282,0
DA:283,0
DA:286,0
DA:287,0
DA:297,7
DA:300,3
DA:301,7
DA:302,6
DA:303,0
DA:304,0
DA:306,61
DA:307,61
DA:315,0
DA:319,0
DA:322,0
DA:323,0
DA:326,0
DA:327,0
DA:328,0
DA:334,0
DA:335,0
DA:336,0
DA:340,0
DA:341,0
DA:342,0
DA:343,0
DA:353,0
DA:356,0
DA:357,0
DA:361,0
DA:362,0
DA:363,0
DA:364,0
DA:365,0
DA:366,0
DA:368,0
DA:385,0
DA:387,0
DA:388,0
DA:389,0
DA:390,0
DA:391,0
DA:392,0
DA:393,0
DA:404,7
DA:407,2
DA:408,8
DA:409,15
DA:417,9
DA:418,19
DA:419,23
DA:426,0
DA:427,0
DA:435,7
DA:436,14
DA:448,6
DA:451,1
DA:452,10
DA:461,5
DA:463,2
DA:464,7
DA:466,63
DA:467,0
DA:468,1
DA:469,38
DA:472,1
DA:474,10
DA:475,2
DA:476,42
DA:477,1
DA:479,0
DA:480,0
DA:481,0
DA:494,7
DA:497,1
DA:498,14
DA:501,0
DA:507,12
DA:508,13
DA:510,0
DA:519,4
DA:520,11
DA:526,0
DA:527,0
DA:534,4
DA:535,7
DA:536,24
DA:542,6
DA:543,25
end_of_record

SF:/Users/markjonathas/Desktop/audits/guardian/pinto fuzzing/Pinto-fuzzing/contracts/libraries/Silo/LibSilo.sol
DA:44,65
DA:156,0
DA:157,0
DA:158,0
DA:159,0
DA:160,0
DA:164,0
DA:168,0
DA:169,0
DA:172,0
DA:173,0
DA:175,0
DA:187,0
DA:188,0
DA:190,0
DA:192,0
DA:204,7
DA:205,7
DA:207,89
DA:211,20
DA:212,25
DA:213,46
DA:215,0
DA:219,19
DA:220,1
DA:221,3
DA:222,1
DA:224,21
DA:232,0
DA:235,0
DA:236,0
DA:237,0
DA:240,0
DA:241,0
DA:244,0
DA:245,0
DA:248,0
DA:249,0
DA:255,0
DA:256,0
DA:257,0
DA:259,0
DA:261,0
DA:265,0
DA:272,33
DA:273,7
DA:275,89
DA:279,20
DA:280,25
DA:281,46
DA:283,0
DA:287,19
DA:288,1
DA:289,8
DA:290,1
DA:292,26
DA:302,0
DA:303,0
DA:304,0
DA:306,0
DA:307,0
DA:308,0
DA:311,0
DA:312,0
DA:313,0
DA:317,0
DA:318,0
DA:319,0
DA:320,0
DA:324,0
DA:325,0
DA:326,0
DA:333,6
DA:338,1
DA:339,7
DA:342,93
DA:343,93
DA:346,19
DA:347,1
DA:348,6
DA:349,1
DA:351,19
DA:352,1
DA:353,1
DA:354,1
DA:362,32
DA:367,2
DA:368,7
DA:369,41
DA:371,14
DA:372,20
DA:373,8
DA:375,13
DA:376,0
DA:377,0
DA:386,45
DA:389,17
DA:390,7
DA:391,7
DA:392,13
DA:393,0
DA:409,34
DA:410,7
DA:412,8
DA:414,20
DA:417,1
DA:418,11
DA:419,6
DA:420,1
DA:421,1
DA:422,1
DA:429,4
DA:430,71
DA:431,8
DA:435,7
DA:440,6
DA:443,42
DA:450,5
DA:451,7
DA:453,8
DA:454,54
DA:455,54
DA:461,9
DA:462,9
DA:463,6
DA:467,0
DA:472,63
DA:473,4
DA:479,6
DA:480,7
DA:481,35
DA:490,0
DA:494,0
DA:495,0
DA:508,12
DA:517,1
DA:518,1
DA:519,1
DA:520,1
DA:522,2
DA:523,7
DA:524,1
DA:525,14
DA:526,10
DA:531,50
DA:533,13
DA:541,20
DA:543,23
DA:544,4
DA:545,1
DA:546,1
DA:547,6
DA:548,1
DA:551,27
DA:564,10
DA:569,8
DA:570,7
DA:572,53
DA:573,53
DA:574,8
DA:575,23
DA:576,32
DA:577,7
DA:578,1
DA:579,1
DA:580,24
DA:581,15
DA:583,20
DA:584,48
DA:585,40
DA:589,21
DA:590,0
DA:591,0
DA:592,0
DA:594,22
DA:595,28
DA:596,42
DA:598,0
DA:599,0
DA:603,22
DA:608,1
DA:609,41
DA:610,13
DA:611,0
DA:614,13
DA:615,28
DA:618,13
DA:619,0
DA:624,24
DA:625,4
DA:626,1
DA:627,1
DA:628,1
DA:629,2
DA:632,25
DA:633,1
DA:634,1
DA:635,2
DA:636,2
DA:637,39
DA:638,1
DA:655,7
DA:659,1
DA:660,29
DA:673,0
DA:676,0
DA:677,0
DA:679,0
DA:681,0
DA:686,0
DA:689,0
DA:690,0
DA:692,0
DA:721,25
DA:726,0
DA:727,10
DA:728,5
DA:729,25
DA:730,0
DA:734,0
DA:739,0
DA:740,0
DA:741,0
DA:742,0
DA:745,7
DA:749,1
DA:750,7
DA:751,60
DA:760,0
DA:764,0
DA:765,0
DA:766,0
end_of_record

SF:/Users/markjonathas/Desktop/audits/guardian/pinto fuzzing/Pinto-fuzzing/contracts/libraries/Silo/LibTokenSilo.sol
DA:29,50
DA:116,6
DA:121,1
DA:122,7
DA:125,27
DA:126,0
DA:130,97
DA:131,97
DA:134,20
DA:135,24
DA:136,17
DA:137,0
DA:138,1
DA:139,1
DA:140,1
DA:149,6
DA:154,1
DA:155,7
DA:158,27
DA:159,0
DA:163,97
DA:164,97
DA:166,20
DA:167,24
DA:168,17
DA:169,0
DA:170,1
DA:171,6
DA:172,6
DA:183,0
DA:184,0
DA:185,0
DA:186,0
DA:188,0
DA:189,0
DA:198,0
DA:199,0
DA:200,0
DA:201,0
DA:203,0
DA:204,0
DA:216,50
DA:221,2
DA:222,9
DA:223,14
DA:232,10
DA:238,3
DA:239,25
DA:240,7
DA:243,6
DA:246,8
DA:248,10
DA:250,50
DA:266,34
DA:273,2
DA:274,7
DA:275,9
DA:278,64
DA:279,74
DA:280,58
DA:281,51
DA:282,1
DA:285,112
DA:286,1
DA:287,1
DA:289,5
DA:290,114
DA:291,5
DA:295,122
DA:296,5
DA:306,20
DA:307,23
DA:308,4
DA:309,1
DA:310,1
DA:311,1
DA:312,1
DA:315,27
DA:337,9
DA:342,4
DA:343,7
DA:344,9
DA:346,52
DA:347,51
DA:348,7
DA:351,7
DA:354,44
DA:355,14
DA:356,14
DA:360,57
DA:361,57
DA:363,122
DA:364,1
DA:367,11
DA:370,7
DA:371,68
DA:372,7
DA:376,122
DA:377,1
DA:389,6
DA:392,1
DA:393,7
DA:394,3
DA:395,46
DA:399,64
DA:400,4
DA:401,1
DA:402,36
DA:403,36
DA:404,1
DA:408,4
DA:409,0
DA:411,0
DA:415,3
DA:416,8
DA:420,8
DA:425,1
DA:426,13
DA:427,47
DA:428,0
DA:429,0
DA:431,0
DA:442,0
DA:446,0
DA:447,0
DA:448,0
DA:449,0
DA:450,0
DA:457,0
DA:458,0
DA:459,0
DA:465,0
DA:466,0
DA:467,0
DA:473,7
DA:474,7
DA:476,2
DA:477,42
DA:478,53
DA:479,34
DA:480,42
DA:488,0
DA:492,0
DA:494,0
DA:495,0
DA:498,0
DA:500,0
DA:501,0
DA:503,0
DA:509,0
DA:513,0
DA:515,0
DA:517,0
DA:524,0
DA:528,0
DA:529,0
DA:530,0
DA:531,0
DA:537,0
DA:540,0
DA:541,0
DA:542,0
DA:545,6
DA:546,11
DA:552,5
DA:556,3
DA:557,7
DA:558,42
DA:559,10
DA:560,54
DA:561,39
DA:562,21
DA:563,26
DA:569,7
DA:573,2
DA:574,7
DA:575,57
end_of_record

SF:/Users/markjonathas/Desktop/audits/guardian/pinto fuzzing/Pinto-fuzzing/contracts/libraries/Silo/LibTractorHelpers.sol
DA:12,25
DA:39,0
DA:42,0
DA:43,0
DA:44,0
DA:47,0
DA:50,0
DA:53,0
DA:54,0
DA:55,0
DA:56,0
DA:57,0
DA:60,0
DA:63,0
DA:64,0
DA:67,0
DA:68,0
DA:69,0
DA:70,0
DA:71,0
DA:77,0
DA:78,0
DA:82,0
DA:83,0
DA:84,0
DA:87,0
DA:90,0
DA:91,0
DA:92,0
DA:94,0
DA:95,0
DA:99,0
DA:100,0
DA:101,0
DA:104,0
DA:105,0
DA:106,0
DA:107,0
DA:108,0
DA:109,0
DA:113,0
DA:114,0
DA:115,0
DA:116,0
DA:124,0
DA:125,0
DA:129,0
DA:130,0
DA:131,0
DA:132,0
DA:133,0
DA:134,0
DA:135,0
DA:143,0
DA:144,0
DA:147,0
DA:148,0
DA:152,0
DA:153,0
DA:156,0
DA:157,0
DA:158,0
DA:161,0
DA:163,0
DA:167,0
DA:168,0
DA:169,0
DA:170,0
DA:173,0
DA:174,0
DA:175,0
DA:176,0
DA:177,0
DA:180,0
DA:189,0
DA:192,0
DA:194,0
DA:195,0
DA:198,0
DA:199,0
DA:200,0
DA:201,0
DA:202,0
DA:203,0
DA:205,0
DA:208,0
DA:210,0
DA:213,0
DA:214,0
DA:215,0
DA:216,0
DA:217,0
DA:218,0
DA:222,0
DA:227,0
DA:230,0
DA:233,0
DA:234,0
DA:235,0
DA:236,0
DA:237,0
DA:239,0
DA:242,0
DA:246,0
DA:249,0
DA:252,0
DA:253,0
DA:254,0
DA:255,0
DA:256,0
DA:258,0
DA:261,0
DA:265,0
end_of_record

SF:/Users/markjonathas/Desktop/audits/guardian/pinto fuzzing/Pinto-fuzzing/contracts/libraries/Silo/LibWhitelist.sol
DA:24,25
DA:106,0
DA:117,0
DA:118,0
DA:121,0
DA:122,0
DA:125,0
DA:128,0
DA:129,0
DA:130,0
DA:131,0
DA:134,0
DA:135,0
DA:136,0
DA:137,0
DA:140,0
DA:141,0
DA:146,0
DA:147,0
DA:148,0
DA:149,0
DA:150,0
DA:151,0
DA:152,0
DA:153,0
DA:154,0
DA:155,0
DA:157,0
DA:158,0
DA:159,0
DA:160,0
DA:161,0
DA:162,0
DA:163,0
DA:166,0
DA:167,0
DA:174,0
DA:180,0
DA:181,0
DA:182,0
DA:188,0
DA:191,0
DA:192,0
DA:194,0
DA:197,0
DA:200,0
DA:201,0
DA:204,0
DA:205,0
DA:206,0
DA:207,0
DA:209,0
DA:216,4
DA:219,1
DA:220,30
DA:221,23
DA:222,20
DA:228,4
DA:231,1
DA:233,6
DA:235,7
DA:236,120
DA:238,20
DA:244,0
DA:247,0
DA:248,0
DA:249,0
DA:252,0
DA:254,0
DA:256,0
DA:262,0
DA:265,0
DA:266,0
DA:267,0
DA:270,0
DA:272,0
DA:274,0
DA:281,0
DA:282,0
DA:284,0
DA:287,0
DA:288,0
DA:289,0
DA:290,0
DA:291,0
DA:292,0
DA:297,0
DA:300,0
DA:301,0
DA:304,0
DA:305,0
DA:306,0
DA:307,0
DA:310,0
DA:311,0
DA:313,0
DA:330,4
DA:333,2
DA:334,1
DA:335,1
DA:337,20
DA:338,69
DA:339,40
DA:341,18
DA:343,0
DA:344,0
DA:348,13
DA:351,70
DA:352,45
DA:353,4
DA:354,59
DA:355,1
DA:356,4
DA:360,14
DA:367,0
DA:369,0
DA:370,0
DA:371,0
DA:373,0
DA:374,0
DA:376,0
DA:383,0
DA:385,0
DA:387,0
DA:388,0
DA:390,0
DA:391,0
DA:401,0
DA:405,0
DA:406,0
DA:408,0
DA:409,0
DA:411,0
DA:414,0
DA:415,0
DA:416,0
DA:417,0
DA:418,0
DA:419,0
DA:420,0
DA:424,0
DA:425,0
DA:426,0
DA:427,0
DA:428,0
DA:429,0
DA:436,0
DA:437,0
DA:438,0
end_of_record

SF:/Users/markjonathas/Desktop/audits/guardian/pinto fuzzing/Pinto-fuzzing/contracts/libraries/Silo/LibWhitelistedTokens.sol
DA:20,25
DA:49,0
DA:50,0
DA:51,0
DA:53,0
DA:55,0
DA:56,0
DA:63,4
DA:64,7
DA:65,14
DA:66,1
DA:68,49
DA:70,19
DA:71,38
DA:72,67
DA:75,3
DA:76,3
DA:83,0
DA:84,0
DA:85,0
DA:86,0
DA:88,0
DA:90,0
DA:91,0
DA:95,0
DA:98,0
DA:99,0
DA:106,0
DA:107,0
DA:108,0
DA:109,0
DA:111,0
DA:113,0
DA:114,0
DA:115,0
DA:118,0
DA:119,0
DA:127,4
DA:128,7
DA:129,14
DA:130,1
DA:132,49
DA:134,19
DA:135,38
DA:136,67
DA:139,3
DA:140,3
DA:144,0
DA:145,0
DA:146,0
DA:147,0
DA:150,4
DA:151,7
DA:152,20
DA:153,44
DA:155,4
DA:161,0
DA:162,0
DA:163,0
DA:164,0
DA:166,0
DA:168,0
DA:169,0
DA:170,0
DA:171,0
DA:173,0
DA:176,0
DA:177,0
DA:184,0
DA:187,0
DA:188,0
DA:189,0
DA:190,0
DA:196,0
DA:198,0
DA:199,0
DA:200,0
DA:201,0
DA:207,7
DA:213,1
DA:214,7
DA:215,170
DA:216,42
DA:219,21
DA:220,1
DA:221,18
DA:222,1
DA:223,1
DA:224,1
DA:225,1
DA:232,0
DA:238,0
DA:239,0
DA:240,0
DA:242,0
DA:243,0
DA:244,0
DA:245,0
DA:247,0
DA:248,0
DA:249,0
DA:250,0
DA:251,0
DA:252,0
DA:253,0
DA:260,0
DA:261,0
DA:262,0
DA:263,0
DA:264,0
DA:265,0
DA:266,0
DA:267,0
DA:270,0
DA:279,0
DA:281,0
DA:282,0
DA:283,0
DA:285,0
DA:286,0
DA:289,0
DA:290,0
DA:291,0
DA:292,0
DA:295,0
DA:299,0
DA:301,0
DA:304,0
DA:308,0
DA:309,0
DA:310,0
DA:311,0
DA:312,0
DA:316,0
end_of_record

SF:/Users/markjonathas/Desktop/audits/guardian/pinto fuzzing/Pinto-fuzzing/contracts/libraries/Token/LibBalance.sol
DA:18,25
DA:34,0
DA:35,0
DA:42,7
DA:43,9
DA:44,14
DA:45,12
DA:53,8
DA:58,3
DA:59,9
DA:60,22
DA:61,10
DA:65,8
DA:68,11
DA:69,17
DA:79,6
DA:84,1
DA:85,7
DA:86,11
DA:87,57
DA:88,1
DA:90,57
DA:91,6
DA:93,44
DA:94,23
DA:100,6
DA:103,2
DA:104,7
DA:105,42
end_of_record

SF:/Users/markjonathas/Desktop/audits/guardian/pinto fuzzing/Pinto-fuzzing/contracts/libraries/Token/LibEth.sol
DA:14,25
DA:15,0
DA:16,0
DA:17,0
DA:18,0
end_of_record

SF:/Users/markjonathas/Desktop/audits/guardian/pinto fuzzing/Pinto-fuzzing/contracts/libraries/Token/LibTokenApprove.sol
DA:12,25
DA:20,0
DA:21,0
DA:22,0
DA:23,0
DA:26,0
DA:30,0
DA:31,0
DA:32,0
DA:35,0
DA:36,0
DA:37,0
DA:38,0
DA:39,0
end_of_record

SF:/Users/markjonathas/Desktop/audits/guardian/pinto fuzzing/Pinto-fuzzing/contracts/libraries/Token/LibTransfer.sol
DA:13,25
DA:37,0
DA:44,0
DA:45,0
DA:46,0
DA:47,0
DA:48,0
DA:50,0
DA:51,0
DA:52,0
DA:53,0
DA:56,9
DA:61,1
DA:62,6
DA:63,20
DA:64,6
DA:65,1
DA:66,1
DA:67,1
DA:68,18
DA:70,27
DA:72,69
DA:73,24
DA:74,89
DA:77,7
DA:78,6
DA:79,30
DA:80,15
DA:83,0
DA:88,0
DA:92,0
DA:93,0
DA:94,0
DA:96,0
DA:97,0
DA:101,0
DA:102,0
DA:103,0
DA:105,0
DA:106,0
end_of_record

SF:/Users/markjonathas/Desktop/audits/guardian/pinto fuzzing/Pinto-fuzzing/contracts/libraries/Token/LibWeth.sol
DA:15,25
DA:16,0
DA:18,0
DA:19,0
DA:20,0
DA:23,0
DA:24,0
DA:25,0
DA:26,0
DA:27,0
DA:30,0
DA:31,0
DA:34,0
DA:35,0
end_of_record

SF:/Users/markjonathas/Desktop/audits/guardian/pinto fuzzing/Pinto-fuzzing/contracts/libraries/Well/LibWell.sol
DA:27,25
DA:32,0
DA:34,0
DA:36,0
DA:38,0
DA:39,0
DA:46,0
DA:49,0
DA:50,0
DA:51,0
DA:52,0
DA:53,0
DA:54,0
DA:55,0
DA:58,0
DA:59,0
DA:60,0
DA:61,0
DA:64,0
DA:69,0
DA:70,0
DA:71,0
DA:72,0
DA:74,0
DA:77,0
DA:78,0
DA:80,0
DA:82,0
DA:83,0
DA:88,0
DA:94,0
DA:95,0
DA:96,0
DA:97,0
DA:98,0
DA:101,0
DA:107,7
DA:108,7
DA:109,15
DA:110,38
DA:111,3
DA:114,0
DA:120,0
DA:121,0
DA:122,0
DA:125,6
DA:126,66
DA:127,22
DA:135,6
DA:137,2
DA:138,7
DA:139,66
DA:140,18
DA:141,38
DA:142,25
DA:145,0
DA:152,0
DA:153,0
DA:154,0
DA:169,0
DA:172,0
DA:173,0
DA:174,0
DA:175,0
DA:176,0
DA:181,0
DA:182,0
DA:196,0
DA:197,0
DA:198,0
DA:199,0
DA:209,0
DA:210,0
DA:215,0
DA:216,0
DA:217,0
DA:218,0
DA:219,0
DA:224,0
DA:232,0
DA:233,0
DA:241,0
DA:242,0
DA:253,0
DA:254,0
DA:255,0
DA:266,0
DA:269,0
DA:270,0
DA:271,0
DA:274,0
DA:275,0
DA:277,0
DA:278,0
DA:281,0
DA:290,0
DA:291,0
DA:295,0
DA:296,0
DA:297,0
DA:300,0
DA:301,0
DA:309,0
DA:311,0
DA:312,0
DA:313,0
DA:314,0
DA:315,0
DA:323,0
DA:324,0
DA:325,0
DA:326,0
DA:333,0
DA:334,0
DA:337,0
DA:338,0
DA:339,0
DA:341,0
DA:342,0
DA:343,0
DA:345,0
DA:347,0
DA:348,0
DA:350,0
DA:362,0
DA:368,0
DA:370,0
DA:371,0
[...]
end_of_record

SF:/Users/markjonathas/Desktop/audits/guardian/pinto fuzzing/Pinto-fuzzing/node_modules/@openzeppelin/contracts/token/ERC721/IERC721Receiver.sol
end_of_record

SF:/Users/markjonathas/Desktop/audits/guardian/pinto fuzzing/Pinto-fuzzing/node_modules/@openzeppelin/contracts/token/ERC721/utils/ERC721Holder.sol
DA:21,0
DA:22,0
end_of_record

SF:/Users/markjonathas/Desktop/audits/guardian/pinto fuzzing/Pinto-fuzzing/node_modules/@openzeppelin/contracts/utils/Address.sol
DA:9,25
DA:70,7
DA:71,9
DA:83,8
DA:84,7
DA:85,0
DA:87,68
DA:88,11
DA:114,8
DA:118,1
DA:119,4
DA:120,0
DA:124,13
DA:125,0
DA:127,5
DA:146,0
DA:148,0
DA:152,0
DA:153,0
DA:156,0
end_of_record

SF:/Users/markjonathas/Desktop/audits/guardian/pinto fuzzing/Pinto-fuzzing/node_modules/@openzeppelin/contracts/utils/Context.sol
DA:17,8
DA:18,6
end_of_record

SF:/Users/markjonathas/Desktop/audits/guardian/pinto fuzzing/Pinto-fuzzing/node_modules/@openzeppelin/contracts/utils/Strings.sol
DA:12,25
DA:24,0
DA:26,0
DA:27,0
DA:28,0
DA:31,0
DA:33,0
DA:34,0
DA:37,0
DA:39,0
DA:40,0
DA:42,0
DA:49,0
DA:50,0
DA:65,0
DA:66,0
DA:67,0
DA:68,0
DA:69,0
DA:70,0
DA:71,0
DA:72,0
DA:74,0
DA:75,0
DA:77,0
end_of_record

SF:/Users/markjonathas/Desktop/audits/guardian/pinto fuzzing/Pinto-fuzzing/node_modules/@openzeppelin/contracts/utils/cryptography/ECDSA.sol
DA:12,25
DA:56,0
DA:57,0
DA:58,0
DA:59,0
DA:60,0
DA:65,0
DA:66,0
DA:67,0
DA:69,0
DA:71,0
DA:89,0
DA:90,0
DA:91,0
DA:92,0
DA:122,0
DA:127,0
DA:137,0
DA:138,0
DA:142,0
DA:143,0
DA:144,0
DA:147,0
DA:163,0
DA:164,0
DA:165,0
DA:166,0
DA:167,0
DA:168,0
DA:169,0
DA:170,0
DA:171,0
end_of_record

SF:/Users/markjonathas/Desktop/audits/guardian/pinto fuzzing/Pinto-fuzzing/node_modules/@openzeppelin/contracts/utils/cryptography/MessageHashUtils.sol
DA:15,25
end_of_record

SF:/Users/markjonathas/Desktop/audits/guardian/pinto fuzzing/Pinto-fuzzing/node_modules/@openzeppelin/contracts/utils/introspection/ERC165.sol
DA:24,0
DA:25,0
end_of_record

SF:/Users/markjonathas/Desktop/audits/guardian/pinto fuzzing/Pinto-fuzzing/node_modules/@openzeppelin/contracts/utils/introspection/IERC165.sol
end_of_record

SF:/Users/markjonathas/Desktop/audits/guardian/pinto fuzzing/Pinto-fuzzing/node_modules/@openzeppelin/contracts/utils/math/Math.sol
DA:9,25
DA:81,0
DA:82,0
DA:88,7
DA:89,13
DA:123,0
DA:128,0
DA:129,0
DA:130,0
DA:131,0
DA:132,0
DA:136,0
DA:140,0
DA:144,0
DA:145,0
DA:153,0
DA:156,0
DA:159,0
DA:160,0
DA:166,0
DA:169,0
DA:172,0
DA:175,0
DA:179,0
DA:184,0
DA:188,0
DA:189,0
DA:190,0
DA:191,0
DA:192,0
DA:193,0
DA:199,0
DA:200,0
DA:321,0
DA:322,0
DA:324,0
DA:325,0
DA:326,0
DA:328,0
DA:329,0
DA:330,0
DA:332,0
DA:333,0
DA:334,0
DA:336,0
DA:337,0
DA:338,0
DA:340,0
DA:341,0
DA:342,0
DA:344,0
DA:345,0
DA:346,0
DA:348,0
DA:349,0
DA:352,0
end_of_record

SF:/Users/markjonathas/Desktop/audits/guardian/pinto fuzzing/Pinto-fuzzing/node_modules/@openzeppelin/contracts/utils/math/SafeCast.sol
DA:19,25
DA:305,6
DA:306,9
DA:307,0
DA:309,3
DA:934,6
DA:935,3
DA:936,8
DA:937,0
DA:970,0
DA:971,0
DA:972,0
DA:973,0
DA:1096,0
DA:1097,0
DA:1098,0
DA:1099,0
DA:1146,6
DA:1148,7
DA:1149,0
DA:1151,3
end_of_record

SF:/Users/markjonathas/Desktop/audits/guardian/pinto fuzzing/Pinto-fuzzing/node_modules/@openzeppelin/contracts/utils/math/SignedMath.sol
DA:9,25
DA:37,0
DA:40,0
end_of_record

SF:/Users/markjonathas/Desktop/audits/guardian/pinto fuzzing/Pinto-fuzzing/node_modules/@prb/math/contracts/PRBMath.sol
DA:97,25
DA:344,0
DA:345,0
DA:346,0
DA:347,0
DA:349,0
DA:350,0
DA:351,0
DA:353,0
DA:354,0
DA:355,0
DA:357,0
DA:358,0
DA:359,0
DA:361,0
DA:362,0
DA:363,0
DA:365,0
DA:366,0
DA:367,0
DA:369,0
DA:370,0
DA:371,0
DA:373,0
DA:375,0
DA:394,0
DA:398,0
DA:402,0
DA:403,0
DA:404,0
DA:405,0
DA:406,0
DA:407,0
DA:411,0
DA:413,0
DA:415,0
DA:419,0
DA:420,0
DA:428,0
DA:431,0
DA:434,0
DA:435,0
DA:442,0
DA:445,0
DA:448,0
DA:451,0
DA:455,0
DA:460,0
DA:464,0
DA:465,0
DA:466,0
DA:467,0
DA:468,0
DA:469,0
DA:475,0
DA:476,0
end_of_record

SF:/Users/markjonathas/Desktop/audits/guardian/pinto fuzzing/Pinto-fuzzing/node_modules/@prb/math/contracts/PRBMathUD60x18.sol
DA:12,25
DA:14,0
DA:28,0
DA:366,0
DA:367,0
DA:368,0
DA:370,0
DA:372,0
DA:376,0
DA:379,0
DA:382,0
DA:383,0
DA:388,0
DA:389,0
DA:392,0
DA:394,0
DA:397,0
end_of_record

SF:/Users/markjonathas/Desktop/audits/guardian/pinto fuzzing/Pinto-fuzzing/node_modules/@uniswap/v3-core/contracts/interfaces/IUniswapV3Pool.sol
end_of_record

SF:/Users/markjonathas/Desktop/audits/guardian/pinto fuzzing/Pinto-fuzzing/node_modules/@uniswap/v3-core/contracts/interfaces/IUniswapV3PoolDeployer.sol
end_of_record

SF:/Users/markjonathas/Desktop/audits/guardian/pinto fuzzing/Pinto-fuzzing/node_modules/@uniswap/v3-core/contracts/interfaces/pool/IUniswapV3PoolActions.sol
end_of_record

SF:/Users/markjonathas/Desktop/audits/guardian/pinto fuzzing/Pinto-fuzzing/node_modules/@uniswap/v3-core/contracts/interfaces/pool/IUniswapV3PoolDerivedState.sol
end_of_record

SF:/Users/markjonathas/Desktop/audits/guardian/pinto fuzzing/Pinto-fuzzing/node_modules/@uniswap/v3-core/contracts/interfaces/pool/IUniswapV3PoolErrors.sol
end_of_record

SF:/Users/markjonathas/Desktop/audits/guardian/pinto fuzzing/Pinto-fuzzing/node_modules/@uniswap/v3-core/contracts/interfaces/pool/IUniswapV3PoolEvents.sol
end_of_record

SF:/Users/markjonathas/Desktop/audits/guardian/pinto fuzzing/Pinto-fuzzing/node_modules/@uniswap/v3-core/contracts/interfaces/pool/IUniswapV3PoolImmutables.sol
end_of_record

SF:/Users/markjonathas/Desktop/audits/guardian/pinto fuzzing/Pinto-fuzzing/node_modules/@uniswap/v3-core/contracts/interfaces/pool/IUniswapV3PoolOwnerActions.sol
end_of_record

SF:/Users/markjonathas/Desktop/audits/guardian/pinto fuzzing/Pinto-fuzzing/node_modules/@uniswap/v3-core/contracts/interfaces/pool/IUniswapV3PoolState.sol
end_of_record

SF:/Users/markjonathas/Desktop/audits/guardian/pinto fuzzing/Pinto-fuzzing/node_modules/@uniswap/v3-core/contracts/libraries/FullMath.sol
DA:7,25
DA:14,0
DA:18,0
DA:25,0
DA:26,0
DA:27,0
DA:28,0
DA:29,0
DA:30,0
DA:34,0
DA:35,0
DA:37,0
DA:39,0
DA:44,0
DA:52,0
DA:54,0
DA:58,0
DA:59,0
DA:65,0
DA:68,0
DA:73,0
DA:79,0
DA:81,0
DA:88,0
DA:92,0
DA:93,0
DA:94,0
DA:95,0
DA:96,0
DA:97,0
DA:105,0
DA:106,0
end_of_record

SF:/Users/markjonathas/Desktop/audits/guardian/pinto fuzzing/Pinto-fuzzing/node_modules/@uniswap/v3-core/contracts/libraries/Oracle.sol
DA:11,25
end_of_record

SF:/Users/markjonathas/Desktop/audits/guardian/pinto fuzzing/Pinto-fuzzing/node_modules/@uniswap/v3-core/contracts/libraries/SafeCast.sol
DA:6,25
end_of_record

SF:/Users/markjonathas/Desktop/audits/guardian/pinto fuzzing/Pinto-fuzzing/node_modules/@uniswap/v3-core/contracts/libraries/Tick.sol
DA:10,25
DA:43,6
DA:45,15
DA:46,15
DA:47,18
DA:48,16
end_of_record

SF:/Users/markjonathas/Desktop/audits/guardian/pinto fuzzing/Pinto-fuzzing/node_modules/@uniswap/v3-core/contracts/libraries/TickMath.sol
DA:7,25
DA:12,3
DA:14,4
DA:17,1
DA:19,1
DA:26,6
DA:27,2
DA:28,16
DA:29,8
DA:31,16
DA:32,1
DA:33,1
DA:34,8
DA:35,16
DA:36,8
DA:37,8
DA:38,8
DA:39,16
DA:40,16
DA:41,8
DA:42,16
DA:43,8
DA:44,8
DA:45,16
DA:46,16
DA:47,16
DA:48,16
DA:49,8
DA:50,8
DA:51,8
DA:52,8
DA:54,18
DA:59,26
DA:68,6
DA:69,7
DA:71,22
DA:72,9
DA:74,4
DA:75,1
DA:77,1
DA:78,5
DA:79,5
DA:80,5
DA:82,1
DA:83,5
DA:84,5
DA:85,5
DA:87,1
DA:88,5
DA:89,5
DA:90,5
DA:92,1
DA:93,5
DA:94,5
DA:95,5
DA:97,1
DA:98,5
DA:99,5
DA:100,5
DA:102,1
DA:103,5
DA:104,5
DA:105,5
DA:107,1
DA:108,5
DA:109,5
DA:110,5
DA:112,1
DA:113,3
DA:114,5
DA:117,16
DA:118,0
DA:120,9
DA:122,1
DA:123,7
DA:124,3
DA:125,7
DA:126,5
DA:128,1
DA:129,7
DA:130,3
DA:131,7
DA:132,5
DA:134,1
DA:135,7
DA:136,3
DA:137,7
DA:138,5
DA:140,1
DA:141,7
DA:142,3
DA:143,7
DA:144,5
DA:146,1
DA:147,7
DA:148,3
DA:149,7
DA:150,5
DA:152,1
DA:153,7
DA:154,3
DA:155,7
DA:156,5
DA:158,1
DA:159,7
DA:160,3
DA:161,7
DA:162,5
DA:164,1
DA:165,7
DA:166,3
DA:167,7
DA:168,5
DA:170,1
DA:171,7
DA:172,3
DA:173,7
DA:174,5
DA:176,1
DA:177,7
DA:178,3
DA:179,7
DA:180,5
DA:182,1
DA:183,7
DA:184,3
DA:185,7
DA:186,5
DA:188,1
DA:189,7
DA:190,3
DA:191,7
DA:192,5
DA:194,1
DA:195,7
DA:196,3
DA:197,7
DA:198,5
DA:200,1
DA:201,7
DA:202,3
DA:203,7
DA:206,6
DA:208,9
DA:209,9
DA:211,31
end_of_record

SF:/Users/markjonathas/Desktop/audits/guardian/pinto fuzzing/Pinto-fuzzing/test/foundry/fuzzing/Fuzz.sol
DA:6,3175
DA:8,8
end_of_record

SF:/Users/markjonathas/Desktop/audits/guardian/pinto fuzzing/Pinto-fuzzing/test/foundry/fuzzing/FuzzGuided.sol
DA:7,2415
DA:9,23
DA:10,6
DA:13,23
DA:14,6
DA:16,24
DA:17,7
DA:19,24
DA:20,7
DA:24,25
DA:25,8
end_of_record

SF:/Users/markjonathas/Desktop/audits/guardian/pinto fuzzing/Pinto-fuzzing/test/foundry/fuzzing/FuzzSetup.sol
DA:36,0
DA:38,34
DA:39,142
DA:41,2
DA:42,8
DA:43,8
DA:47,83
DA:48,44
DA:49,252
DA:50,57
DA:51,200
DA:52,343
DA:53,187
DA:54,70
DA:55,96
DA:56,44
DA:57,122
DA:58,31
DA:59,161
DA:60,31
DA:61,122
DA:62,837
DA:63,239
DA:64,174
DA:65,252
DA:66,44
DA:67,122
DA:68,83
DA:69,603
DA:70,70
DA:72,34
DA:73,1
DA:74,1
DA:75,1
DA:76,1
DA:81,5
DA:85,43
DA:86,43
DA:87,43
DA:88,43
DA:89,43
DA:92,43
DA:95,43
DA:98,43
DA:101,43
DA:102,43
DA:103,43
DA:104,43
DA:105,43
DA:106,43
DA:107,43
DA:108,43
DA:109,43
DA:112,43
DA:113,43
DA:114,43
DA:115,43
DA:116,43
DA:117,43
DA:120,43
DA:121,43
DA:122,43
DA:123,43
DA:124,43
DA:125,60
DA:127,11
DA:134,21
DA:135,21
DA:136,84
DA:137,84
DA:138,84
DA:139,84
DA:140,84
DA:142,132
DA:145,102
DA:146,33
DA:147,67
DA:149,50
DA:150,63
DA:153,8
DA:156,39
DA:157,39
DA:159,61
DA:160,63
DA:161,1
DA:162,11
DA:163,66
DA:167,43
DA:168,43
DA:169,43
DA:171,43
DA:173,60
DA:174,60
DA:176,43
DA:177,76
DA:178,49
DA:179,60
DA:180,72
DA:181,85
DA:182,73
DA:185,43
DA:188,29
DA:189,29
DA:190,29
DA:191,29
DA:194,8
DA:197,8
DA:199,43
DA:202,51
DA:203,51
DA:208,2
DA:210,61
DA:211,61
DA:212,61
DA:213,61
DA:214,61
DA:215,61
DA:216,61
DA:217,61
DA:218,61
DA:219,61
DA:220,61
DA:221,61
DA:222,61
DA:223,61
DA:224,61
DA:225,61
DA:226,61
DA:227,61
DA:228,61
DA:229,61
DA:230,61
DA:231,61
DA:232,61
DA:233,61
DA:234,61
DA:235,61
DA:236,61
DA:237,61
DA:238,61
DA:239,61
DA:240,61
DA:241,61
DA:242,61
DA:243,61
DA:244,61
DA:245,61
DA:246,61
DA:249,50
DA:250,50
DA:251,50
DA:252,50
DA:255,61
DA:256,61
DA:257,61
DA:258,61
DA:259,61
DA:260,61
DA:263,61
DA:264,61
DA:265,61
DA:266,61
DA:269,61
DA:270,61
DA:273,51
DA:274,51
DA:275,61
DA:276,51
DA:277,51
DA:279,61
DA:280,61
DA:285,6
DA:286,40
DA:287,55
DA:291,8
DA:292,25
DA:293,52
DA:295,1
DA:297,8
DA:298,0
DA:300,10
DA:302,62
DA:303,81
DA:308,10
DA:309,84
DA:310,3
DA:312,75
DA:313,85
DA:315,52
DA:316,52
DA:320,8
DA:321,1
DA:322,7
DA:323,0
DA:324,9
DA:325,3
DA:326,6
DA:327,3
DA:329,17
DA:334,2
DA:346,21
DA:357,21
DA:359,43
DA:370,21
DA:381,21
DA:385,6
DA:387,50
DA:389,3
DA:390,159
DA:392,3
DA:393,159
DA:396,50
DA:397,36
DA:398,36
DA:400,54
DA:401,39
DA:402,53
DA:403,22
DA:404,1
DA:405,17
DA:406,11
DA:407,32
DA:409,1
DA:412,1
DA:414,22
DA:415,21
DA:416,27
DA:417,1
DA:418,4
DA:419,5
DA:420,4
DA:424,32
DA:425,11
DA:426,5
DA:427,7
DA:428,8
DA:429,5
DA:430,4
DA:431,7
DA:432,1
DA:435,124
DA:436,11
DA:437,1
DA:438,46
DA:439,3
DA:444,18
DA:446,14
DA:461,4
DA:462,34
DA:463,11
DA:464,3
DA:465,3
DA:466,23
DA:469,61
DA:470,109
DA:472,4
DA:474,61
DA:475,50
DA:476,44
DA:477,3
DA:478,11
DA:479,31
DA:480,11
DA:481,13
DA:482,3
DA:483,49
DA:490,3
DA:492,61
DA:493,50
DA:494,37
DA:495,3
DA:499,61
DA:500,50
DA:501,44
DA:502,3
DA:503,1
DA:504,1
DA:508,43
DA:509,60
DA:511,72
DA:513,54
DA:514,53
DA:515,11
DA:516,3
DA:517,1
DA:518,21
DA:520,53
DA:521,11
DA:522,3
DA:523,1
DA:524,23
DA:527,61
DA:528,50
DA:529,43
DA:530,3
DA:531,1
DA:539,4
DA:540,53
DA:542,141
DA:543,11
DA:544,1
DA:545,1
DA:549,141
DA:550,11
DA:551,1
DA:552,1
DA:556,141
DA:557,11
DA:558,1
DA:559,1
DA:562,141
DA:563,11
DA:564,1
DA:565,1
DA:568,141
DA:569,11
DA:570,1
DA:571,1
DA:574,141
DA:575,11
DA:576,1
DA:577,1
DA:580,141
DA:581,11
DA:582,1
DA:583,1
DA:586,141
DA:587,11
DA:588,1
DA:589,1
DA:592,141
DA:593,11
DA:594,1
DA:595,1
DA:598,141
DA:599,11
DA:600,1
DA:601,1
DA:604,141
DA:605,11
DA:606,1
DA:607,1
DA:610,141
DA:611,11
DA:612,1
DA:613,1
DA:616,141
DA:617,11
DA:618,1
DA:619,1
DA:622,141
DA:623,11
DA:624,1
DA:625,1
DA:628,141
DA:629,11
DA:630,1
DA:631,1
DA:634,141
DA:635,11
DA:636,1
DA:637,1
DA:640,141
DA:641,11
DA:642,1
DA:643,1
DA:646,141
DA:647,11
DA:648,1
DA:649,1
DA:652,141
DA:653,11
DA:654,1
DA:655,1
DA:658,141
DA:659,11
DA:660,1
DA:661,1
DA:664,141
DA:665,11
DA:666,1
DA:667,1
DA:670,141
DA:671,11
DA:672,1
DA:673,1
DA:676,141
DA:677,11
DA:678,1
DA:679,1
DA:682,141
DA:683,11
DA:684,1
DA:685,1
end_of_record

SF:/Users/markjonathas/Desktop/audits/guardian/pinto fuzzing/Pinto-fuzzing/test/foundry/fuzzing/fuzz_calls/farm/FuzzDepotFacet.sol
DA:7,0
DA:9,8
end_of_record

SF:/Users/markjonathas/Desktop/audits/guardian/pinto fuzzing/Pinto-fuzzing/test/foundry/fuzzing/fuzz_calls/silo/FuzzSiloFacet.sol
DA:7,0
DA:9,29
DA:11,29
DA:12,67
DA:13,155
DA:14,84
DA:16,50
DA:17,36
DA:19,4
DA:20,5
DA:22,50
DA:23,74
DA:26,20
DA:28,7
DA:32,32
DA:34,29
DA:35,67
DA:36,155
DA:37,84
DA:39,50
DA:40,36
DA:42,4
DA:43,5
DA:45,50
DA:46,74
DA:48,20
DA:50,4
DA:51,4
DA:54,24
DA:56,30
DA:58,7
DA:62,33
DA:64,29
DA:65,67
DA:66,155
DA:67,155
DA:68,84
DA:70,50
DA:71,36
DA:73,4
DA:74,5
DA:76,50
DA:77,81
DA:79,13
DA:81,90
DA:83,7
DA:87,35
DA:89,29
DA:90,155
DA:91,84
DA:92,84
DA:95,29
DA:96,20
DA:97,42
DA:100,50
DA:101,36
DA:102,26
DA:104,4
DA:105,5
DA:107,50
DA:108,74
DA:111,20
DA:112,4
DA:113,4
DA:115,24
DA:118,29
DA:120,7
DA:125,36
DA:127,29
DA:128,155
DA:129,155
DA:130,84
DA:133,29
DA:134,20
DA:135,42
DA:138,50
DA:139,36
DA:140,26
DA:142,4
DA:143,5
DA:145,50
DA:146,81
DA:148,13
DA:150,50
DA:151,36
DA:152,36
DA:155,95
DA:157,7
end_of_record

SF:/Users/markjonathas/Desktop/audits/guardian/pinto fuzzing/Pinto-fuzzing/test/foundry/fuzzing/helpers/BeforeAfter.sol
DA:6,0
DA:8,3
DA:12,3
end_of_record

SF:/Users/markjonathas/Desktop/audits/guardian/pinto fuzzing/Pinto-fuzzing/test/foundry/fuzzing/helpers/FuzzStorageVariables.sol
DA:97,0
DA:120,21
DA:122,11
DA:123,20
DA:124,3
DA:131,1
DA:132,0
end_of_record

SF:/Users/markjonathas/Desktop/audits/guardian/pinto fuzzing/Pinto-fuzzing/test/foundry/fuzzing/helpers/postconditions/PostconditionsBase.sol
DA:6,0
DA:11,3
DA:15,1
DA:16,4
end_of_record

SF:/Users/markjonathas/Desktop/audits/guardian/pinto fuzzing/Pinto-fuzzing/test/foundry/fuzzing/helpers/postconditions/farm/PostconditionsDepotFacet.sol
DA:6,0
end_of_record

SF:/Users/markjonathas/Desktop/audits/guardian/pinto fuzzing/Pinto-fuzzing/test/foundry/fuzzing/helpers/postconditions/silo/PostconditionsSiloFacet.sol
DA:6,0
DA:8,5
DA:10,8
DA:11,5
DA:13,5
DA:15,4
end_of_record

SF:/Users/markjonathas/Desktop/audits/guardian/pinto fuzzing/Pinto-fuzzing/test/foundry/fuzzing/helpers/preconditions/PreconditionsBase.sol
DA:6,0
DA:10,160
DA:11,90
DA:12,230
DA:13,1000
DA:15,190
DA:18,360
DA:19,220
DA:21,90
DA:22,0
DA:24,60
DA:27,270
DA:73,7
DA:74,46
DA:77,6
DA:78,53
DA:79,22
DA:80,36
DA:81,15
DA:82,24
DA:83,35
DA:84,42
DA:86,4
DA:89,7
DA:90,26
DA:91,0
end_of_record

SF:/Users/markjonathas/Desktop/audits/guardian/pinto fuzzing/Pinto-fuzzing/test/foundry/fuzzing/helpers/preconditions/farm/PreconditionsDepotFacet.sol
DA:6,0
end_of_record

SF:/Users/markjonathas/Desktop/audits/guardian/pinto fuzzing/Pinto-fuzzing/test/foundry/fuzzing/helpers/preconditions/silo/PreconditionsSiloFacet.sol
DA:7,0
DA:9,2
DA:10,61
DA:11,90
DA:14,17
DA:15,17
DA:19,8
DA:21,122
DA:23,4
DA:24,0
DA:27,19
DA:29,50
DA:30,64
DA:31,50
DA:32,70
DA:34,80
DA:37,80
DA:40,15
DA:41,49
DA:42,49
DA:44,1
DA:47,20
DA:48,4
DA:49,0
DA:51,22
DA:53,26
DA:54,20
DA:57,22
DA:58,4
DA:59,0
DA:61,25
DA:63,26
DA:64,20
end_of_record

SF:/Users/markjonathas/Desktop/audits/guardian/pinto fuzzing/Pinto-fuzzing/test/foundry/fuzzing/interfaces/ICP2.sol
end_of_record

SF:/Users/markjonathas/Desktop/audits/guardian/pinto fuzzing/Pinto-fuzzing/test/foundry/fuzzing/interfaces/IMultiFlowPump.sol
end_of_record

SF:/Users/markjonathas/Desktop/audits/guardian/pinto fuzzing/Pinto-fuzzing/test/foundry/fuzzing/interfaces/IWellImpl.sol
end_of_record

SF:/Users/markjonathas/Desktop/audits/guardian/pinto fuzzing/Pinto-fuzzing/test/foundry/fuzzing/mocks/MockInitDiamondFuzz.sol
DA:22,41
DA:24,1
DA:25,1
DA:26,2
DA:33,24
DA:34,21
DA:35,21
DA:37,4
DA:42,16
DA:45,15
DA:51,3
DA:53,548
DA:54,3
DA:57,17
DA:58,1
DA:59,1
DA:60,1
DA:63,31
DA:64,1
DA:65,3
DA:66,3
DA:67,32
DA:69,31
DA:70,1
DA:71,3
DA:72,3
DA:73,32
DA:78,6
DA:79,11
DA:80,6
DA:84,4
DA:85,1
DA:86,1
DA:87,1
DA:88,1
DA:89,1
DA:92,27
DA:93,44
DA:94,44
end_of_record

SF:/Users/markjonathas/Desktop/audits/guardian/pinto fuzzing/Pinto-fuzzing/test/foundry/fuzzing/properties/Properties.sol
DA:5,0
end_of_record

SF:/Users/markjonathas/Desktop/audits/guardian/pinto fuzzing/Pinto-fuzzing/test/foundry/fuzzing/properties/PropertiesBase.sol
DA:14,0
end_of_record

SF:/Users/markjonathas/Desktop/audits/guardian/pinto fuzzing/Pinto-fuzzing/test/foundry/fuzzing/properties/PropertiesDescriptions.sol
DA:5,0
end_of_record

SF:/Users/markjonathas/Desktop/audits/guardian/pinto fuzzing/Pinto-fuzzing/test/foundry/fuzzing/properties/Properties_ERR.sol
DA:13,0
DA:14,0
DA:15,0
DA:16,0
DA:17,0
DA:18,0
DA:21,0
DA:32,0
DA:33,0
DA:35,0
DA:38,7
DA:39,51
DA:40,18
DA:41,18
DA:42,18
DA:43,18
DA:44,18
DA:45,18
DA:46,18
DA:47,18
DA:48,18
DA:50,20
DA:51,32
DA:52,0
DA:55,4
end_of_record

SF:/Users/markjonathas/Desktop/audits/guardian/pinto fuzzing/Pinto-fuzzing/test/foundry/fuzzing/properties/RevertHandler.sol
DA:8,1
DA:10,7
DA:11,0
DA:12,0
DA:14,0
DA:17,0
DA:20,1
DA:22,6
DA:26,12
DA:27,0
DA:28,0
DA:32,11
DA:33,4
DA:34,0
DA:38,0
DA:98,7
DA:99,3
DA:100,43
DA:102,51
DA:103,19
DA:105,20
DA:106,32
DA:107,0
DA:110,5
DA:113,0
DA:114,0
DA:115,0
DA:116,0
DA:118,0
DA:119,0
DA:120,0
DA:121,0
DA:125,0
DA:126,0
DA:127,0
DA:131,1
DA:132,8
DA:133,61
DA:135,9
DA:136,0
DA:137,0
DA:140,9
DA:141,0
DA:142,0
DA:145,3
DA:146,66
DA:150,0
DA:151,0
DA:153,0
DA:156,0
DA:157,0
DA:160,0
DA:161,0
DA:162,0
DA:163,0
DA:164,0
DA:167,0
DA:169,0
DA:171,0
DA:174,7
DA:176,8
DA:177,0
DA:181,74
DA:182,4
DA:184,0
DA:189,39
DA:191,61
DA:192,23
DA:193,47
DA:195,18
end_of_record

SF:/Users/markjonathas/Desktop/audits/guardian/pinto fuzzing/Pinto-fuzzing/test/foundry/fuzzing/utils/FunctionCalls.sol
DA:7,0
DA:784,10
DA:785,61
DA:786,8
DA:787,120
DA:790,11
DA:791,61
DA:792,8
DA:793,101
DA:796,47
DA:798,61
DA:799,8
DA:800,130
DA:803,12
DA:805,61
DA:806,8
DA:807,124
DA:810,48
DA:812,61
DA:813,8
DA:814,128
DA:825,49
DA:827,61
DA:828,8
DA:829,130
end_of_record

SF:/Users/markjonathas/Desktop/audits/guardian/pinto fuzzing/Pinto-fuzzing/test/foundry/fuzzing/utils/FuzzActors.sol
DA:7,0
DA:10,2
DA:11,2
DA:12,2
DA:13,14
DA:15,42
end_of_record

SF:/Users/markjonathas/Desktop/audits/guardian/pinto fuzzing/Pinto-fuzzing/test/foundry/fuzzing/utils/FuzzConstants.sol
DA:4,0
DA:9,43
DA:11,43
DA:13,43
DA:15,43
DA:17,43
DA:19,43
DA:21,43
DA:23,43
DA:25,43
DA:32,0
DA:34,0
DA:36,0
DA:37,0
end_of_record

SF:/Users/markjonathas/Desktop/audits/guardian/pinto fuzzing/Pinto-fuzzing/test/foundry/utils/BasinDeployer.sol
DA:18,0
DA:52,0
DA:54,0
DA:55,0
DA:56,0
DA:57,0
end_of_record

SF:/Users/markjonathas/Desktop/audits/guardian/pinto fuzzing/Pinto-fuzzing/test/foundry/utils/BeanstalkDeployer.sol
DA:35,0
DA:37,0
DA:58,0
DA:717,0
DA:718,0
end_of_record

SF:/Users/markjonathas/Desktop/audits/guardian/pinto fuzzing/Pinto-fuzzing/test/foundry/utils/DepotDeployer.sol
DA:13,0
end_of_record

SF:/Users/markjonathas/Desktop/audits/guardian/pinto fuzzing/Pinto-fuzzing/test/foundry/utils/OracleDeployer.sol
DA:25,0
DA:28,0
DA:31,0
DA:34,0
DA:37,0
DA:40,0
DA:48,0
DA:57,0
DA:58,0
DA:59,0
DA:60,0
DA:61,0
DA:66,0
DA:73,0
DA:79,0
end_of_record

SF:/Users/markjonathas/Desktop/audits/guardian/pinto fuzzing/Pinto-fuzzing/test/foundry/utils/ShipmentDeployer.sol
DA:25,0
end_of_record

SF:/Users/markjonathas/Desktop/audits/guardian/pinto fuzzing/Pinto-fuzzing/test/foundry/utils/Utils.sol
DA:14,0
DA:27,0
DA:28,0
DA:32,0
DA:45,0
DA:57,0
DA:59,0
DA:60,0
DA:61,0
DA:65,0
DA:66,0
DA:67,0
DA:69,0
DA:71,0
DA:74,0
DA:76,0
DA:77,0
DA:78,0
DA:80,0
DA:84,0
DA:85,0
DA:88,0
DA:89,0
end_of_record

